2024-11-20 18:59:17,913 [INFO] Activator:176 - 


2024-11-20 18:59:17,914 [INFO] Activator:177 - !SESSION log4j initialized
2024-11-20 18:59:19,201 [ERROR] LogOutputStream:75 - [STDERR_REDIRECT] 
2024-11-20 18:59:21,276 [INFO] LogOutputStream:77 - [STDOUT_REDIRECT] 
2024-11-20 18:59:23,007 [ERROR] LogOutputStream:75 - [STDERR_REDIRECT] [Fatal Error] :2:10: DOCTYPE is disallowed when the feature "http://apache.org/xml/features/disallow-doctype-decl" set to true.
2024-11-20 18:59:23,007 [ERROR] LogOutputStream:75 - [STDERR_REDIRECT] 
2024-11-20 18:59:23,351 [INFO] ApplicationProperties:184 - Using Application install path: /Applications/STM32CubeIDE.app/Contents/Eclipse/plugins/com.st.stm32cube.common.mx_6.12.1.202409122256
2024-11-20 18:59:23,363 [INFO] DbMcusXml:78 - Set database path to: /Applications/STM32CubeIDE.app/Contents/Eclipse/plugins/com.st.stm32cube.common.mx_6.12.1.202409122256//db//mcu/
2024-11-20 18:59:23,363 [INFO] ApiDb:274 - Set plugin database path to: /Applications/STM32CubeIDE.app/Contents/Eclipse/plugins/com.st.stm32cube.common.mx_6.12.1.202409122256//db//plugins/boardmanager/
2024-11-20 18:59:23,363 [WARN] ApiDb:259 - Overriding images path with different value:  => /Applications/STM32CubeIDE.app/Contents/Eclipse/plugins/com.st.stm32cube.common.mx_6.12.1.202409122256//db//plugins/mcufinder/images/
2024-11-20 18:59:23,369 [INFO] ApiDb:250 - Set database path to: /Users/m/.stmcufinder/plugins/mcufinder//mcu/
2024-11-20 18:59:23,370 [INFO] DbMcusAds:125 - Set database path to: /Users/m/.stmcufinder/plugins/mcufinder//mcu/
2024-11-20 18:59:23,371 [INFO] CrossReferenceDbSqlite:203 - Set database path to: /Users/m/.stmcufinder/plugins/mcufinder//mcu/cs/
2024-11-20 18:59:23,472 [INFO] RulesReader:64 - Compatibility file has been processed (297 Rules)
2024-11-20 18:59:23,521 [INFO] DbMcusXml:78 - Set database path to: /Applications/STM32CubeIDE.app/Contents/Eclipse/plugins/com.st.stm32cube.common.mx_6.12.1.202409122256//db//mcu/
2024-11-20 18:59:23,521 [INFO] ApiDb:274 - Set plugin database path to: /Applications/STM32CubeIDE.app/Contents/Eclipse/plugins/com.st.stm32cube.common.mx_6.12.1.202409122256//db//plugins/boardmanager/
2024-11-20 18:59:23,522 [INFO] ApiDb:261 - Set plugin images path to: /Applications/STM32CubeIDE.app/Contents/Eclipse/plugins/com.st.stm32cube.common.mx_6.12.1.202409122256//db//plugins/mcufinder/images/
2024-11-20 18:59:23,522 [WARN] DbFile:41 - Overriding database path with different value: /Users/m/.stmcufinder/plugins/mcufinder/ => /Users/m/.stmcufinder/plugins/mcufinder
2024-11-20 18:59:23,522 [INFO] ApiDb:250 - Set database path to: /Users/m/.stmcufinder/plugins/mcufinder//mcu/
2024-11-20 18:59:23,522 [WARN] DbFile:41 - Overriding database path with different value: /Users/m/.stmcufinder/plugins/mcufinder/ => /Users/m/.stmcufinder/plugins/mcufinder
2024-11-20 18:59:23,522 [INFO] DbMcusAds:125 - Set database path to: /Users/m/.stmcufinder/plugins/mcufinder//mcu/
2024-11-20 18:59:23,522 [WARN] DbFile:41 - Overriding database path with different value: /Users/m/.stmcufinder/plugins/mcufinder/ => /Users/m/.stmcufinder/plugins/mcufinder
2024-11-20 18:59:23,522 [WARN] DbFile:41 - Overriding database path with different value: /Users/m/.stmcufinder/plugins/mcufinder/ => /Users/m/.stmcufinder/plugins/mcufinder
2024-11-20 18:59:23,522 [INFO] CrossReferenceDbSqlite:203 - Set database path to: /Users/m/.stmcufinder/plugins/mcufinder//mcu/cs/
2024-11-20 18:59:23,582 [INFO] MainPanel:268 - HeapMemory: 276824064
2024-11-20 18:59:24,099 [INFO] DbMcusXml:78 - Set database path to: /Applications/STM32CubeIDE.app/Contents/Eclipse/plugins/com.st.stm32cube.common.mx_6.12.1.202409122256//db//mcu/
2024-11-20 18:59:24,100 [INFO] ApiDb:274 - Set plugin database path to: /Applications/STM32CubeIDE.app/Contents/Eclipse/plugins/com.st.stm32cube.common.mx_6.12.1.202409122256//db//plugins/boardmanager/
2024-11-20 18:59:24,100 [INFO] ApiDb:261 - Set plugin images path to: /Applications/STM32CubeIDE.app/Contents/Eclipse/plugins/com.st.stm32cube.common.mx_6.12.1.202409122256//db//plugins/mcufinder/images/
2024-11-20 18:59:24,100 [WARN] DbFile:41 - Overriding database path with different value: /Users/m/.stmcufinder/plugins/mcufinder/ => /Users/m/.stmcufinder/plugins/mcufinder
2024-11-20 18:59:24,100 [INFO] ApiDb:250 - Set database path to: /Users/m/.stmcufinder/plugins/mcufinder//mcu/
2024-11-20 18:59:24,100 [WARN] DbFile:41 - Overriding database path with different value: /Users/m/.stmcufinder/plugins/mcufinder/ => /Users/m/.stmcufinder/plugins/mcufinder
2024-11-20 18:59:24,100 [INFO] DbMcusAds:125 - Set database path to: /Users/m/.stmcufinder/plugins/mcufinder//mcu/
2024-11-20 18:59:24,101 [WARN] DbFile:41 - Overriding database path with different value: /Users/m/.stmcufinder/plugins/mcufinder/ => /Users/m/.stmcufinder/plugins/mcufinder
2024-11-20 18:59:24,101 [WARN] DbFile:41 - Overriding database path with different value: /Users/m/.stmcufinder/plugins/mcufinder/ => /Users/m/.stmcufinder/plugins/mcufinder
2024-11-20 18:59:24,101 [INFO] CrossReferenceDbSqlite:203 - Set database path to: /Users/m/.stmcufinder/plugins/mcufinder//mcu/cs/
2024-11-20 18:59:24,121 [INFO] ApplicationProperties:184 - Using Application install path: /Applications/STM32CubeIDE.app/Contents/Eclipse/plugins/com.st.stm32cube.common.mx_6.12.1.202409122256
2024-11-20 18:59:24,122 [INFO] PluginManage:196 - Search for loadable plugins [exclusion list=, ]
2024-11-20 18:59:24,123 [INFO] PluginManage:310 - Check plugin analytics
2024-11-20 18:59:24,525 [INFO] AnalyticsPlugin:253 - Accepted Software Licenses: STM32CubeMX.6.12.1
2024-11-20 18:59:24,528 [INFO] AnalyticsPlugin:255 - Accepted CMSIS Pack Licenses: 
2024-11-20 18:59:24,528 [INFO] AnalyticsPlugin:257 - Accepted Firmware Licenses: FW.F4.1.28.0,FW.F4.1.27.0
2024-11-20 18:59:24,551 [INFO] PluginManage:359 - Loaded plugin analytics (category:tool,tabindex:-1)
2024-11-20 18:59:24,553 [INFO] PluginManage:310 - Check plugin cadmodel
2024-11-20 18:59:24,567 [INFO] CADModel:105 - Init CAD model plugin
2024-11-20 18:59:24,567 [INFO] PluginManage:359 - Loaded plugin cadmodel (category:power,tabindex:5)
2024-11-20 18:59:24,568 [INFO] PluginManage:310 - Check plugin clock
2024-11-20 18:59:24,577 [INFO] PluginManage:359 - Loaded plugin clock (category:base,tabindex:2)
2024-11-20 18:59:24,577 [INFO] PluginManage:310 - Check plugin ddr
2024-11-20 18:59:24,578 [INFO] PluginManage:359 - Loaded plugin ddr (category:tool,tabindex:6)
2024-11-20 18:59:24,578 [INFO] PluginManage:310 - Check plugin filemanager
2024-11-20 18:59:24,708 [INFO] PluginManage:359 - Loaded plugin filemanager (category:base,tabindex:10)
2024-11-20 18:59:24,709 [INFO] PluginManage:310 - Check plugin ipmanager
2024-11-20 18:59:24,715 [INFO] PluginManage:359 - Loaded plugin ipmanager (category:base,tabindex:5)
2024-11-20 18:59:24,715 [INFO] PluginManage:310 - Check plugin lpbam
2024-11-20 18:59:24,722 [INFO] PluginManage:359 - Loaded plugin lpbam (category:base,tabindex:0)
2024-11-20 18:59:24,722 [INFO] PluginManage:310 - Check plugin memorymap
2024-11-20 18:59:24,730 [INFO] PluginManage:359 - Loaded plugin memorymap (category:base,tabindex:4)
2024-11-20 18:59:24,730 [INFO] PluginManage:310 - Check plugin pinoutandconfiguration
2024-11-20 18:59:24,734 [INFO] PluginManage:359 - Loaded plugin pinoutandconfiguration (category:base,tabindex:1)
2024-11-20 18:59:24,734 [INFO] PluginManage:310 - Check plugin pinoutconfig
2024-11-20 18:59:24,796 [WARN] SupportedApi:132 - Cannot load RTOS API schema: s4s-elt-must-match.1: The content of 'definitions' must match (annotation?, (simpleType | complexType)?, (unique | key | keyref)*)). A problem was found starting at: attribute.
2024-11-20 18:59:24,914 [INFO] PluginManage:359 - Loaded plugin pinoutconfig (category:base,tabindex:0)
2024-11-20 18:59:24,915 [INFO] PluginManage:310 - Check plugin power
2024-11-20 18:59:24,925 [INFO] PluginManage:359 - Loaded plugin power (category:power,tabindex:4)
2024-11-20 18:59:24,925 [INFO] PluginManage:310 - Check plugin projectmanager
2024-11-20 18:59:24,951 [INFO] PluginManage:359 - Loaded plugin projectmanager (category:projectmanager,tabindex:4)
2024-11-20 18:59:24,951 [INFO] PluginManage:310 - Check plugin rif
2024-11-20 18:59:24,957 [INFO] PluginManage:359 - Loaded plugin rif (category:base,tabindex:3)
2024-11-20 18:59:24,957 [INFO] PluginManage:310 - Check plugin thirdparty
2024-11-20 18:59:25,134 [INFO] PluginManage:359 - Loaded plugin thirdparty (category:base,tabindex:-1)
2024-11-20 18:59:25,136 [INFO] PluginManage:310 - Check plugin tools
2024-11-20 18:59:25,134 [WARN] IntegrityCheckThread:84 - waiting for thirdparty lock release [integrity check]
2024-11-20 18:59:25,137 [INFO] IntegrityCheckThread:86 - entering critical section [integrity check]
2024-11-20 18:59:25,140 [INFO] ThirdPartyUpdaterWithRetryManager:70 - Updater plugin not ready yet. [1/15]
2024-11-20 18:59:25,143 [INFO] PluginManage:359 - Loaded plugin tools (category:base,tabindex:7)
2024-11-20 18:59:25,143 [INFO] PluginManage:310 - Check plugin tutovideos
2024-11-20 18:59:25,316 [INFO] PluginManage:359 - Loaded plugin tutovideos (category:base,tabindex:-1)
2024-11-20 18:59:25,317 [INFO] PluginManage:310 - Check plugin updater
2024-11-20 18:59:25,344 [INFO] PluginManage:359 - Loaded plugin updater (category:base,tabindex:12)
2024-11-20 18:59:25,344 [INFO] PluginManage:310 - Check plugin userauth
2024-11-20 18:59:25,349 [INFO] UserAuth:113 - Init User Auth plugin
2024-11-20 18:59:25,349 [INFO] PluginManage:359 - Loaded plugin userauth (category:base,tabindex:14)
2024-11-20 18:59:25,351 [INFO] PluginManage:283 - PluginManage : Loaded plugins [18]
2024-11-20 18:59:25,572 [INFO] PinOutPanel:1561 - setPackage(No Configuration,No Configuration)
2024-11-20 18:59:25,630 [INFO] CADModel:165 - CPN selected for project level
2024-11-20 18:59:25,630 [INFO] CADModel:114 - Register for checkConnection events
2024-11-20 18:59:25,639 [INFO] IPUIPlugin:80 - create IPUIPlugin
2024-11-20 18:59:25,639 [INFO] PluginManager:220 - loadIPPluginJar : add mdma
2024-11-20 18:59:25,643 [INFO] IPUIPlugin:80 - create IPUIPlugin
2024-11-20 18:59:25,644 [INFO] PluginManager:220 - loadIPPluginJar : add freertos
2024-11-20 18:59:25,646 [INFO] IPUIPlugin:80 - create IPUIPlugin
2024-11-20 18:59:25,646 [INFO] PluginManager:220 - loadIPPluginJar : add gic
2024-11-20 18:59:25,651 [INFO] IPUIPlugin:80 - create IPUIPlugin
2024-11-20 18:59:25,651 [INFO] PluginManager:220 - loadIPPluginJar : add adc
2024-11-20 18:59:25,652 [INFO] IPUIPlugin:80 - create IPUIPlugin
2024-11-20 18:59:25,652 [INFO] PluginManager:220 - loadIPPluginJar : add gtzc
2024-11-20 18:59:25,653 [INFO] IPUIPlugin:80 - create IPUIPlugin
2024-11-20 18:59:25,653 [INFO] PluginManager:220 - loadIPPluginJar : add quadspi
2024-11-20 18:59:25,654 [INFO] IPUIPlugin:80 - create IPUIPlugin
2024-11-20 18:59:25,654 [INFO] PluginManager:220 - loadIPPluginJar : add aes
2024-11-20 18:59:25,655 [INFO] IPUIPlugin:80 - create IPUIPlugin
2024-11-20 18:59:25,655 [INFO] PluginManager:220 - loadIPPluginJar : add pdm2pcm
2024-11-20 18:59:25,656 [INFO] IPUIPlugin:80 - create IPUIPlugin
2024-11-20 18:59:25,656 [INFO] PluginManager:220 - loadIPPluginJar : add hash
2024-11-20 18:59:25,657 [INFO] IPUIPlugin:80 - create IPUIPlugin
2024-11-20 18:59:25,657 [INFO] PluginManager:220 - loadIPPluginJar : add tim
2024-11-20 18:59:25,658 [INFO] IPUIPlugin:80 - create IPUIPlugin
2024-11-20 18:59:25,658 [INFO] PluginManager:220 - loadIPPluginJar : add tsc
2024-11-20 18:59:25,659 [INFO] IPUIPlugin:80 - create IPUIPlugin
2024-11-20 18:59:25,659 [INFO] PluginManager:220 - loadIPPluginJar : add extmemmanager
2024-11-20 18:59:25,662 [INFO] IPUIPlugin:80 - create IPUIPlugin
2024-11-20 18:59:25,662 [INFO] PluginManager:220 - loadIPPluginJar : add ts
2024-11-20 18:59:25,663 [INFO] IPUIPlugin:80 - create IPUIPlugin
2024-11-20 18:59:25,663 [INFO] PluginManager:220 - loadIPPluginJar : add radio
2024-11-20 18:59:25,664 [INFO] IPUIPlugin:80 - create IPUIPlugin
2024-11-20 18:59:25,664 [INFO] PluginManager:220 - loadIPPluginJar : add can
2024-11-20 18:59:25,666 [INFO] IPUIPlugin:80 - create IPUIPlugin
2024-11-20 18:59:25,666 [INFO] PluginManager:220 - loadIPPluginJar : add dma3
2024-11-20 18:59:25,667 [INFO] IPUIPlugin:80 - create IPUIPlugin
2024-11-20 18:59:25,667 [INFO] PluginManager:220 - loadIPPluginJar : add dfsdm
2024-11-20 18:59:25,668 [INFO] IPUIPlugin:80 - create IPUIPlugin
2024-11-20 18:59:25,668 [INFO] PluginManager:220 - loadIPPluginJar : add spi
2024-11-20 18:59:25,669 [INFO] IPUIPlugin:80 - create IPUIPlugin
2024-11-20 18:59:25,669 [INFO] PluginManager:220 - loadIPPluginJar : add gfxmmu
2024-11-20 18:59:25,670 [INFO] IPUIPlugin:80 - create IPUIPlugin
2024-11-20 18:59:25,670 [INFO] PluginManager:220 - loadIPPluginJar : add genericplugin
2024-11-20 18:59:25,671 [INFO] IPUIPlugin:80 - create IPUIPlugin
2024-11-20 18:59:25,671 [INFO] PluginManager:220 - loadIPPluginJar : add cryp
2024-11-20 18:59:25,674 [INFO] IPUIPlugin:80 - create IPUIPlugin
2024-11-20 18:59:25,674 [INFO] PluginManager:220 - loadIPPluginJar : add gpio
2024-11-20 18:59:25,675 [INFO] IPUIPlugin:80 - create IPUIPlugin
2024-11-20 18:59:25,675 [INFO] PluginManager:220 - loadIPPluginJar : add ddr_ctrl_phy
2024-11-20 18:59:25,676 [INFO] IPUIPlugin:80 - create IPUIPlugin
2024-11-20 18:59:25,676 [INFO] PluginManager:220 - loadIPPluginJar : add comp
2024-11-20 18:59:25,677 [INFO] IPUIPlugin:80 - create IPUIPlugin
2024-11-20 18:59:25,677 [INFO] PluginManager:220 - loadIPPluginJar : add tracer_emb
2024-11-20 18:59:25,678 [INFO] IPUIPlugin:80 - create IPUIPlugin
2024-11-20 18:59:25,678 [INFO] PluginManager:220 - loadIPPluginJar : add openamp
2024-11-20 18:59:25,680 [INFO] IPUIPlugin:80 - create IPUIPlugin
2024-11-20 18:59:25,680 [INFO] PluginManager:220 - loadIPPluginJar : add stm32_wpan
2024-11-20 18:59:25,683 [INFO] IPUIPlugin:80 - create IPUIPlugin
2024-11-20 18:59:25,686 [INFO] PluginManager:220 - loadIPPluginJar : add plateformsettings
2024-11-20 18:59:25,688 [INFO] IPUIPlugin:80 - create IPUIPlugin
2024-11-20 18:59:25,688 [INFO] PluginManager:220 - loadIPPluginJar : add ipddr
2024-11-20 18:59:25,689 [INFO] IPUIPlugin:80 - create IPUIPlugin
2024-11-20 18:59:25,689 [INFO] PluginManager:220 - loadIPPluginJar : add usart
2024-11-20 18:59:25,689 [INFO] IPUIPlugin:80 - create IPUIPlugin
2024-11-20 18:59:25,689 [INFO] PluginManager:220 - loadIPPluginJar : add ltdc
2024-11-20 18:59:25,691 [INFO] IPUIPlugin:80 - create IPUIPlugin
2024-11-20 18:59:25,691 [INFO] PluginManager:220 - loadIPPluginJar : add nvic
2024-11-20 18:59:25,692 [INFO] IPUIPlugin:80 - create IPUIPlugin
2024-11-20 18:59:25,692 [INFO] PluginManager:220 - loadIPPluginJar : add fatfs
2024-11-20 18:59:25,695 [INFO] IPUIPlugin:80 - create IPUIPlugin
2024-11-20 18:59:25,695 [INFO] PluginManager:220 - loadIPPluginJar : add linkedlist
2024-11-20 18:59:25,697 [INFO] IPUIPlugin:80 - create IPUIPlugin
2024-11-20 18:59:25,697 [INFO] PluginManager:220 - loadIPPluginJar : add dma
2024-11-20 18:59:25,707 [INFO] IPUIPlugin:80 - create IPUIPlugin
2024-11-20 18:59:25,708 [INFO] PluginManager:220 - loadIPPluginJar : add fmc
2024-11-20 18:59:25,711 [INFO] IPUIPlugin:80 - create IPUIPlugin
2024-11-20 18:59:25,711 [INFO] PluginManager:220 - loadIPPluginJar : add i2s
2024-11-20 18:59:25,711 [INFO] IPUIPlugin:80 - create IPUIPlugin
2024-11-20 18:59:25,712 [INFO] PluginManager:220 - loadIPPluginJar : add ucpd
2024-11-20 18:59:25,713 [INFO] IPUIPlugin:80 - create IPUIPlugin
2024-11-20 18:59:25,713 [INFO] PluginManager:220 - loadIPPluginJar : add lorawan
2024-11-20 18:59:25,715 [INFO] IPUIPlugin:80 - create IPUIPlugin
2024-11-20 18:59:25,715 [INFO] PluginManager:220 - loadIPPluginJar : add opamp
2024-11-20 18:59:25,716 [INFO] IPUIPlugin:80 - create IPUIPlugin
2024-11-20 18:59:25,716 [INFO] PluginManager:220 - loadIPPluginJar : add i3c
2024-11-20 18:59:25,718 [INFO] IPUIPlugin:80 - create IPUIPlugin
2024-11-20 18:59:25,720 [INFO] PluginManager:220 - loadIPPluginJar : add touchsensing
2024-11-20 18:59:25,722 [INFO] IPUIPlugin:80 - create IPUIPlugin
2024-11-20 18:59:25,722 [INFO] PluginManager:220 - loadIPPluginJar : add i2c
2024-11-20 18:59:25,723 [INFO] IPUIPlugin:80 - create IPUIPlugin
2024-11-20 18:59:25,723 [INFO] PluginManager:220 - loadIPPluginJar : add resmgrutility
2024-11-20 18:59:25,725 [INFO] IPUIPlugin:80 - create IPUIPlugin
2024-11-20 18:59:25,725 [INFO] PluginManager:220 - loadIPPluginJar : add sai
2024-11-20 18:59:25,728 [INFO] IPUIPlugin:80 - create IPUIPlugin
2024-11-20 18:59:25,728 [INFO] PluginManager:220 - loadIPPluginJar : add usbx
2024-11-20 18:59:25,841 [INFO] CADModel:165 - CPN selected for project level
2024-11-20 18:59:25,841 [INFO] CADModel:114 - Register for checkConnection events
2024-11-20 18:59:25,843 [FATAL] Updater:334 - Updater called before beeing initialized
2024-11-20 18:59:25,843 [ERROR] CADModel:125 - Updater not yet initialized, retry later 
2024-11-20 18:59:26,112 [INFO] CADModel:165 - CPN selected for project level
2024-11-20 18:59:26,113 [INFO] CADModel:114 - Register for checkConnection events
2024-11-20 18:59:26,113 [FATAL] Updater:334 - Updater called before beeing initialized
2024-11-20 18:59:26,113 [ERROR] CADModel:125 - Updater not yet initialized, retry later 
2024-11-20 18:59:26,115 [FATAL] Updater:334 - Updater called before beeing initialized
2024-11-20 18:59:26,243 [FATAL] Updater:334 - Updater called before beeing initialized
2024-11-20 18:59:26,247 [INFO] DbMcusAds:53 - JSON generation date=Fri Sep 20 07:04:23 MDT 2024 (1726837463113)
2024-11-20 18:59:26,247 [FATAL] Updater:334 - Updater called before beeing initialized
2024-11-20 18:59:26,293 [WARN] DetailPanel:346 - Failed to get advertising image, set to default
2024-11-20 18:59:26,415 [FATAL] Updater:334 - Updater called before beeing initialized
2024-11-20 18:59:26,423 [FATAL] Updater:334 - Updater called before beeing initialized
2024-11-20 18:59:26,423 [FATAL] Updater:334 - Updater called before beeing initialized
2024-11-20 18:59:26,423 [WARN] DetailPanel:346 - Failed to get advertising image, set to default
2024-11-20 18:59:26,431 [FATAL] Updater:334 - Updater called before beeing initialized
2024-11-20 18:59:26,520 [ERROR] Updater:1164 - MainUpdater not yet initialized. External WinMGr cannot be set.
2024-11-20 18:59:26,526 [INFO] Updater:1100 - Updater Version found : 6.12.1
2024-11-20 18:59:26,538 [INFO] ApplicationProperties:184 - Using Application install path: /Applications/STM32CubeIDE.app/Contents/Eclipse/plugins/com.st.stm32cube.common.mx_6.12.1.202409122256
2024-11-20 18:59:26,907 [INFO] MainUpdater:2873 - connection check result : 10
2024-11-20 18:59:26,908 [INFO] MainUpdater:290 - Updater Check For Update Now.
2024-11-20 18:59:26,908 [INFO] MicroXplorer:498 - Change Database Version : DB.6.0.121
2024-11-20 18:59:26,911 [INFO] McuFinderGlobals:63 - Set McuFinder mode to 2 (CubeIDE integrated)
2024-11-20 18:59:26,913 [INFO] UserAuth:417 - Internet connection configuration mode: 1
2024-11-20 18:59:26,923 [INFO] JxBrowserEngine:152 - Initiate JxBrowser Engine with user profile folder
2024-11-20 18:59:27,182 [INFO] CheckServerUpdateThread:120 - End of CheckServer Thread
2024-11-20 18:59:28,243 [WARN] PackLoader:240 - Cannot read IP mode file for STMicroelectronics.FP-SNS-MOTENVWB1.1.4.0
2024-11-20 18:59:28,277 [WARN] PackLoader:240 - Cannot read IP mode file for STMicroelectronics.FP-ATR-ASTRA1.2.0.1
2024-11-20 18:59:28,306 [WARN] PackLoader:240 - Cannot read IP mode file for STMicroelectronics.X-CUBE-SMBUS.2.1.0
2024-11-20 18:59:28,324 [WARN] PackLoader:240 - Cannot read IP mode file for STMicroelectronics.X-CUBE-WB05N.1.1.0
2024-11-20 18:59:28,391 [ERROR] LogOutputStream:75 - [STDERR_REDIRECT] 
2024-11-20 19:01:42,664 [INFO] Activator:176 - 


2024-11-20 19:01:42,666 [INFO] Activator:177 - !SESSION log4j initialized
2024-11-20 19:01:43,886 [INFO] LogOutputStream:77 - [STDOUT_REDIRECT] 
2024-11-20 19:01:44,899 [ERROR] LogOutputStream:75 - [STDERR_REDIRECT] 
2024-11-20 19:01:46,842 [INFO] LogOutputStream:77 - [STDOUT_REDIRECT] 
2024-11-20 19:01:48,639 [ERROR] LogOutputStream:75 - [STDERR_REDIRECT] [Fatal Error] :2:10: DOCTYPE is disallowed when the feature "http://apache.org/xml/features/disallow-doctype-decl" set to true.
2024-11-20 19:01:48,640 [ERROR] LogOutputStream:75 - [STDERR_REDIRECT] 
2024-11-20 19:01:49,066 [INFO] ApplicationProperties:184 - Using Application install path: /Applications/STM32CubeIDE.app/Contents/Eclipse/plugins/com.st.stm32cube.common.mx_6.12.1.202409122256
2024-11-20 19:01:49,082 [INFO] DbMcusXml:78 - Set database path to: /Applications/STM32CubeIDE.app/Contents/Eclipse/plugins/com.st.stm32cube.common.mx_6.12.1.202409122256//db//mcu/
2024-11-20 19:01:49,082 [INFO] ApiDb:274 - Set plugin database path to: /Applications/STM32CubeIDE.app/Contents/Eclipse/plugins/com.st.stm32cube.common.mx_6.12.1.202409122256//db//plugins/boardmanager/
2024-11-20 19:01:49,083 [WARN] ApiDb:259 - Overriding images path with different value:  => /Applications/STM32CubeIDE.app/Contents/Eclipse/plugins/com.st.stm32cube.common.mx_6.12.1.202409122256//db//plugins/mcufinder/images/
2024-11-20 19:01:49,092 [INFO] ApiDb:250 - Set database path to: /Users/m/.stmcufinder/plugins/mcufinder//mcu/
2024-11-20 19:01:49,092 [INFO] DbMcusAds:125 - Set database path to: /Users/m/.stmcufinder/plugins/mcufinder//mcu/
2024-11-20 19:01:49,094 [INFO] CrossReferenceDbSqlite:203 - Set database path to: /Users/m/.stmcufinder/plugins/mcufinder//mcu/cs/
2024-11-20 19:01:49,212 [INFO] RulesReader:64 - Compatibility file has been processed (297 Rules)
2024-11-20 19:01:49,279 [INFO] DbMcusXml:78 - Set database path to: /Applications/STM32CubeIDE.app/Contents/Eclipse/plugins/com.st.stm32cube.common.mx_6.12.1.202409122256//db//mcu/
2024-11-20 19:01:49,279 [INFO] ApiDb:274 - Set plugin database path to: /Applications/STM32CubeIDE.app/Contents/Eclipse/plugins/com.st.stm32cube.common.mx_6.12.1.202409122256//db//plugins/boardmanager/
2024-11-20 19:01:49,279 [INFO] ApiDb:261 - Set plugin images path to: /Applications/STM32CubeIDE.app/Contents/Eclipse/plugins/com.st.stm32cube.common.mx_6.12.1.202409122256//db//plugins/mcufinder/images/
2024-11-20 19:01:49,279 [WARN] DbFile:41 - Overriding database path with different value: /Users/m/.stmcufinder/plugins/mcufinder/ => /Users/m/.stmcufinder/plugins/mcufinder
2024-11-20 19:01:49,279 [INFO] ApiDb:250 - Set database path to: /Users/m/.stmcufinder/plugins/mcufinder//mcu/
2024-11-20 19:01:49,279 [WARN] DbFile:41 - Overriding database path with different value: /Users/m/.stmcufinder/plugins/mcufinder/ => /Users/m/.stmcufinder/plugins/mcufinder
2024-11-20 19:01:49,279 [INFO] DbMcusAds:125 - Set database path to: /Users/m/.stmcufinder/plugins/mcufinder//mcu/
2024-11-20 19:01:49,279 [WARN] DbFile:41 - Overriding database path with different value: /Users/m/.stmcufinder/plugins/mcufinder/ => /Users/m/.stmcufinder/plugins/mcufinder
2024-11-20 19:01:49,279 [WARN] DbFile:41 - Overriding database path with different value: /Users/m/.stmcufinder/plugins/mcufinder/ => /Users/m/.stmcufinder/plugins/mcufinder
2024-11-20 19:01:49,279 [INFO] CrossReferenceDbSqlite:203 - Set database path to: /Users/m/.stmcufinder/plugins/mcufinder//mcu/cs/
2024-11-20 19:01:49,408 [INFO] MainPanel:268 - HeapMemory: 268435456
2024-11-20 19:01:49,816 [INFO] DbMcusXml:78 - Set database path to: /Applications/STM32CubeIDE.app/Contents/Eclipse/plugins/com.st.stm32cube.common.mx_6.12.1.202409122256//db//mcu/
2024-11-20 19:01:49,816 [INFO] ApiDb:274 - Set plugin database path to: /Applications/STM32CubeIDE.app/Contents/Eclipse/plugins/com.st.stm32cube.common.mx_6.12.1.202409122256//db//plugins/boardmanager/
2024-11-20 19:01:49,817 [INFO] ApiDb:261 - Set plugin images path to: /Applications/STM32CubeIDE.app/Contents/Eclipse/plugins/com.st.stm32cube.common.mx_6.12.1.202409122256//db//plugins/mcufinder/images/
2024-11-20 19:01:49,818 [WARN] DbFile:41 - Overriding database path with different value: /Users/m/.stmcufinder/plugins/mcufinder/ => /Users/m/.stmcufinder/plugins/mcufinder
2024-11-20 19:01:49,818 [INFO] ApiDb:250 - Set database path to: /Users/m/.stmcufinder/plugins/mcufinder//mcu/
2024-11-20 19:01:49,818 [WARN] DbFile:41 - Overriding database path with different value: /Users/m/.stmcufinder/plugins/mcufinder/ => /Users/m/.stmcufinder/plugins/mcufinder
2024-11-20 19:01:49,818 [INFO] DbMcusAds:125 - Set database path to: /Users/m/.stmcufinder/plugins/mcufinder//mcu/
2024-11-20 19:01:49,818 [WARN] DbFile:41 - Overriding database path with different value: /Users/m/.stmcufinder/plugins/mcufinder/ => /Users/m/.stmcufinder/plugins/mcufinder
2024-11-20 19:01:49,818 [WARN] DbFile:41 - Overriding database path with different value: /Users/m/.stmcufinder/plugins/mcufinder/ => /Users/m/.stmcufinder/plugins/mcufinder
2024-11-20 19:01:49,818 [INFO] CrossReferenceDbSqlite:203 - Set database path to: /Users/m/.stmcufinder/plugins/mcufinder//mcu/cs/
2024-11-20 19:01:49,840 [INFO] ApplicationProperties:184 - Using Application install path: /Applications/STM32CubeIDE.app/Contents/Eclipse/plugins/com.st.stm32cube.common.mx_6.12.1.202409122256
2024-11-20 19:01:49,841 [INFO] PluginManage:196 - Search for loadable plugins [exclusion list=, ]
2024-11-20 19:01:49,842 [INFO] PluginManage:310 - Check plugin analytics
2024-11-20 19:01:50,155 [INFO] AnalyticsPlugin:253 - Accepted Software Licenses: STM32CubeMX.6.12.1
2024-11-20 19:01:50,159 [INFO] AnalyticsPlugin:255 - Accepted CMSIS Pack Licenses: 
2024-11-20 19:01:50,159 [INFO] AnalyticsPlugin:257 - Accepted Firmware Licenses: FW.F4.1.28.0,FW.F4.1.27.0
2024-11-20 19:01:50,187 [INFO] PluginManage:359 - Loaded plugin analytics (category:tool,tabindex:-1)
2024-11-20 19:01:50,189 [INFO] PluginManage:310 - Check plugin cadmodel
2024-11-20 19:01:50,206 [INFO] CADModel:105 - Init CAD model plugin
2024-11-20 19:01:50,206 [INFO] PluginManage:359 - Loaded plugin cadmodel (category:power,tabindex:5)
2024-11-20 19:01:50,206 [INFO] PluginManage:310 - Check plugin clock
2024-11-20 19:01:50,215 [INFO] PluginManage:359 - Loaded plugin clock (category:base,tabindex:2)
2024-11-20 19:01:50,215 [INFO] PluginManage:310 - Check plugin ddr
2024-11-20 19:01:50,217 [INFO] PluginManage:359 - Loaded plugin ddr (category:tool,tabindex:6)
2024-11-20 19:01:50,217 [INFO] PluginManage:310 - Check plugin filemanager
2024-11-20 19:01:50,347 [INFO] PluginManage:359 - Loaded plugin filemanager (category:base,tabindex:10)
2024-11-20 19:01:50,347 [INFO] PluginManage:310 - Check plugin ipmanager
2024-11-20 19:01:50,354 [INFO] PluginManage:359 - Loaded plugin ipmanager (category:base,tabindex:5)
2024-11-20 19:01:50,354 [INFO] PluginManage:310 - Check plugin lpbam
2024-11-20 19:01:50,368 [INFO] PluginManage:359 - Loaded plugin lpbam (category:base,tabindex:0)
2024-11-20 19:01:50,369 [INFO] PluginManage:310 - Check plugin memorymap
2024-11-20 19:01:50,377 [INFO] PluginManage:359 - Loaded plugin memorymap (category:base,tabindex:4)
2024-11-20 19:01:50,377 [INFO] PluginManage:310 - Check plugin pinoutandconfiguration
2024-11-20 19:01:50,381 [INFO] PluginManage:359 - Loaded plugin pinoutandconfiguration (category:base,tabindex:1)
2024-11-20 19:01:50,382 [INFO] PluginManage:310 - Check plugin pinoutconfig
2024-11-20 19:01:50,473 [WARN] SupportedApi:132 - Cannot load RTOS API schema: s4s-elt-must-match.1: The content of 'definitions' must match (annotation?, (simpleType | complexType)?, (unique | key | keyref)*)). A problem was found starting at: attribute.
2024-11-20 19:01:50,697 [INFO] PluginManage:359 - Loaded plugin pinoutconfig (category:base,tabindex:0)
2024-11-20 19:01:50,698 [INFO] PluginManage:310 - Check plugin power
2024-11-20 19:01:50,710 [INFO] PluginManage:359 - Loaded plugin power (category:power,tabindex:4)
2024-11-20 19:01:50,711 [INFO] PluginManage:310 - Check plugin projectmanager
2024-11-20 19:01:50,746 [INFO] PluginManage:359 - Loaded plugin projectmanager (category:projectmanager,tabindex:4)
2024-11-20 19:01:50,747 [INFO] PluginManage:310 - Check plugin rif
2024-11-20 19:01:50,751 [INFO] PluginManage:359 - Loaded plugin rif (category:base,tabindex:3)
2024-11-20 19:01:50,751 [INFO] PluginManage:310 - Check plugin thirdparty
2024-11-20 19:01:50,905 [INFO] PluginManage:359 - Loaded plugin thirdparty (category:base,tabindex:-1)
2024-11-20 19:01:50,905 [INFO] PluginManage:310 - Check plugin tools
2024-11-20 19:01:50,904 [WARN] IntegrityCheckThread:84 - waiting for thirdparty lock release [integrity check]
2024-11-20 19:01:50,905 [INFO] IntegrityCheckThread:86 - entering critical section [integrity check]
2024-11-20 19:01:50,906 [INFO] ThirdPartyUpdaterWithRetryManager:70 - Updater plugin not ready yet. [1/15]
2024-11-20 19:01:50,911 [INFO] PluginManage:359 - Loaded plugin tools (category:base,tabindex:7)
2024-11-20 19:01:50,911 [INFO] PluginManage:310 - Check plugin tutovideos
2024-11-20 19:01:51,051 [INFO] PluginManage:359 - Loaded plugin tutovideos (category:base,tabindex:-1)
2024-11-20 19:01:51,051 [INFO] PluginManage:310 - Check plugin updater
2024-11-20 19:01:51,076 [INFO] PluginManage:359 - Loaded plugin updater (category:base,tabindex:12)
2024-11-20 19:01:51,076 [INFO] PluginManage:310 - Check plugin userauth
2024-11-20 19:01:51,085 [INFO] UserAuth:113 - Init User Auth plugin
2024-11-20 19:01:51,085 [INFO] PluginManage:359 - Loaded plugin userauth (category:base,tabindex:14)
2024-11-20 19:01:51,086 [INFO] PluginManage:283 - PluginManage : Loaded plugins [18]
2024-11-20 19:01:51,303 [INFO] PinOutPanel:1561 - setPackage(No Configuration,No Configuration)
2024-11-20 19:01:51,443 [INFO] CADModel:165 - CPN selected for project level
2024-11-20 19:01:51,443 [INFO] CADModel:114 - Register for checkConnection events
2024-11-20 19:01:51,452 [INFO] IPUIPlugin:80 - create IPUIPlugin
2024-11-20 19:01:51,452 [INFO] PluginManager:220 - loadIPPluginJar : add mdma
2024-11-20 19:01:51,456 [INFO] IPUIPlugin:80 - create IPUIPlugin
2024-11-20 19:01:51,456 [INFO] PluginManager:220 - loadIPPluginJar : add freertos
2024-11-20 19:01:51,459 [INFO] IPUIPlugin:80 - create IPUIPlugin
2024-11-20 19:01:51,459 [INFO] PluginManager:220 - loadIPPluginJar : add gic
2024-11-20 19:01:51,464 [INFO] IPUIPlugin:80 - create IPUIPlugin
2024-11-20 19:01:51,465 [INFO] PluginManager:220 - loadIPPluginJar : add adc
2024-11-20 19:01:51,466 [INFO] IPUIPlugin:80 - create IPUIPlugin
2024-11-20 19:01:51,466 [INFO] PluginManager:220 - loadIPPluginJar : add gtzc
2024-11-20 19:01:51,467 [INFO] IPUIPlugin:80 - create IPUIPlugin
2024-11-20 19:01:51,467 [INFO] PluginManager:220 - loadIPPluginJar : add quadspi
2024-11-20 19:01:51,468 [INFO] IPUIPlugin:80 - create IPUIPlugin
2024-11-20 19:01:51,469 [INFO] PluginManager:220 - loadIPPluginJar : add aes
2024-11-20 19:01:51,470 [INFO] IPUIPlugin:80 - create IPUIPlugin
2024-11-20 19:01:51,470 [INFO] PluginManager:220 - loadIPPluginJar : add pdm2pcm
2024-11-20 19:01:51,471 [INFO] IPUIPlugin:80 - create IPUIPlugin
2024-11-20 19:01:51,471 [INFO] PluginManager:220 - loadIPPluginJar : add hash
2024-11-20 19:01:51,472 [INFO] IPUIPlugin:80 - create IPUIPlugin
2024-11-20 19:01:51,472 [INFO] PluginManager:220 - loadIPPluginJar : add tim
2024-11-20 19:01:51,473 [INFO] IPUIPlugin:80 - create IPUIPlugin
2024-11-20 19:01:51,473 [INFO] PluginManager:220 - loadIPPluginJar : add tsc
2024-11-20 19:01:51,475 [INFO] IPUIPlugin:80 - create IPUIPlugin
2024-11-20 19:01:51,475 [INFO] PluginManager:220 - loadIPPluginJar : add extmemmanager
2024-11-20 19:01:51,476 [INFO] IPUIPlugin:80 - create IPUIPlugin
2024-11-20 19:01:51,476 [INFO] PluginManager:220 - loadIPPluginJar : add ts
2024-11-20 19:01:51,477 [INFO] IPUIPlugin:80 - create IPUIPlugin
2024-11-20 19:01:51,477 [INFO] PluginManager:220 - loadIPPluginJar : add radio
2024-11-20 19:01:51,478 [INFO] IPUIPlugin:80 - create IPUIPlugin
2024-11-20 19:01:51,478 [INFO] PluginManager:220 - loadIPPluginJar : add can
2024-11-20 19:01:51,479 [INFO] IPUIPlugin:80 - create IPUIPlugin
2024-11-20 19:01:51,480 [INFO] PluginManager:220 - loadIPPluginJar : add dma3
2024-11-20 19:01:51,481 [INFO] IPUIPlugin:80 - create IPUIPlugin
2024-11-20 19:01:51,481 [INFO] PluginManager:220 - loadIPPluginJar : add dfsdm
2024-11-20 19:01:51,482 [INFO] IPUIPlugin:80 - create IPUIPlugin
2024-11-20 19:01:51,482 [INFO] PluginManager:220 - loadIPPluginJar : add spi
2024-11-20 19:01:51,483 [INFO] IPUIPlugin:80 - create IPUIPlugin
2024-11-20 19:01:51,483 [INFO] PluginManager:220 - loadIPPluginJar : add gfxmmu
2024-11-20 19:01:51,484 [INFO] IPUIPlugin:80 - create IPUIPlugin
2024-11-20 19:01:51,484 [INFO] PluginManager:220 - loadIPPluginJar : add genericplugin
2024-11-20 19:01:51,485 [INFO] IPUIPlugin:80 - create IPUIPlugin
2024-11-20 19:01:51,485 [INFO] PluginManager:220 - loadIPPluginJar : add cryp
2024-11-20 19:01:51,487 [INFO] IPUIPlugin:80 - create IPUIPlugin
2024-11-20 19:01:51,487 [INFO] PluginManager:220 - loadIPPluginJar : add gpio
2024-11-20 19:01:51,488 [INFO] IPUIPlugin:80 - create IPUIPlugin
2024-11-20 19:01:51,489 [INFO] PluginManager:220 - loadIPPluginJar : add ddr_ctrl_phy
2024-11-20 19:01:51,489 [INFO] IPUIPlugin:80 - create IPUIPlugin
2024-11-20 19:01:51,490 [INFO] PluginManager:220 - loadIPPluginJar : add comp
2024-11-20 19:01:51,491 [INFO] IPUIPlugin:80 - create IPUIPlugin
2024-11-20 19:01:51,491 [INFO] PluginManager:220 - loadIPPluginJar : add tracer_emb
2024-11-20 19:01:51,492 [INFO] IPUIPlugin:80 - create IPUIPlugin
2024-11-20 19:01:51,492 [INFO] PluginManager:220 - loadIPPluginJar : add openamp
2024-11-20 19:01:51,495 [INFO] IPUIPlugin:80 - create IPUIPlugin
2024-11-20 19:01:51,495 [INFO] PluginManager:220 - loadIPPluginJar : add stm32_wpan
2024-11-20 19:01:51,498 [INFO] IPUIPlugin:80 - create IPUIPlugin
2024-11-20 19:01:51,500 [INFO] PluginManager:220 - loadIPPluginJar : add plateformsettings
2024-11-20 19:01:51,501 [INFO] IPUIPlugin:80 - create IPUIPlugin
2024-11-20 19:01:51,501 [INFO] PluginManager:220 - loadIPPluginJar : add ipddr
2024-11-20 19:01:51,502 [INFO] IPUIPlugin:80 - create IPUIPlugin
2024-11-20 19:01:51,502 [INFO] PluginManager:220 - loadIPPluginJar : add usart
2024-11-20 19:01:51,503 [INFO] IPUIPlugin:80 - create IPUIPlugin
2024-11-20 19:01:51,503 [INFO] PluginManager:220 - loadIPPluginJar : add ltdc
2024-11-20 19:01:51,505 [INFO] IPUIPlugin:80 - create IPUIPlugin
2024-11-20 19:01:51,505 [INFO] PluginManager:220 - loadIPPluginJar : add nvic
2024-11-20 19:01:51,508 [INFO] IPUIPlugin:80 - create IPUIPlugin
2024-11-20 19:01:51,508 [INFO] PluginManager:220 - loadIPPluginJar : add fatfs
2024-11-20 19:01:51,512 [INFO] IPUIPlugin:80 - create IPUIPlugin
2024-11-20 19:01:51,513 [INFO] PluginManager:220 - loadIPPluginJar : add linkedlist
2024-11-20 19:01:51,516 [INFO] IPUIPlugin:80 - create IPUIPlugin
2024-11-20 19:01:51,516 [INFO] PluginManager:220 - loadIPPluginJar : add dma
2024-11-20 19:01:51,518 [INFO] IPUIPlugin:80 - create IPUIPlugin
2024-11-20 19:01:51,518 [INFO] PluginManager:220 - loadIPPluginJar : add fmc
2024-11-20 19:01:51,519 [INFO] IPUIPlugin:80 - create IPUIPlugin
2024-11-20 19:01:51,519 [INFO] PluginManager:220 - loadIPPluginJar : add i2s
2024-11-20 19:01:51,520 [INFO] IPUIPlugin:80 - create IPUIPlugin
2024-11-20 19:01:51,520 [INFO] PluginManager:220 - loadIPPluginJar : add ucpd
2024-11-20 19:01:51,521 [INFO] IPUIPlugin:80 - create IPUIPlugin
2024-11-20 19:01:51,521 [INFO] PluginManager:220 - loadIPPluginJar : add lorawan
2024-11-20 19:01:51,523 [INFO] IPUIPlugin:80 - create IPUIPlugin
2024-11-20 19:01:51,523 [INFO] PluginManager:220 - loadIPPluginJar : add opamp
2024-11-20 19:01:51,524 [INFO] IPUIPlugin:80 - create IPUIPlugin
2024-11-20 19:01:51,524 [INFO] PluginManager:220 - loadIPPluginJar : add i3c
2024-11-20 19:01:51,526 [INFO] IPUIPlugin:80 - create IPUIPlugin
2024-11-20 19:01:51,526 [INFO] PluginManager:220 - loadIPPluginJar : add touchsensing
2024-11-20 19:01:51,527 [INFO] IPUIPlugin:80 - create IPUIPlugin
2024-11-20 19:01:51,528 [INFO] PluginManager:220 - loadIPPluginJar : add i2c
2024-11-20 19:01:51,529 [INFO] IPUIPlugin:80 - create IPUIPlugin
2024-11-20 19:01:51,530 [INFO] PluginManager:220 - loadIPPluginJar : add resmgrutility
2024-11-20 19:01:51,532 [INFO] IPUIPlugin:80 - create IPUIPlugin
2024-11-20 19:01:51,532 [INFO] PluginManager:220 - loadIPPluginJar : add sai
2024-11-20 19:01:51,534 [INFO] IPUIPlugin:80 - create IPUIPlugin
2024-11-20 19:01:51,535 [INFO] PluginManager:220 - loadIPPluginJar : add usbx
2024-11-20 19:01:51,644 [INFO] CADModel:165 - CPN selected for project level
2024-11-20 19:01:51,644 [INFO] CADModel:114 - Register for checkConnection events
2024-11-20 19:01:51,645 [FATAL] Updater:334 - Updater called before beeing initialized
2024-11-20 19:01:51,645 [ERROR] CADModel:125 - Updater not yet initialized, retry later 
2024-11-20 19:01:52,084 [INFO] CADModel:165 - CPN selected for project level
2024-11-20 19:01:52,084 [INFO] CADModel:114 - Register for checkConnection events
2024-11-20 19:01:52,084 [FATAL] Updater:334 - Updater called before beeing initialized
2024-11-20 19:01:52,084 [ERROR] CADModel:125 - Updater not yet initialized, retry later 
2024-11-20 19:01:52,087 [FATAL] Updater:334 - Updater called before beeing initialized
2024-11-20 19:01:52,226 [FATAL] Updater:334 - Updater called before beeing initialized
2024-11-20 19:01:52,230 [INFO] DbMcusAds:53 - JSON generation date=Fri Sep 20 07:04:23 MDT 2024 (1726837463113)
2024-11-20 19:01:52,230 [FATAL] Updater:334 - Updater called before beeing initialized
2024-11-20 19:01:52,279 [WARN] DetailPanel:346 - Failed to get advertising image, set to default
2024-11-20 19:01:52,337 [FATAL] Updater:334 - Updater called before beeing initialized
2024-11-20 19:01:52,338 [FATAL] Updater:334 - Updater called before beeing initialized
2024-11-20 19:01:52,338 [FATAL] Updater:334 - Updater called before beeing initialized
2024-11-20 19:01:52,338 [WARN] DetailPanel:346 - Failed to get advertising image, set to default
2024-11-20 19:01:52,339 [FATAL] Updater:334 - Updater called before beeing initialized
2024-11-20 19:01:52,398 [ERROR] Updater:1164 - MainUpdater not yet initialized. External WinMGr cannot be set.
2024-11-20 19:01:52,402 [INFO] Updater:1100 - Updater Version found : 6.12.1
2024-11-20 19:01:52,414 [INFO] ApplicationProperties:184 - Using Application install path: /Applications/STM32CubeIDE.app/Contents/Eclipse/plugins/com.st.stm32cube.common.mx_6.12.1.202409122256
2024-11-20 19:01:52,719 [INFO] MainUpdater:2873 - connection check result : 10
2024-11-20 19:01:52,720 [INFO] MainUpdater:290 - Updater Check For Update Now.
2024-11-20 19:01:52,721 [INFO] MicroXplorer:498 - Change Database Version : DB.6.0.121
2024-11-20 19:01:52,724 [INFO] McuFinderGlobals:63 - Set McuFinder mode to 2 (CubeIDE integrated)
2024-11-20 19:01:52,726 [INFO] UserAuth:417 - Internet connection configuration mode: 1
2024-11-20 19:01:52,737 [INFO] JxBrowserEngine:152 - Initiate JxBrowser Engine with user profile folder
2024-11-20 19:01:53,006 [INFO] CheckServerUpdateThread:120 - End of CheckServer Thread
2024-11-20 19:01:54,092 [WARN] PackLoader:240 - Cannot read IP mode file for STMicroelectronics.FP-SNS-MOTENVWB1.1.4.0
2024-11-20 19:01:54,117 [WARN] PackLoader:240 - Cannot read IP mode file for STMicroelectronics.FP-ATR-ASTRA1.2.0.1
2024-11-20 19:01:54,131 [WARN] PackLoader:240 - Cannot read IP mode file for STMicroelectronics.X-CUBE-SMBUS.2.1.0
2024-11-20 19:01:54,139 [WARN] PackLoader:240 - Cannot read IP mode file for STMicroelectronics.X-CUBE-WB05N.1.1.0
2024-11-20 19:01:54,181 [WARN] PackLoader:240 - Cannot read IP mode file for STMicroelectronics.X-CUBE-AZRTOS-F7.1.1.0
2024-11-20 19:01:54,304 [WARN] PackLoader:240 - Cannot read IP mode file for STMicroelectronics.X-CUBE-MEMS1.11.0.0
2024-11-20 19:01:54,508 [WARN] PackLoader:240 - Cannot read IP mode file for STMicroelectronics.FP-SNS-FLIGHT1.5.0.2
2024-11-20 19:01:54,521 [WARN] PackLoader:240 - Cannot read IP mode file for STMicroelectronics.X-CUBE-DISPLAY.3.0.0
2024-11-20 19:01:54,536 [WARN] PackLoader:240 - Cannot read IP mode file for STMicroelectronics.X-CUBE-BLE1.7.0.0
2024-11-20 19:01:54,566 [WARN] PackLoader:240 - Cannot read IP mode file for STMicroelectronics.X-CUBE-NFC10.1.0.0
2024-11-20 19:01:54,592 [WARN] PackLoader:240 - Cannot read IP mode file for emotas.I-CUBE-CANOPEN.1.3.0
2024-11-20 19:01:54,618 [WARN] PackLoader:240 - Cannot read IP mode file for STMicroelectronics.X-CUBE-BLEMGR.3.1.0
2024-11-20 19:01:54,632 [WARN] PackLoader:240 - Cannot read IP mode file for STMicroelectronics.FP-SNS-SMARTAG2.1.2.0
2024-11-20 19:01:54,644 [INFO] LogOutputStream:77 - [STDOUT_REDIRECT] 1 : Invalid condition id : UX_CORESTACK_Condition cause : null
2024-11-20 19:01:54,645 [INFO] LogOutputStream:77 - [STDOUT_REDIRECT] 1 : Invalid condition id : UX_CORESTACK_Condition cause : null
2024-11-20 19:01:54,646 [INFO] LogOutputStream:77 - [STDOUT_REDIRECT] 1 : Invalid condition id : UX_CORESTACK_Condition cause : null
2024-11-20 19:01:54,646 [INFO] LogOutputStream:77 - [STDOUT_REDIRECT] 1 : Invalid condition id : UX_CORESTACK_Condition cause : null
2024-11-20 19:01:54,647 [INFO] LogOutputStream:77 - [STDOUT_REDIRECT] 1 : Invalid condition id : UX_CORESTACK_Condition cause : null
2024-11-20 19:01:54,654 [WARN] PackLoader:240 - Cannot read IP mode file for STMicroelectronics.X-CUBE-AZRTOS-WL.2.0.0
2024-11-20 19:01:54,667 [WARN] PackLoader:240 - Cannot read IP mode file for STMicroelectronics.FP-SNS-MOTENV1.5.0.0
2024-11-20 19:01:54,671 [WARN] PackLoader:240 - Cannot read IP mode file for wolfSSL.I-CUBE-wolfMQTT.1.19.0
2024-11-20 19:01:54,684 [WARN] PackLoader:240 - Cannot read IP mode file for WES.I-CUBE-Cesium.1.3.0
2024-11-20 19:01:54,694 [WARN] PackLoader:240 - Cannot read IP mode file for STMicroelectronics.X-CUBE-BLE2.3.3.0
2024-11-20 19:01:54,704 [WARN] PackLoader:240 - Cannot read IP mode file for STMicroelectronics.X-CUBE-NFC9.1.0.0
2024-11-20 19:01:54,714 [WARN] PackLoader:240 - Cannot read IP mode file for STMicroelectronics.X-CUBE-TCPP.4.1.0
2024-11-20 19:01:54,734 [WARN] PackLoader:240 - Cannot read IP mode file for STMicroelectronics.X-CUBE-AZRTOS-G0.1.1.0
2024-11-20 19:01:54,744 [WARN] PackLoader:240 - Cannot read IP mode file for STMicroelectronics.X-CUBE-SAFEA1.1.2.2
2024-11-20 19:01:54,771 [WARN] PackLoader:240 - Cannot read IP mode file for STMicroelectronics.X-CUBE-NFC4.3.0.0
2024-11-20 19:01:54,787 [WARN] PackLoader:240 - Cannot read IP mode file for EmbeddedOffice.I-CUBE-FS-RTOS.1.0.1
2024-11-20 19:01:54,788 [ERROR] ConditionMgr:805 - Attr not supported : Dmpu
2024-11-20 19:01:54,789 [ERROR] ConditionMgr:805 - Attr not supported : Dmpu
2024-11-20 19:01:54,789 [ERROR] ConditionMgr:805 - Attr not supported : Dmpu
2024-11-20 19:01:54,789 [ERROR] ConditionMgr:805 - Attr not supported : Dmpu
2024-11-20 19:01:54,789 [ERROR] ConditionMgr:805 - Attr not supported : Dmpu
2024-11-20 19:01:54,789 [ERROR] ConditionMgr:805 - Attr not supported : Dmpu
2024-11-20 19:01:54,789 [ERROR] ConditionMgr:805 - Attr not supported : Dmpu
2024-11-20 19:01:54,789 [ERROR] ConditionMgr:805 - Attr not supported : Dmpu
2024-11-20 19:01:54,789 [ERROR] ConditionMgr:805 - Attr not supported : Dmpu
2024-11-20 19:01:54,789 [ERROR] ConditionMgr:805 - Attr not supported : Dmpu
2024-11-20 19:01:54,789 [ERROR] ConditionMgr:805 - Attr not supported : Dmpu
2024-11-20 19:01:54,789 [ERROR] ConditionMgr:805 - Attr not supported : Dmpu
2024-11-20 19:01:54,789 [ERROR] ConditionMgr:805 - Attr not supported : Dmpu
2024-11-20 19:01:54,789 [ERROR] ConditionMgr:805 - Attr not supported : Dmpu
2024-11-20 19:01:54,790 [ERROR] ConditionMgr:805 - Attr not supported : Dmpu
2024-11-20 19:01:54,790 [ERROR] ConditionMgr:805 - Attr not supported : Dmpu
2024-11-20 19:01:54,790 [ERROR] ConditionMgr:805 - Attr not supported : Dmpu
2024-11-20 19:01:54,790 [ERROR] ConditionMgr:805 - Attr not supported : Dmpu
2024-11-20 19:01:54,790 [ERROR] ConditionMgr:805 - Attr not supported : Dmpu
2024-11-20 19:01:54,790 [ERROR] ConditionMgr:805 - Attr not supported : Dmpu
2024-11-20 19:01:54,790 [ERROR] ConditionMgr:805 - Attr not supported : Dmpu
2024-11-20 19:01:54,790 [ERROR] ConditionMgr:805 - Attr not supported : Dmpu
2024-11-20 19:01:54,790 [ERROR] ConditionMgr:805 - Attr not supported : Dmpu
2024-11-20 19:01:54,790 [ERROR] ConditionMgr:805 - Attr not supported : Dmpu
2024-11-20 19:01:54,790 [ERROR] ConditionMgr:805 - Attr not supported : Dmpu
2024-11-20 19:01:54,790 [ERROR] ConditionMgr:805 - Attr not supported : Dmpu
2024-11-20 19:01:54,791 [ERROR] ConditionMgr:805 - Attr not supported : Dmpu
2024-11-20 19:01:54,791 [ERROR] ConditionMgr:805 - Attr not supported : Dmpu
2024-11-20 19:01:54,791 [ERROR] ConditionMgr:805 - Attr not supported : Dmpu
2024-11-20 19:01:54,791 [ERROR] ConditionMgr:805 - Attr not supported : Dmpu
2024-11-20 19:01:54,791 [ERROR] ConditionMgr:805 - Attr not supported : Dmpu
2024-11-20 19:01:54,791 [ERROR] ConditionMgr:805 - Attr not supported : Dmpu
2024-11-20 19:01:54,791 [ERROR] ConditionMgr:805 - Attr not supported : Dmpu
2024-11-20 19:01:54,791 [ERROR] ConditionMgr:805 - Attr not supported : Dmpu
2024-11-20 19:01:54,791 [ERROR] ConditionMgr:805 - Attr not supported : Dmpu
2024-11-20 19:01:54,791 [ERROR] ConditionMgr:805 - Attr not supported : Dmpu
2024-11-20 19:01:54,793 [ERROR] ConditionMgr:805 - Attr not supported : Dmpu
2024-11-20 19:01:54,794 [ERROR] ConditionMgr:805 - Attr not supported : Dmpu
2024-11-20 19:01:54,794 [ERROR] ConditionMgr:805 - Attr not supported : Dmpu
2024-11-20 19:01:54,794 [ERROR] ConditionMgr:805 - Attr not supported : Dmpu
2024-11-20 19:01:54,794 [ERROR] ConditionMgr:805 - Attr not supported : Dmpu
2024-11-20 19:01:54,799 [ERROR] ConditionMgr:805 - Attr not supported : Dmpu
2024-11-20 19:01:54,801 [ERROR] ConditionMgr:805 - Attr not supported : Dmpu
2024-11-20 19:01:54,801 [ERROR] ConditionMgr:805 - Attr not supported : Dmpu
2024-11-20 19:01:54,802 [ERROR] ConditionMgr:805 - Attr not supported : Dmpu
2024-11-20 19:01:54,802 [ERROR] ConditionMgr:805 - Attr not supported : Dmpu
2024-11-20 19:01:54,802 [ERROR] ConditionMgr:805 - Attr not supported : Dmpu
2024-11-20 19:01:54,802 [ERROR] ConditionMgr:805 - Attr not supported : Dmpu
2024-11-20 19:01:54,802 [ERROR] ConditionMgr:805 - Attr not supported : Dmpu
2024-11-20 19:01:54,802 [ERROR] ConditionMgr:805 - Attr not supported : Dmpu
2024-11-20 19:01:54,803 [ERROR] ConditionMgr:805 - Attr not supported : Dmpu
2024-11-20 19:01:54,803 [ERROR] ConditionMgr:805 - Attr not supported : Dmpu
2024-11-20 19:01:54,803 [ERROR] ConditionMgr:805 - Attr not supported : Dmpu
2024-11-20 19:01:54,803 [ERROR] ConditionMgr:805 - Attr not supported : Dmpu
2024-11-20 19:01:54,803 [ERROR] ConditionMgr:805 - Attr not supported : Dmpu
2024-11-20 19:01:54,803 [ERROR] ConditionMgr:805 - Attr not supported : Dmpu
2024-11-20 19:01:54,803 [ERROR] ConditionMgr:805 - Attr not supported : Dmpu
2024-11-20 19:01:54,804 [ERROR] ConditionMgr:805 - Attr not supported : Dmpu
2024-11-20 19:01:54,804 [ERROR] ConditionMgr:805 - Attr not supported : Dmpu
2024-11-20 19:01:54,804 [ERROR] ConditionMgr:805 - Attr not supported : Dmpu
2024-11-20 19:01:54,804 [ERROR] ConditionMgr:805 - Attr not supported : Dmpu
2024-11-20 19:01:54,804 [ERROR] ConditionMgr:805 - Attr not supported : Dmpu
2024-11-20 19:01:54,804 [ERROR] ConditionMgr:805 - Attr not supported : Dmpu
2024-11-20 19:01:54,804 [ERROR] ConditionMgr:805 - Attr not supported : Dmpu
2024-11-20 19:01:54,809 [WARN] PackLoader:240 - Cannot read IP mode file for RealThread.X-CUBE-RT-Thread_Nano.4.1.1
2024-11-20 19:01:54,817 [WARN] PackLoader:240 - Cannot read IP mode file for STMicroelectronics.FP-ATR-SIGFOX1.3.2.0
2024-11-20 19:01:54,827 [WARN] PackLoader:240 - Cannot read IP mode file for wolfSSL.I-CUBE-wolfSSL.5.7.2
2024-11-20 19:01:54,831 [WARN] ConditionMgr:438 - getConditionDescription Invalid condition id : Cortex-A Device cause : null
2024-11-20 19:01:54,847 [WARN] ConditionMgr:1039 - genDependencies : Invalid condition id : Cortex-A Device cause : null
2024-11-20 19:01:54,847 [WARN] ConditionMgr:1039 - genDependencies : Invalid condition id : Cortex-A Device cause : null
2024-11-20 19:01:54,848 [WARN] ConditionMgr:1039 - genDependencies : Invalid condition id : Cortex-A Device cause : null
2024-11-20 19:01:54,853 [WARN] PackLoader:240 - Cannot read IP mode file for STMicroelectronics.X-CUBE-EEPRMA1.5.1.0
2024-11-20 19:01:54,858 [WARN] PackLoader:240 - Cannot read IP mode file for ITTIA_DB.I-CUBE-ITTIADB.8.9.0
2024-11-20 19:01:54,918 [WARN] PackLoader:240 - Cannot read IP mode file for SEGGER.I-CUBE-embOS.1.3.1
2024-11-20 19:01:54,982 [WARN] PackLoader:240 - Cannot read IP mode file for STMicroelectronics.X-CUBE-ALGOBUILD.1.4.0
2024-11-20 19:01:54,987 [WARN] PackLoader:240 - Cannot read IP mode file for STMicroelectronics.X-CUBE-AI.9.1.0
2024-11-20 19:01:55,017 [WARN] PackLoader:240 - Cannot read IP mode file for STMicroelectronics.X-CUBE-AZRTOS-F4.1.1.0
2024-11-20 19:01:55,025 [WARN] PackLoader:240 - Cannot read IP mode file for STMicroelectronics.X-CUBE-ISPU.2.1.0
2024-11-20 19:01:55,037 [WARN] PackLoader:240 - Cannot read IP mode file for STMicroelectronics.X-CUBE-FREERTOS.1.2.0
2024-11-20 19:01:55,069 [WARN] PackLoader:240 - Cannot read IP mode file for STMicroelectronics.X-CUBE-AZRTOS-L5.2.0.0
2024-11-20 19:01:55,088 [WARN] PackLoader:240 - Cannot read IP mode file for STMicroelectronics.X-CUBE-NFC6.3.1.0
2024-11-20 19:01:55,097 [WARN] PackLoader:240 - Cannot read IP mode file for STMicroelectronics.X-CUBE-DPower.1.2.0
2024-11-20 19:01:55,101 [WARN] PackLoader:240 - Cannot read IP mode file for STMicroelectronics.X-CUBE-NFC7.1.0.1
2024-11-20 19:01:55,126 [WARN] ConditionMgr:438 - getConditionDescription Invalid condition id : LAN8742 Phy interface Condition cause : null
2024-11-20 19:01:55,127 [WARN] PackLoader:240 - Cannot read IP mode file for STMicroelectronics.X-CUBE-AZRTOS-L4.2.0.0
2024-11-20 19:01:55,129 [WARN] ConditionMgr:1039 - genDependencies : Invalid condition id : LAN8742 Phy interface Condition cause : null
2024-11-20 19:01:55,129 [WARN] ConditionMgr:1039 - genDependencies : Invalid condition id : LAN8742 Phy interface Condition cause : null
2024-11-20 19:01:55,130 [WARN] ConditionMgr:1039 - genDependencies : Invalid condition id : LAN8742 Phy interface Condition cause : null
2024-11-20 19:01:55,145 [WARN] PackLoader:240 - Cannot read IP mode file for STMicroelectronics.X-CUBE-SFXS2LP1.4.0.0
2024-11-20 19:01:55,176 [WARN] PackLoader:240 - Cannot read IP mode file for STMicroelectronics.X-CUBE-AZRTOS-H7.3.3.0
2024-11-20 19:01:55,197 [WARN] PackLoader:240 - Cannot read IP mode file for STMicroelectronics.X-CUBE-IPS.3.0.0
2024-11-20 19:01:55,214 [WARN] ConditionMgr:438 - getConditionDescription Invalid condition id : UX DEVICE CLASS RTOS Condition cause : null
2024-11-20 19:01:55,214 [WARN] ConditionMgr:438 - getConditionDescription Invalid condition id : UX DEVICE CLASS RTOS Condition cause : null
2024-11-20 19:01:55,218 [WARN] PackLoader:240 - Cannot read IP mode file for STMicroelectronics.X-CUBE-AZRTOS-WB.2.0.0
2024-11-20 19:01:55,219 [WARN] ConditionMgr:1039 - genDependencies : Invalid condition id : UX DEVICE CLASS RTOS Condition cause : null
2024-11-20 19:01:55,219 [WARN] ConditionMgr:1039 - genDependencies : Invalid condition id : UX DEVICE CLASS RTOS Condition cause : null
2024-11-20 19:01:55,220 [WARN] ConditionMgr:1039 - genDependencies : Invalid condition id : UX DEVICE CLASS RTOS Condition cause : null
2024-11-20 19:01:55,220 [WARN] ConditionMgr:1039 - genDependencies : Invalid condition id : UX DEVICE CLASS RTOS Condition cause : null
2024-11-20 19:01:55,220 [WARN] ConditionMgr:1039 - genDependencies : Invalid condition id : UX DEVICE CLASS RTOS Condition cause : null
2024-11-20 19:01:55,226 [WARN] PackLoader:240 - Cannot read IP mode file for STMicroelectronics.X-CUBE-GNSS1.7.0.0
2024-11-20 19:01:55,235 [WARN] PackLoader:240 - Cannot read IP mode file for STMicroelectronics.FP-SNS-STBOX1.2.0.0
2024-11-20 19:01:55,251 [WARN] PackLoader:240 - Cannot read IP mode file for STMicroelectronics.X-CUBE-SUBG2.5.0.0
2024-11-20 19:01:55,262 [WARN] PackLoader:240 - Cannot read IP mode file for Cesanta.I-CUBE-Mongoose.7.13.0
2024-11-20 19:01:55,278 [WARN] PackLoader:240 - Cannot read IP mode file for STMicroelectronics.X-CUBE-AZRTOS-G4.2.0.0
2024-11-20 19:01:55,283 [WARN] PackLoader:240 - Cannot read IP mode file for STMicroelectronics.X-CUBE-ALS.1.0.2
2024-11-20 19:01:55,286 [WARN] PackLoader:240 - Cannot read IP mode file for STMicroelectronics.X-CUBE-TOUCHGFX.4.24.1
2024-11-20 19:01:55,297 [WARN] PackLoader:240 - Cannot read IP mode file for wolfSSL.I-CUBE-wolfTPM.3.4.0
2024-11-20 19:01:55,303 [WARN] PackLoader:240 - Cannot read IP mode file for portGmbH.I-Cube-SoM-uGOAL.1.1.0
2024-11-20 19:01:55,322 [WARN] PackLoader:240 - Cannot read IP mode file for STMicroelectronics.X-CUBE-AZRTOS-H7RS.1.0.0
2024-11-20 19:01:55,339 [WARN] PackLoader:240 - Cannot read IP mode file for STMicroelectronics.FP-ATR-ASTRA1.2.0.0
2024-11-20 19:01:55,352 [WARN] PackLoader:240 - Cannot read IP mode file for STMicroelectronics.X-CUBE-TOF1.3.4.2
2024-11-20 19:01:55,396 [WARN] PackLoader:240 - Cannot read IP mode file for Infineon.AIROC-Wi-Fi-Bluetooth-STM32.1.6.1
2024-11-20 19:01:55,421 [WARN] PackLoader:240 - Cannot read IP mode file for wolfSSL.I-CUBE-wolfSSH.1.4.17
2024-11-20 19:01:55,422 [INFO] ThirdParty:978 - Integrity check success = true
2024-11-20 19:01:55,422 [INFO] IntegrityCheckThread:100 - exiting critical section [integrity check]
2024-11-20 19:01:55,422 [INFO] IntegrityCheckThread:103 - End integrity checks thread
2024-11-20 19:01:57,141 [INFO] WebApp:167 - Instantiating new browser for Auth
2024-11-20 19:01:58,844 [INFO] WebApp:448 - Apply proxy settings
2024-11-20 19:01:58,862 [INFO] WebApp:493 - Chromium authenticates against Manually configured proxy
2024-11-20 19:01:58,881 [INFO] WebApp:501 - Username used for proxy authentication: 
2024-11-20 19:01:58,952 [INFO] WebApp:869 - Register for checkConnection events
2024-11-20 19:01:58,953 [INFO] WebApp:448 - Apply proxy settings
2024-11-20 19:01:58,955 [INFO] WebApp:493 - Chromium authenticates against Manually configured proxy
2024-11-20 19:01:58,956 [INFO] WebApp:501 - Username used for proxy authentication: 
2024-11-20 19:01:59,107 [INFO] WebApp:220 - Starting web application
2024-11-20 19:01:59,107 [INFO] WebApp:578 - Web application path used /Applications/STM32CubeIDE.app/Contents/Eclipse/plugins/com.st.stm32cube.common.mx_6.12.1.202409122256/db/plugins/mcufinder/reactClient1/index.html
2024-11-20 19:01:59,582 [INFO] WebApp:186 - Connection restablished
2024-11-20 19:01:59,622 [INFO] UserAuth:417 - Internet connection configuration mode: 1
2024-11-20 19:02:37,726 [ERROR] LogOutputStream:75 - [STDERR_REDIRECT] 
2024-11-20 19:05:07,913 [INFO] Activator:176 - 


2024-11-20 19:05:07,915 [INFO] Activator:177 - !SESSION log4j initialized
2024-11-20 19:05:09,105 [INFO] LogOutputStream:77 - [STDOUT_REDIRECT] 
2024-11-20 19:05:10,155 [ERROR] LogOutputStream:75 - [STDERR_REDIRECT] 
2024-11-20 19:05:12,075 [INFO] LogOutputStream:77 - [STDOUT_REDIRECT] 
2024-11-20 19:05:13,986 [ERROR] LogOutputStream:75 - [STDERR_REDIRECT] [Fatal Error] :2:10: DOCTYPE is disallowed when the feature "http://apache.org/xml/features/disallow-doctype-decl" set to true.
2024-11-20 19:05:13,989 [ERROR] LogOutputStream:75 - [STDERR_REDIRECT] 
2024-11-20 19:05:14,093 [INFO] ApplicationProperties:184 - Using Application install path: /Applications/STM32CubeIDE.app/Contents/Eclipse/plugins/com.st.stm32cube.common.mx_6.12.1.202409122256
2024-11-20 19:05:14,113 [INFO] DbMcusXml:78 - Set database path to: /Applications/STM32CubeIDE.app/Contents/Eclipse/plugins/com.st.stm32cube.common.mx_6.12.1.202409122256//db//mcu/
2024-11-20 19:05:14,113 [INFO] ApiDb:274 - Set plugin database path to: /Applications/STM32CubeIDE.app/Contents/Eclipse/plugins/com.st.stm32cube.common.mx_6.12.1.202409122256//db//plugins/boardmanager/
2024-11-20 19:05:14,115 [WARN] ApiDb:259 - Overriding images path with different value:  => /Applications/STM32CubeIDE.app/Contents/Eclipse/plugins/com.st.stm32cube.common.mx_6.12.1.202409122256//db//plugins/mcufinder/images/
2024-11-20 19:05:14,123 [INFO] ApiDb:250 - Set database path to: /Users/m/.stmcufinder/plugins/mcufinder//mcu/
2024-11-20 19:05:14,124 [INFO] DbMcusAds:125 - Set database path to: /Users/m/.stmcufinder/plugins/mcufinder//mcu/
2024-11-20 19:05:14,126 [INFO] CrossReferenceDbSqlite:203 - Set database path to: /Users/m/.stmcufinder/plugins/mcufinder//mcu/cs/
2024-11-20 19:05:14,231 [INFO] RulesReader:64 - Compatibility file has been processed (297 Rules)
2024-11-20 19:05:14,303 [INFO] DbMcusXml:78 - Set database path to: /Applications/STM32CubeIDE.app/Contents/Eclipse/plugins/com.st.stm32cube.common.mx_6.12.1.202409122256//db//mcu/
2024-11-20 19:05:14,304 [INFO] ApiDb:274 - Set plugin database path to: /Applications/STM32CubeIDE.app/Contents/Eclipse/plugins/com.st.stm32cube.common.mx_6.12.1.202409122256//db//plugins/boardmanager/
2024-11-20 19:05:14,306 [INFO] ApiDb:261 - Set plugin images path to: /Applications/STM32CubeIDE.app/Contents/Eclipse/plugins/com.st.stm32cube.common.mx_6.12.1.202409122256//db//plugins/mcufinder/images/
2024-11-20 19:05:14,307 [WARN] DbFile:41 - Overriding database path with different value: /Users/m/.stmcufinder/plugins/mcufinder/ => /Users/m/.stmcufinder/plugins/mcufinder
2024-11-20 19:05:14,308 [INFO] ApiDb:250 - Set database path to: /Users/m/.stmcufinder/plugins/mcufinder//mcu/
2024-11-20 19:05:14,308 [WARN] DbFile:41 - Overriding database path with different value: /Users/m/.stmcufinder/plugins/mcufinder/ => /Users/m/.stmcufinder/plugins/mcufinder
2024-11-20 19:05:14,308 [INFO] DbMcusAds:125 - Set database path to: /Users/m/.stmcufinder/plugins/mcufinder//mcu/
2024-11-20 19:05:14,308 [WARN] DbFile:41 - Overriding database path with different value: /Users/m/.stmcufinder/plugins/mcufinder/ => /Users/m/.stmcufinder/plugins/mcufinder
2024-11-20 19:05:14,308 [WARN] DbFile:41 - Overriding database path with different value: /Users/m/.stmcufinder/plugins/mcufinder/ => /Users/m/.stmcufinder/plugins/mcufinder
2024-11-20 19:05:14,309 [INFO] CrossReferenceDbSqlite:203 - Set database path to: /Users/m/.stmcufinder/plugins/mcufinder//mcu/cs/
2024-11-20 19:05:14,451 [INFO] MainPanel:268 - HeapMemory: 268435456
2024-11-20 19:05:14,739 [INFO] DbMcusXml:78 - Set database path to: /Applications/STM32CubeIDE.app/Contents/Eclipse/plugins/com.st.stm32cube.common.mx_6.12.1.202409122256//db//mcu/
2024-11-20 19:05:14,739 [INFO] ApiDb:274 - Set plugin database path to: /Applications/STM32CubeIDE.app/Contents/Eclipse/plugins/com.st.stm32cube.common.mx_6.12.1.202409122256//db//plugins/boardmanager/
2024-11-20 19:05:14,740 [INFO] ApiDb:261 - Set plugin images path to: /Applications/STM32CubeIDE.app/Contents/Eclipse/plugins/com.st.stm32cube.common.mx_6.12.1.202409122256//db//plugins/mcufinder/images/
2024-11-20 19:05:14,741 [WARN] DbFile:41 - Overriding database path with different value: /Users/m/.stmcufinder/plugins/mcufinder/ => /Users/m/.stmcufinder/plugins/mcufinder
2024-11-20 19:05:14,741 [INFO] ApiDb:250 - Set database path to: /Users/m/.stmcufinder/plugins/mcufinder//mcu/
2024-11-20 19:05:14,742 [WARN] DbFile:41 - Overriding database path with different value: /Users/m/.stmcufinder/plugins/mcufinder/ => /Users/m/.stmcufinder/plugins/mcufinder
2024-11-20 19:05:14,742 [INFO] DbMcusAds:125 - Set database path to: /Users/m/.stmcufinder/plugins/mcufinder//mcu/
2024-11-20 19:05:14,742 [WARN] DbFile:41 - Overriding database path with different value: /Users/m/.stmcufinder/plugins/mcufinder/ => /Users/m/.stmcufinder/plugins/mcufinder
2024-11-20 19:05:14,742 [WARN] DbFile:41 - Overriding database path with different value: /Users/m/.stmcufinder/plugins/mcufinder/ => /Users/m/.stmcufinder/plugins/mcufinder
2024-11-20 19:05:14,742 [INFO] CrossReferenceDbSqlite:203 - Set database path to: /Users/m/.stmcufinder/plugins/mcufinder//mcu/cs/
2024-11-20 19:05:14,761 [INFO] ApplicationProperties:184 - Using Application install path: /Applications/STM32CubeIDE.app/Contents/Eclipse/plugins/com.st.stm32cube.common.mx_6.12.1.202409122256
2024-11-20 19:05:14,762 [INFO] PluginManage:196 - Search for loadable plugins [exclusion list=, ]
2024-11-20 19:05:14,764 [INFO] PluginManage:310 - Check plugin analytics
2024-11-20 19:05:15,050 [INFO] AnalyticsPlugin:253 - Accepted Software Licenses: STM32CubeMX.6.12.1
2024-11-20 19:05:15,052 [INFO] AnalyticsPlugin:255 - Accepted CMSIS Pack Licenses: 
2024-11-20 19:05:15,052 [INFO] AnalyticsPlugin:257 - Accepted Firmware Licenses: FW.F4.1.28.0,FW.F4.1.27.0
2024-11-20 19:05:15,066 [INFO] PluginManage:359 - Loaded plugin analytics (category:tool,tabindex:-1)
2024-11-20 19:05:15,067 [INFO] PluginManage:310 - Check plugin cadmodel
2024-11-20 19:05:15,081 [INFO] CADModel:105 - Init CAD model plugin
2024-11-20 19:05:15,081 [INFO] PluginManage:359 - Loaded plugin cadmodel (category:power,tabindex:5)
2024-11-20 19:05:15,082 [INFO] PluginManage:310 - Check plugin clock
2024-11-20 19:05:15,089 [INFO] PluginManage:359 - Loaded plugin clock (category:base,tabindex:2)
2024-11-20 19:05:15,089 [INFO] PluginManage:310 - Check plugin ddr
2024-11-20 19:05:15,091 [INFO] PluginManage:359 - Loaded plugin ddr (category:tool,tabindex:6)
2024-11-20 19:05:15,091 [INFO] PluginManage:310 - Check plugin filemanager
2024-11-20 19:05:15,221 [INFO] PluginManage:359 - Loaded plugin filemanager (category:base,tabindex:10)
2024-11-20 19:05:15,221 [INFO] PluginManage:310 - Check plugin ipmanager
2024-11-20 19:05:15,226 [INFO] PluginManage:359 - Loaded plugin ipmanager (category:base,tabindex:5)
2024-11-20 19:05:15,226 [INFO] PluginManage:310 - Check plugin lpbam
2024-11-20 19:05:15,236 [INFO] PluginManage:359 - Loaded plugin lpbam (category:base,tabindex:0)
2024-11-20 19:05:15,237 [INFO] PluginManage:310 - Check plugin memorymap
2024-11-20 19:05:15,243 [INFO] PluginManage:359 - Loaded plugin memorymap (category:base,tabindex:4)
2024-11-20 19:05:15,244 [INFO] PluginManage:310 - Check plugin pinoutandconfiguration
2024-11-20 19:05:15,247 [INFO] PluginManage:359 - Loaded plugin pinoutandconfiguration (category:base,tabindex:1)
2024-11-20 19:05:15,247 [INFO] PluginManage:310 - Check plugin pinoutconfig
2024-11-20 19:05:15,312 [WARN] SupportedApi:132 - Cannot load RTOS API schema: s4s-elt-must-match.1: The content of 'definitions' must match (annotation?, (simpleType | complexType)?, (unique | key | keyref)*)). A problem was found starting at: attribute.
2024-11-20 19:05:15,413 [INFO] PluginManage:359 - Loaded plugin pinoutconfig (category:base,tabindex:0)
2024-11-20 19:05:15,413 [INFO] PluginManage:310 - Check plugin power
2024-11-20 19:05:15,420 [INFO] PluginManage:359 - Loaded plugin power (category:power,tabindex:4)
2024-11-20 19:05:15,420 [INFO] PluginManage:310 - Check plugin projectmanager
2024-11-20 19:05:15,437 [INFO] PluginManage:359 - Loaded plugin projectmanager (category:projectmanager,tabindex:4)
2024-11-20 19:05:15,437 [INFO] PluginManage:310 - Check plugin rif
2024-11-20 19:05:15,440 [INFO] PluginManage:359 - Loaded plugin rif (category:base,tabindex:3)
2024-11-20 19:05:15,440 [INFO] PluginManage:310 - Check plugin thirdparty
2024-11-20 19:05:15,559 [INFO] PluginManage:359 - Loaded plugin thirdparty (category:base,tabindex:-1)
2024-11-20 19:05:15,559 [WARN] IntegrityCheckThread:84 - waiting for thirdparty lock release [integrity check]
2024-11-20 19:05:15,559 [INFO] IntegrityCheckThread:86 - entering critical section [integrity check]
2024-11-20 19:05:15,559 [INFO] PluginManage:310 - Check plugin tools
2024-11-20 19:05:15,560 [INFO] ThirdPartyUpdaterWithRetryManager:70 - Updater plugin not ready yet. [1/15]
2024-11-20 19:05:15,562 [INFO] PluginManage:359 - Loaded plugin tools (category:base,tabindex:7)
2024-11-20 19:05:15,562 [INFO] PluginManage:310 - Check plugin tutovideos
2024-11-20 19:05:15,688 [INFO] PluginManage:359 - Loaded plugin tutovideos (category:base,tabindex:-1)
2024-11-20 19:05:15,689 [INFO] PluginManage:310 - Check plugin updater
2024-11-20 19:05:15,714 [INFO] PluginManage:359 - Loaded plugin updater (category:base,tabindex:12)
2024-11-20 19:05:15,714 [INFO] PluginManage:310 - Check plugin userauth
2024-11-20 19:05:15,718 [INFO] UserAuth:113 - Init User Auth plugin
2024-11-20 19:05:15,718 [INFO] PluginManage:359 - Loaded plugin userauth (category:base,tabindex:14)
2024-11-20 19:05:15,718 [INFO] PluginManage:283 - PluginManage : Loaded plugins [18]
2024-11-20 19:05:15,915 [INFO] PinOutPanel:1561 - setPackage(No Configuration,No Configuration)
2024-11-20 19:05:16,003 [INFO] CADModel:165 - CPN selected for project level
2024-11-20 19:05:16,004 [INFO] CADModel:114 - Register for checkConnection events
2024-11-20 19:05:16,018 [INFO] IPUIPlugin:80 - create IPUIPlugin
2024-11-20 19:05:16,019 [INFO] PluginManager:220 - loadIPPluginJar : add mdma
2024-11-20 19:05:16,022 [INFO] IPUIPlugin:80 - create IPUIPlugin
2024-11-20 19:05:16,022 [INFO] PluginManager:220 - loadIPPluginJar : add freertos
2024-11-20 19:05:16,024 [INFO] IPUIPlugin:80 - create IPUIPlugin
2024-11-20 19:05:16,025 [INFO] PluginManager:220 - loadIPPluginJar : add gic
2024-11-20 19:05:16,029 [INFO] IPUIPlugin:80 - create IPUIPlugin
2024-11-20 19:05:16,030 [INFO] PluginManager:220 - loadIPPluginJar : add adc
2024-11-20 19:05:16,031 [INFO] IPUIPlugin:80 - create IPUIPlugin
2024-11-20 19:05:16,031 [INFO] PluginManager:220 - loadIPPluginJar : add gtzc
2024-11-20 19:05:16,032 [INFO] IPUIPlugin:80 - create IPUIPlugin
2024-11-20 19:05:16,032 [INFO] PluginManager:220 - loadIPPluginJar : add quadspi
2024-11-20 19:05:16,033 [INFO] IPUIPlugin:80 - create IPUIPlugin
2024-11-20 19:05:16,033 [INFO] PluginManager:220 - loadIPPluginJar : add aes
2024-11-20 19:05:16,034 [INFO] IPUIPlugin:80 - create IPUIPlugin
2024-11-20 19:05:16,034 [INFO] PluginManager:220 - loadIPPluginJar : add pdm2pcm
2024-11-20 19:05:16,035 [INFO] IPUIPlugin:80 - create IPUIPlugin
2024-11-20 19:05:16,035 [INFO] PluginManager:220 - loadIPPluginJar : add hash
2024-11-20 19:05:16,035 [INFO] IPUIPlugin:80 - create IPUIPlugin
2024-11-20 19:05:16,035 [INFO] PluginManager:220 - loadIPPluginJar : add tim
2024-11-20 19:05:16,036 [INFO] IPUIPlugin:80 - create IPUIPlugin
2024-11-20 19:05:16,036 [INFO] PluginManager:220 - loadIPPluginJar : add tsc
2024-11-20 19:05:16,038 [INFO] IPUIPlugin:80 - create IPUIPlugin
2024-11-20 19:05:16,038 [INFO] PluginManager:220 - loadIPPluginJar : add extmemmanager
2024-11-20 19:05:16,040 [INFO] IPUIPlugin:80 - create IPUIPlugin
2024-11-20 19:05:16,040 [INFO] PluginManager:220 - loadIPPluginJar : add ts
2024-11-20 19:05:16,041 [INFO] IPUIPlugin:80 - create IPUIPlugin
2024-11-20 19:05:16,041 [INFO] PluginManager:220 - loadIPPluginJar : add radio
2024-11-20 19:05:16,042 [INFO] IPUIPlugin:80 - create IPUIPlugin
2024-11-20 19:05:16,042 [INFO] PluginManager:220 - loadIPPluginJar : add can
2024-11-20 19:05:16,043 [INFO] IPUIPlugin:80 - create IPUIPlugin
2024-11-20 19:05:16,043 [INFO] PluginManager:220 - loadIPPluginJar : add dma3
2024-11-20 19:05:16,045 [INFO] IPUIPlugin:80 - create IPUIPlugin
2024-11-20 19:05:16,045 [INFO] PluginManager:220 - loadIPPluginJar : add dfsdm
2024-11-20 19:05:16,045 [INFO] IPUIPlugin:80 - create IPUIPlugin
2024-11-20 19:05:16,045 [INFO] PluginManager:220 - loadIPPluginJar : add spi
2024-11-20 19:05:16,047 [INFO] IPUIPlugin:80 - create IPUIPlugin
2024-11-20 19:05:16,047 [INFO] PluginManager:220 - loadIPPluginJar : add gfxmmu
2024-11-20 19:05:16,048 [INFO] IPUIPlugin:80 - create IPUIPlugin
2024-11-20 19:05:16,048 [INFO] PluginManager:220 - loadIPPluginJar : add genericplugin
2024-11-20 19:05:16,048 [INFO] IPUIPlugin:80 - create IPUIPlugin
2024-11-20 19:05:16,049 [INFO] PluginManager:220 - loadIPPluginJar : add cryp
2024-11-20 19:05:16,050 [INFO] IPUIPlugin:80 - create IPUIPlugin
2024-11-20 19:05:16,051 [INFO] PluginManager:220 - loadIPPluginJar : add gpio
2024-11-20 19:05:16,053 [INFO] IPUIPlugin:80 - create IPUIPlugin
2024-11-20 19:05:16,053 [INFO] PluginManager:220 - loadIPPluginJar : add ddr_ctrl_phy
2024-11-20 19:05:16,054 [INFO] IPUIPlugin:80 - create IPUIPlugin
2024-11-20 19:05:16,054 [INFO] PluginManager:220 - loadIPPluginJar : add comp
2024-11-20 19:05:16,056 [INFO] IPUIPlugin:80 - create IPUIPlugin
2024-11-20 19:05:16,057 [INFO] PluginManager:220 - loadIPPluginJar : add tracer_emb
2024-11-20 19:05:16,058 [INFO] IPUIPlugin:80 - create IPUIPlugin
2024-11-20 19:05:16,058 [INFO] PluginManager:220 - loadIPPluginJar : add openamp
2024-11-20 19:05:16,060 [INFO] IPUIPlugin:80 - create IPUIPlugin
2024-11-20 19:05:16,060 [INFO] PluginManager:220 - loadIPPluginJar : add stm32_wpan
2024-11-20 19:05:16,063 [INFO] IPUIPlugin:80 - create IPUIPlugin
2024-11-20 19:05:16,068 [INFO] PluginManager:220 - loadIPPluginJar : add plateformsettings
2024-11-20 19:05:16,069 [INFO] IPUIPlugin:80 - create IPUIPlugin
2024-11-20 19:05:16,069 [INFO] PluginManager:220 - loadIPPluginJar : add ipddr
2024-11-20 19:05:16,070 [INFO] IPUIPlugin:80 - create IPUIPlugin
2024-11-20 19:05:16,070 [INFO] PluginManager:220 - loadIPPluginJar : add usart
2024-11-20 19:05:16,071 [INFO] IPUIPlugin:80 - create IPUIPlugin
2024-11-20 19:05:16,071 [INFO] PluginManager:220 - loadIPPluginJar : add ltdc
2024-11-20 19:05:16,072 [INFO] IPUIPlugin:80 - create IPUIPlugin
2024-11-20 19:05:16,072 [INFO] PluginManager:220 - loadIPPluginJar : add nvic
2024-11-20 19:05:16,073 [INFO] IPUIPlugin:80 - create IPUIPlugin
2024-11-20 19:05:16,073 [INFO] PluginManager:220 - loadIPPluginJar : add fatfs
2024-11-20 19:05:16,079 [INFO] IPUIPlugin:80 - create IPUIPlugin
2024-11-20 19:05:16,079 [INFO] PluginManager:220 - loadIPPluginJar : add linkedlist
2024-11-20 19:05:16,082 [INFO] IPUIPlugin:80 - create IPUIPlugin
2024-11-20 19:05:16,082 [INFO] PluginManager:220 - loadIPPluginJar : add dma
2024-11-20 19:05:16,083 [INFO] IPUIPlugin:80 - create IPUIPlugin
2024-11-20 19:05:16,083 [INFO] PluginManager:220 - loadIPPluginJar : add fmc
2024-11-20 19:05:16,084 [INFO] IPUIPlugin:80 - create IPUIPlugin
2024-11-20 19:05:16,084 [INFO] PluginManager:220 - loadIPPluginJar : add i2s
2024-11-20 19:05:16,085 [INFO] IPUIPlugin:80 - create IPUIPlugin
2024-11-20 19:05:16,085 [INFO] PluginManager:220 - loadIPPluginJar : add ucpd
2024-11-20 19:05:16,085 [INFO] IPUIPlugin:80 - create IPUIPlugin
2024-11-20 19:05:16,085 [INFO] PluginManager:220 - loadIPPluginJar : add lorawan
2024-11-20 19:05:16,087 [INFO] IPUIPlugin:80 - create IPUIPlugin
2024-11-20 19:05:16,087 [INFO] PluginManager:220 - loadIPPluginJar : add opamp
2024-11-20 19:05:16,088 [INFO] IPUIPlugin:80 - create IPUIPlugin
2024-11-20 19:05:16,088 [INFO] PluginManager:220 - loadIPPluginJar : add i3c
2024-11-20 19:05:16,089 [INFO] IPUIPlugin:80 - create IPUIPlugin
2024-11-20 19:05:16,090 [INFO] PluginManager:220 - loadIPPluginJar : add touchsensing
2024-11-20 19:05:16,091 [INFO] IPUIPlugin:80 - create IPUIPlugin
2024-11-20 19:05:16,091 [INFO] PluginManager:220 - loadIPPluginJar : add i2c
2024-11-20 19:05:16,093 [INFO] IPUIPlugin:80 - create IPUIPlugin
2024-11-20 19:05:16,093 [INFO] PluginManager:220 - loadIPPluginJar : add resmgrutility
2024-11-20 19:05:16,094 [INFO] IPUIPlugin:80 - create IPUIPlugin
2024-11-20 19:05:16,094 [INFO] PluginManager:220 - loadIPPluginJar : add sai
2024-11-20 19:05:16,096 [INFO] IPUIPlugin:80 - create IPUIPlugin
2024-11-20 19:05:16,096 [INFO] PluginManager:220 - loadIPPluginJar : add usbx
2024-11-20 19:05:16,221 [INFO] CADModel:165 - CPN selected for project level
2024-11-20 19:05:16,222 [INFO] CADModel:114 - Register for checkConnection events
2024-11-20 19:05:16,222 [FATAL] Updater:334 - Updater called before beeing initialized
2024-11-20 19:05:16,223 [ERROR] CADModel:125 - Updater not yet initialized, retry later 
2024-11-20 19:05:16,782 [INFO] CADModel:165 - CPN selected for project level
2024-11-20 19:05:16,783 [INFO] CADModel:114 - Register for checkConnection events
2024-11-20 19:05:16,783 [FATAL] Updater:334 - Updater called before beeing initialized
2024-11-20 19:05:16,784 [ERROR] CADModel:125 - Updater not yet initialized, retry later 
2024-11-20 19:05:16,786 [FATAL] Updater:334 - Updater called before beeing initialized
2024-11-20 19:05:16,929 [FATAL] Updater:334 - Updater called before beeing initialized
2024-11-20 19:05:16,932 [INFO] DbMcusAds:53 - JSON generation date=Fri Sep 20 07:04:23 MDT 2024 (1726837463113)
2024-11-20 19:05:16,932 [FATAL] Updater:334 - Updater called before beeing initialized
2024-11-20 19:05:16,977 [WARN] DetailPanel:346 - Failed to get advertising image, set to default
2024-11-20 19:05:17,043 [FATAL] Updater:334 - Updater called before beeing initialized
2024-11-20 19:05:17,045 [FATAL] Updater:334 - Updater called before beeing initialized
2024-11-20 19:05:17,045 [FATAL] Updater:334 - Updater called before beeing initialized
2024-11-20 19:05:17,045 [WARN] DetailPanel:346 - Failed to get advertising image, set to default
2024-11-20 19:05:17,046 [FATAL] Updater:334 - Updater called before beeing initialized
2024-11-20 19:05:17,098 [ERROR] Updater:1164 - MainUpdater not yet initialized. External WinMGr cannot be set.
2024-11-20 19:05:17,104 [INFO] Updater:1100 - Updater Version found : 6.12.1
2024-11-20 19:05:17,116 [INFO] ApplicationProperties:184 - Using Application install path: /Applications/STM32CubeIDE.app/Contents/Eclipse/plugins/com.st.stm32cube.common.mx_6.12.1.202409122256
2024-11-20 19:05:17,474 [INFO] MainUpdater:2873 - connection check result : 10
2024-11-20 19:05:17,474 [INFO] MainUpdater:290 - Updater Check For Update Now.
2024-11-20 19:05:17,474 [INFO] MicroXplorer:498 - Change Database Version : DB.6.0.121
2024-11-20 19:05:17,480 [INFO] McuFinderGlobals:63 - Set McuFinder mode to 2 (CubeIDE integrated)
2024-11-20 19:05:17,481 [INFO] UserAuth:417 - Internet connection configuration mode: 1
2024-11-20 19:05:17,490 [INFO] JxBrowserEngine:152 - Initiate JxBrowser Engine with user profile folder
2024-11-20 19:05:17,837 [INFO] CheckServerUpdateThread:120 - End of CheckServer Thread
2024-11-20 19:05:18,728 [WARN] PackLoader:240 - Cannot read IP mode file for STMicroelectronics.FP-SNS-MOTENVWB1.1.4.0
2024-11-20 19:05:18,747 [WARN] PackLoader:240 - Cannot read IP mode file for STMicroelectronics.FP-ATR-ASTRA1.2.0.1
2024-11-20 19:05:18,765 [WARN] PackLoader:240 - Cannot read IP mode file for STMicroelectronics.X-CUBE-SMBUS.2.1.0
2024-11-20 19:05:18,772 [WARN] PackLoader:240 - Cannot read IP mode file for STMicroelectronics.X-CUBE-WB05N.1.1.0
2024-11-20 19:05:18,828 [WARN] PackLoader:240 - Cannot read IP mode file for STMicroelectronics.X-CUBE-AZRTOS-F7.1.1.0
2024-11-20 19:05:18,983 [WARN] PackLoader:240 - Cannot read IP mode file for STMicroelectronics.X-CUBE-MEMS1.11.0.0
2024-11-20 19:05:19,211 [WARN] PackLoader:240 - Cannot read IP mode file for STMicroelectronics.FP-SNS-FLIGHT1.5.0.2
2024-11-20 19:05:19,241 [WARN] PackLoader:240 - Cannot read IP mode file for STMicroelectronics.X-CUBE-DISPLAY.3.0.0
2024-11-20 19:05:19,269 [WARN] PackLoader:240 - Cannot read IP mode file for STMicroelectronics.X-CUBE-BLE1.7.0.0
2024-11-20 19:05:19,289 [WARN] PackLoader:240 - Cannot read IP mode file for STMicroelectronics.X-CUBE-NFC10.1.0.0
2024-11-20 19:05:19,305 [WARN] PackLoader:240 - Cannot read IP mode file for emotas.I-CUBE-CANOPEN.1.3.0
2024-11-20 19:05:19,330 [WARN] PackLoader:240 - Cannot read IP mode file for STMicroelectronics.X-CUBE-BLEMGR.3.1.0
2024-11-20 19:05:19,345 [WARN] PackLoader:240 - Cannot read IP mode file for STMicroelectronics.FP-SNS-SMARTAG2.1.2.0
2024-11-20 19:05:19,354 [INFO] LogOutputStream:77 - [STDOUT_REDIRECT] 1 : Invalid condition id : UX_CORESTACK_Condition cause : null
2024-11-20 19:05:19,354 [INFO] LogOutputStream:77 - [STDOUT_REDIRECT] 1 : Invalid condition id : UX_CORESTACK_Condition cause : null
2024-11-20 19:05:19,355 [INFO] LogOutputStream:77 - [STDOUT_REDIRECT] 1 : Invalid condition id : UX_CORESTACK_Condition cause : null
2024-11-20 19:05:19,356 [INFO] LogOutputStream:77 - [STDOUT_REDIRECT] 1 : Invalid condition id : UX_CORESTACK_Condition cause : null
2024-11-20 19:05:19,357 [INFO] LogOutputStream:77 - [STDOUT_REDIRECT] 1 : Invalid condition id : UX_CORESTACK_Condition cause : null
2024-11-20 19:05:19,373 [WARN] PackLoader:240 - Cannot read IP mode file for STMicroelectronics.X-CUBE-AZRTOS-WL.2.0.0
2024-11-20 19:05:19,383 [WARN] PackLoader:240 - Cannot read IP mode file for STMicroelectronics.FP-SNS-MOTENV1.5.0.0
2024-11-20 19:05:19,388 [WARN] PackLoader:240 - Cannot read IP mode file for wolfSSL.I-CUBE-wolfMQTT.1.19.0
2024-11-20 19:05:19,397 [WARN] PackLoader:240 - Cannot read IP mode file for WES.I-CUBE-Cesium.1.3.0
2024-11-20 19:05:19,409 [WARN] PackLoader:240 - Cannot read IP mode file for STMicroelectronics.X-CUBE-BLE2.3.3.0
2024-11-20 19:05:19,417 [WARN] PackLoader:240 - Cannot read IP mode file for STMicroelectronics.X-CUBE-NFC9.1.0.0
2024-11-20 19:05:19,426 [WARN] PackLoader:240 - Cannot read IP mode file for STMicroelectronics.X-CUBE-TCPP.4.1.0
2024-11-20 19:05:19,444 [WARN] PackLoader:240 - Cannot read IP mode file for STMicroelectronics.X-CUBE-AZRTOS-G0.1.1.0
2024-11-20 19:05:19,452 [WARN] PackLoader:240 - Cannot read IP mode file for STMicroelectronics.X-CUBE-SAFEA1.1.2.2
2024-11-20 19:05:19,471 [WARN] PackLoader:240 - Cannot read IP mode file for STMicroelectronics.X-CUBE-NFC4.3.0.0
2024-11-20 19:05:19,484 [WARN] PackLoader:240 - Cannot read IP mode file for EmbeddedOffice.I-CUBE-FS-RTOS.1.0.1
2024-11-20 19:05:19,485 [ERROR] ConditionMgr:805 - Attr not supported : Dmpu
2024-11-20 19:05:19,486 [ERROR] ConditionMgr:805 - Attr not supported : Dmpu
2024-11-20 19:05:19,486 [ERROR] ConditionMgr:805 - Attr not supported : Dmpu
2024-11-20 19:05:19,486 [ERROR] ConditionMgr:805 - Attr not supported : Dmpu
2024-11-20 19:05:19,486 [ERROR] ConditionMgr:805 - Attr not supported : Dmpu
2024-11-20 19:05:19,486 [ERROR] ConditionMgr:805 - Attr not supported : Dmpu
2024-11-20 19:05:19,486 [ERROR] ConditionMgr:805 - Attr not supported : Dmpu
2024-11-20 19:05:19,487 [ERROR] ConditionMgr:805 - Attr not supported : Dmpu
2024-11-20 19:05:19,487 [ERROR] ConditionMgr:805 - Attr not supported : Dmpu
2024-11-20 19:05:19,487 [ERROR] ConditionMgr:805 - Attr not supported : Dmpu
2024-11-20 19:05:19,487 [ERROR] ConditionMgr:805 - Attr not supported : Dmpu
2024-11-20 19:05:19,487 [ERROR] ConditionMgr:805 - Attr not supported : Dmpu
2024-11-20 19:05:19,487 [ERROR] ConditionMgr:805 - Attr not supported : Dmpu
2024-11-20 19:05:19,487 [ERROR] ConditionMgr:805 - Attr not supported : Dmpu
2024-11-20 19:05:19,487 [ERROR] ConditionMgr:805 - Attr not supported : Dmpu
2024-11-20 19:05:19,487 [ERROR] ConditionMgr:805 - Attr not supported : Dmpu
2024-11-20 19:05:19,487 [ERROR] ConditionMgr:805 - Attr not supported : Dmpu
2024-11-20 19:05:19,487 [ERROR] ConditionMgr:805 - Attr not supported : Dmpu
2024-11-20 19:05:19,487 [ERROR] ConditionMgr:805 - Attr not supported : Dmpu
2024-11-20 19:05:19,488 [ERROR] ConditionMgr:805 - Attr not supported : Dmpu
2024-11-20 19:05:19,488 [ERROR] ConditionMgr:805 - Attr not supported : Dmpu
2024-11-20 19:05:19,488 [ERROR] ConditionMgr:805 - Attr not supported : Dmpu
2024-11-20 19:05:19,488 [ERROR] ConditionMgr:805 - Attr not supported : Dmpu
2024-11-20 19:05:19,488 [ERROR] ConditionMgr:805 - Attr not supported : Dmpu
2024-11-20 19:05:19,489 [ERROR] ConditionMgr:805 - Attr not supported : Dmpu
2024-11-20 19:05:19,489 [ERROR] ConditionMgr:805 - Attr not supported : Dmpu
2024-11-20 19:05:19,489 [ERROR] ConditionMgr:805 - Attr not supported : Dmpu
2024-11-20 19:05:19,489 [ERROR] ConditionMgr:805 - Attr not supported : Dmpu
2024-11-20 19:05:19,489 [ERROR] ConditionMgr:805 - Attr not supported : Dmpu
2024-11-20 19:05:19,489 [ERROR] ConditionMgr:805 - Attr not supported : Dmpu
2024-11-20 19:05:19,489 [ERROR] ConditionMgr:805 - Attr not supported : Dmpu
2024-11-20 19:05:19,490 [ERROR] ConditionMgr:805 - Attr not supported : Dmpu
2024-11-20 19:05:19,490 [ERROR] ConditionMgr:805 - Attr not supported : Dmpu
2024-11-20 19:05:19,492 [ERROR] ConditionMgr:805 - Attr not supported : Dmpu
2024-11-20 19:05:19,492 [ERROR] ConditionMgr:805 - Attr not supported : Dmpu
2024-11-20 19:05:19,492 [ERROR] ConditionMgr:805 - Attr not supported : Dmpu
2024-11-20 19:05:19,493 [ERROR] ConditionMgr:805 - Attr not supported : Dmpu
2024-11-20 19:05:19,493 [ERROR] ConditionMgr:805 - Attr not supported : Dmpu
2024-11-20 19:05:19,493 [ERROR] ConditionMgr:805 - Attr not supported : Dmpu
2024-11-20 19:05:19,493 [ERROR] ConditionMgr:805 - Attr not supported : Dmpu
2024-11-20 19:05:19,493 [ERROR] ConditionMgr:805 - Attr not supported : Dmpu
2024-11-20 19:05:19,493 [ERROR] ConditionMgr:805 - Attr not supported : Dmpu
2024-11-20 19:05:19,494 [ERROR] ConditionMgr:805 - Attr not supported : Dmpu
2024-11-20 19:05:19,494 [ERROR] ConditionMgr:805 - Attr not supported : Dmpu
2024-11-20 19:05:19,494 [ERROR] ConditionMgr:805 - Attr not supported : Dmpu
2024-11-20 19:05:19,494 [ERROR] ConditionMgr:805 - Attr not supported : Dmpu
2024-11-20 19:05:19,494 [ERROR] ConditionMgr:805 - Attr not supported : Dmpu
2024-11-20 19:05:19,494 [ERROR] ConditionMgr:805 - Attr not supported : Dmpu
2024-11-20 19:05:19,494 [ERROR] ConditionMgr:805 - Attr not supported : Dmpu
2024-11-20 19:05:19,494 [ERROR] ConditionMgr:805 - Attr not supported : Dmpu
2024-11-20 19:05:19,494 [ERROR] ConditionMgr:805 - Attr not supported : Dmpu
2024-11-20 19:05:19,494 [ERROR] ConditionMgr:805 - Attr not supported : Dmpu
2024-11-20 19:05:19,494 [ERROR] ConditionMgr:805 - Attr not supported : Dmpu
2024-11-20 19:05:19,494 [ERROR] ConditionMgr:805 - Attr not supported : Dmpu
2024-11-20 19:05:19,494 [ERROR] ConditionMgr:805 - Attr not supported : Dmpu
2024-11-20 19:05:19,494 [ERROR] ConditionMgr:805 - Attr not supported : Dmpu
2024-11-20 19:05:19,494 [ERROR] ConditionMgr:805 - Attr not supported : Dmpu
2024-11-20 19:05:19,494 [ERROR] ConditionMgr:805 - Attr not supported : Dmpu
2024-11-20 19:05:19,494 [ERROR] ConditionMgr:805 - Attr not supported : Dmpu
2024-11-20 19:05:19,494 [ERROR] ConditionMgr:805 - Attr not supported : Dmpu
2024-11-20 19:05:19,494 [ERROR] ConditionMgr:805 - Attr not supported : Dmpu
2024-11-20 19:05:19,494 [ERROR] ConditionMgr:805 - Attr not supported : Dmpu
2024-11-20 19:05:19,494 [ERROR] ConditionMgr:805 - Attr not supported : Dmpu
2024-11-20 19:05:19,495 [ERROR] ConditionMgr:805 - Attr not supported : Dmpu
2024-11-20 19:05:19,498 [WARN] PackLoader:240 - Cannot read IP mode file for RealThread.X-CUBE-RT-Thread_Nano.4.1.1
2024-11-20 19:05:19,505 [WARN] PackLoader:240 - Cannot read IP mode file for STMicroelectronics.FP-ATR-SIGFOX1.3.2.0
2024-11-20 19:05:19,511 [WARN] PackLoader:240 - Cannot read IP mode file for wolfSSL.I-CUBE-wolfSSL.5.7.2
2024-11-20 19:05:19,514 [WARN] ConditionMgr:438 - getConditionDescription Invalid condition id : Cortex-A Device cause : null
2024-11-20 19:05:19,531 [WARN] ConditionMgr:1039 - genDependencies : Invalid condition id : Cortex-A Device cause : null
2024-11-20 19:05:19,531 [WARN] ConditionMgr:1039 - genDependencies : Invalid condition id : Cortex-A Device cause : null
2024-11-20 19:05:19,531 [WARN] ConditionMgr:1039 - genDependencies : Invalid condition id : Cortex-A Device cause : null
2024-11-20 19:05:19,536 [WARN] PackLoader:240 - Cannot read IP mode file for STMicroelectronics.X-CUBE-EEPRMA1.5.1.0
2024-11-20 19:05:19,543 [WARN] PackLoader:240 - Cannot read IP mode file for ITTIA_DB.I-CUBE-ITTIADB.8.9.0
2024-11-20 19:05:19,593 [WARN] PackLoader:240 - Cannot read IP mode file for SEGGER.I-CUBE-embOS.1.3.1
2024-11-20 19:05:19,669 [WARN] PackLoader:240 - Cannot read IP mode file for STMicroelectronics.X-CUBE-ALGOBUILD.1.4.0
2024-11-20 19:05:19,673 [WARN] PackLoader:240 - Cannot read IP mode file for STMicroelectronics.X-CUBE-AI.9.1.0
2024-11-20 19:05:19,699 [WARN] PackLoader:240 - Cannot read IP mode file for STMicroelectronics.X-CUBE-AZRTOS-F4.1.1.0
2024-11-20 19:05:19,707 [WARN] PackLoader:240 - Cannot read IP mode file for STMicroelectronics.X-CUBE-ISPU.2.1.0
2024-11-20 19:05:19,718 [WARN] PackLoader:240 - Cannot read IP mode file for STMicroelectronics.X-CUBE-FREERTOS.1.2.0
2024-11-20 19:05:19,738 [WARN] PackLoader:240 - Cannot read IP mode file for STMicroelectronics.X-CUBE-AZRTOS-L5.2.0.0
2024-11-20 19:05:19,753 [WARN] PackLoader:240 - Cannot read IP mode file for STMicroelectronics.X-CUBE-NFC6.3.1.0
2024-11-20 19:05:19,766 [WARN] PackLoader:240 - Cannot read IP mode file for STMicroelectronics.X-CUBE-DPower.1.2.0
2024-11-20 19:05:19,770 [WARN] PackLoader:240 - Cannot read IP mode file for STMicroelectronics.X-CUBE-NFC7.1.0.1
2024-11-20 19:05:19,799 [WARN] ConditionMgr:438 - getConditionDescription Invalid condition id : LAN8742 Phy interface Condition cause : null
2024-11-20 19:05:19,800 [WARN] PackLoader:240 - Cannot read IP mode file for STMicroelectronics.X-CUBE-AZRTOS-L4.2.0.0
2024-11-20 19:05:19,802 [WARN] ConditionMgr:1039 - genDependencies : Invalid condition id : LAN8742 Phy interface Condition cause : null
2024-11-20 19:05:19,802 [WARN] ConditionMgr:1039 - genDependencies : Invalid condition id : LAN8742 Phy interface Condition cause : null
2024-11-20 19:05:19,803 [WARN] ConditionMgr:1039 - genDependencies : Invalid condition id : LAN8742 Phy interface Condition cause : null
2024-11-20 19:05:19,815 [WARN] PackLoader:240 - Cannot read IP mode file for STMicroelectronics.X-CUBE-SFXS2LP1.4.0.0
2024-11-20 19:05:19,841 [WARN] PackLoader:240 - Cannot read IP mode file for STMicroelectronics.X-CUBE-AZRTOS-H7.3.3.0
2024-11-20 19:05:19,861 [WARN] PackLoader:240 - Cannot read IP mode file for STMicroelectronics.X-CUBE-IPS.3.0.0
2024-11-20 19:05:19,876 [WARN] ConditionMgr:438 - getConditionDescription Invalid condition id : UX DEVICE CLASS RTOS Condition cause : null
2024-11-20 19:05:19,876 [WARN] ConditionMgr:438 - getConditionDescription Invalid condition id : UX DEVICE CLASS RTOS Condition cause : null
2024-11-20 19:05:19,879 [WARN] PackLoader:240 - Cannot read IP mode file for STMicroelectronics.X-CUBE-AZRTOS-WB.2.0.0
2024-11-20 19:05:19,880 [WARN] ConditionMgr:1039 - genDependencies : Invalid condition id : UX DEVICE CLASS RTOS Condition cause : null
2024-11-20 19:05:19,880 [WARN] ConditionMgr:1039 - genDependencies : Invalid condition id : UX DEVICE CLASS RTOS Condition cause : null
2024-11-20 19:05:19,881 [WARN] ConditionMgr:1039 - genDependencies : Invalid condition id : UX DEVICE CLASS RTOS Condition cause : null
2024-11-20 19:05:19,881 [WARN] ConditionMgr:1039 - genDependencies : Invalid condition id : UX DEVICE CLASS RTOS Condition cause : null
2024-11-20 19:05:19,881 [WARN] ConditionMgr:1039 - genDependencies : Invalid condition id : UX DEVICE CLASS RTOS Condition cause : null
2024-11-20 19:05:19,886 [WARN] PackLoader:240 - Cannot read IP mode file for STMicroelectronics.X-CUBE-GNSS1.7.0.0
2024-11-20 19:05:19,898 [WARN] PackLoader:240 - Cannot read IP mode file for STMicroelectronics.FP-SNS-STBOX1.2.0.0
2024-11-20 19:05:19,912 [WARN] PackLoader:240 - Cannot read IP mode file for STMicroelectronics.X-CUBE-SUBG2.5.0.0
2024-11-20 19:05:19,919 [WARN] PackLoader:240 - Cannot read IP mode file for Cesanta.I-CUBE-Mongoose.7.13.0
2024-11-20 19:05:19,939 [WARN] PackLoader:240 - Cannot read IP mode file for STMicroelectronics.X-CUBE-AZRTOS-G4.2.0.0
2024-11-20 19:05:19,955 [WARN] PackLoader:240 - Cannot read IP mode file for STMicroelectronics.X-CUBE-ALS.1.0.2
2024-11-20 19:05:19,963 [WARN] PackLoader:240 - Cannot read IP mode file for STMicroelectronics.X-CUBE-TOUCHGFX.4.24.1
2024-11-20 19:05:19,970 [WARN] PackLoader:240 - Cannot read IP mode file for wolfSSL.I-CUBE-wolfTPM.3.4.0
2024-11-20 19:05:19,975 [WARN] PackLoader:240 - Cannot read IP mode file for portGmbH.I-Cube-SoM-uGOAL.1.1.0
2024-11-20 19:05:20,001 [WARN] PackLoader:240 - Cannot read IP mode file for STMicroelectronics.X-CUBE-AZRTOS-H7RS.1.0.0
2024-11-20 19:05:20,010 [WARN] PackLoader:240 - Cannot read IP mode file for STMicroelectronics.FP-ATR-ASTRA1.2.0.0
2024-11-20 19:05:20,022 [WARN] PackLoader:240 - Cannot read IP mode file for STMicroelectronics.X-CUBE-TOF1.3.4.2
2024-11-20 19:05:20,060 [WARN] PackLoader:240 - Cannot read IP mode file for Infineon.AIROC-Wi-Fi-Bluetooth-STM32.1.6.1
2024-11-20 19:05:20,074 [WARN] PackLoader:240 - Cannot read IP mode file for wolfSSL.I-CUBE-wolfSSH.1.4.17
2024-11-20 19:05:20,081 [INFO] ThirdParty:978 - Integrity check success = true
2024-11-20 19:05:20,081 [INFO] IntegrityCheckThread:100 - exiting critical section [integrity check]
2024-11-20 19:05:20,081 [INFO] IntegrityCheckThread:103 - End integrity checks thread
2024-11-20 19:05:21,438 [INFO] WebApp:167 - Instantiating new browser for Auth
2024-11-20 19:05:22,613 [INFO] WebApp:448 - Apply proxy settings
2024-11-20 19:05:22,634 [INFO] WebApp:493 - Chromium authenticates against Manually configured proxy
2024-11-20 19:05:22,655 [INFO] WebApp:501 - Username used for proxy authentication: 
2024-11-20 19:05:22,710 [INFO] WebApp:869 - Register for checkConnection events
2024-11-20 19:05:22,711 [INFO] WebApp:448 - Apply proxy settings
2024-11-20 19:05:22,713 [INFO] WebApp:493 - Chromium authenticates against Manually configured proxy
2024-11-20 19:05:22,713 [INFO] WebApp:501 - Username used for proxy authentication: 
2024-11-20 19:05:22,877 [INFO] WebApp:220 - Starting web application
2024-11-20 19:05:22,878 [INFO] WebApp:578 - Web application path used /Applications/STM32CubeIDE.app/Contents/Eclipse/plugins/com.st.stm32cube.common.mx_6.12.1.202409122256/db/plugins/mcufinder/reactClient1/index.html
2024-11-20 19:05:23,325 [INFO] WebApp:186 - Connection restablished
2024-11-20 19:05:23,359 [INFO] UserAuth:417 - Internet connection configuration mode: 1
2024-11-20 19:05:38,789 [ERROR] LogOutputStream:75 - [STDERR_REDIRECT] 
