2024-08-03 18:34:11,082 [INFO] ADCParametersView:116 -                Rank 1 : false
2024-08-03 18:34:11,101 [INFO] ADCParametersView:116 -                Rank 1 : false
2024-08-03 18:34:11,102 [INFO] ADCParametersView:116 -                Rank 1 : false
2024-08-03 18:34:11,102 [INFO] ADCParametersView:116 -                Rank 1 : false
2024-08-03 18:34:11,102 [INFO] ADCParametersView:116 -                Rank 1 : false
2024-08-03 18:34:11,103 [INFO] ADCParametersView:116 -                Rank 1 : false
2024-08-03 18:34:11,103 [INFO] ADCParametersView:116 -                Rank 1 : false
2024-08-03 18:34:11,103 [INFO] ADCParametersView:116 -                Rank 1 : false
2024-08-03 18:34:11,104 [INFO] ADCParametersView:116 -                Rank 1 : false
2024-08-03 18:34:11,104 [INFO] ADCParametersView:116 -                Rank 1 : false
2024-08-03 18:34:11,104 [INFO] ADCParametersView:116 -                Rank 1 : false
2024-08-03 18:34:11,104 [INFO] ADCParametersView:116 -                Rank 1 : false
2024-08-03 18:34:11,105 [INFO] ADCParametersView:116 -                Rank 1 : false
2024-08-03 18:34:11,105 [INFO] ADCParametersView:116 -                Rank 1 : false
2024-08-03 18:34:11,105 [INFO] ADCParametersView:116 -                Rank 1 : false
2024-08-03 18:34:11,105 [INFO] ADCParametersView:116 -                Rank 1 : false
2024-08-03 18:34:11,105 [INFO] ADCParametersView:116 -                Rank 1 : false
2024-08-03 18:34:11,105 [INFO] ADCParametersView:116 -                Rank 1 : false
2024-08-03 18:34:11,105 [INFO] ADCParametersView:116 -                Rank 1 : false
2024-08-03 18:34:11,265 [INFO] ADCParametersView:116 -                Rank 1 : false
2024-08-03 18:34:11,266 [INFO] ADCParametersView:116 -                Rank 1 : false
2024-08-03 18:34:11,266 [INFO] ADCParametersView:116 -                Rank 1 : false
2024-08-03 18:34:11,266 [INFO] ADCParametersView:116 -                Rank 1 : false
2024-08-03 18:34:11,266 [INFO] ADCParametersView:116 -                Rank 1 : false
2024-08-03 18:34:11,267 [INFO] ADCParametersView:116 -                Rank 1 : false
2024-08-03 18:34:11,267 [INFO] ADCParametersView:116 -                Rank 1 : false
2024-08-03 18:34:11,267 [INFO] ADCParametersView:116 -                Rank 1 : false
2024-08-03 18:34:11,267 [INFO] ADCParametersView:116 -                Rank 1 : false
2024-08-03 18:34:11,267 [INFO] ADCParametersView:116 -                Rank 1 : false
2024-08-03 18:34:11,268 [INFO] ADCParametersView:116 -                Rank 1 : false
2024-08-03 18:34:11,268 [INFO] ADCParametersView:116 -                Rank 1 : false
2024-08-03 18:34:11,268 [INFO] ADCParametersView:116 -                Rank 1 : false
2024-08-03 18:34:11,268 [INFO] ADCParametersView:116 -                Rank 1 : false
2024-08-03 18:34:11,268 [INFO] ADCParametersView:116 -                Rank 1 : false
2024-08-03 18:34:11,268 [INFO] ADCParametersView:116 -                Rank 1 : false
2024-08-03 18:34:11,269 [INFO] ADCParametersView:116 -                Rank 1 : false
2024-08-03 18:34:11,269 [INFO] ADCParametersView:116 -                Rank 1 : false
2024-08-03 18:34:11,269 [INFO] ADCParametersView:116 -                Rank 1 : false
2024-08-03 18:34:11,269 [INFO] ADCParametersView:116 -                Rank 1 : false
2024-08-03 18:34:11,300 [INFO] ADCParametersView:116 -                Rank 1 : false
2024-08-03 18:34:18,874 [INFO] NvicIntPanel:101 - NVIC parent = com.st.microxplorer.plugins.ip.nvic.MultiNvicIntPanel[,0,0,0x0,invalid,layout=javax.swing.BoxLayout,alignmentX=0.0,alignmentY=0.0,border=,flags=9,maximumSize=,minimumSize=,preferredSize=]
2024-08-03 18:34:18,947 [INFO] ADCParametersView:116 -                Rank 1 : false
2024-08-03 18:34:18,951 [INFO] ADCParametersView:116 -                Rank 1 : false
2024-08-03 18:34:18,952 [INFO] ADCParametersView:116 -                Rank 1 : false
2024-08-03 18:34:18,952 [INFO] ADCParametersView:116 -                Rank 1 : false
2024-08-03 18:34:18,952 [INFO] ADCParametersView:116 -                Rank 1 : false
2024-08-03 18:34:18,952 [INFO] ADCParametersView:116 -                Rank 1 : false
2024-08-03 18:34:18,953 [INFO] ADCParametersView:116 -                Rank 1 : false
2024-08-03 18:34:18,953 [INFO] ADCParametersView:116 -                Rank 1 : false
2024-08-03 18:34:18,953 [INFO] ADCParametersView:116 -                Rank 1 : false
2024-08-03 18:34:18,953 [INFO] ADCParametersView:116 -                Rank 1 : false
2024-08-03 18:34:18,953 [INFO] ADCParametersView:116 -                Rank 1 : false
2024-08-03 18:34:18,954 [INFO] ADCParametersView:116 -                Rank 1 : false
2024-08-03 18:34:18,954 [INFO] ADCParametersView:116 -                Rank 1 : false
2024-08-03 18:34:18,954 [INFO] ADCParametersView:116 -                Rank 1 : false
2024-08-03 18:34:18,954 [INFO] ADCParametersView:116 -                Rank 1 : false
2024-08-03 18:34:18,954 [INFO] ADCParametersView:116 -                Rank 1 : false
2024-08-03 18:34:18,954 [INFO] ADCParametersView:116 -                Rank 1 : false
2024-08-03 18:34:18,954 [INFO] ADCParametersView:116 -                Rank 1 : false
2024-08-03 18:34:18,954 [INFO] ADCParametersView:116 -                Rank 1 : false
2024-08-03 18:34:18,981 [INFO] ADCParametersView:116 -                Rank 1 : false
2024-08-03 18:34:23,169 [INFO] UtilMem:75 - End SaveConfig() Used Memory: 495957712 Bytes (783286272)
2024-08-03 18:34:24,646 [INFO] UtilMem:75 - End SaveConfig() Used Memory: 520597200 Bytes (783286272)
2024-08-03 18:34:27,275 [INFO] UtilMem:75 - End SaveConfig() Used Memory: 602912464 Bytes (783286272)
2024-08-03 18:34:27,625 [INFO] BlockDiagram:2759 - set Specific Code input for plugin: ADC
2024-08-03 18:34:27,625 [INFO] BlockDiagram:2759 - set Specific Code input for plugin: RCC
2024-08-03 18:34:27,625 [INFO] BlockDiagram:2759 - set Specific Code input for plugin: NVIC
2024-08-03 18:34:27,625 [INFO] BlockDiagram:2759 - set Specific Code input for plugin: DMA
2024-08-03 18:34:27,625 [INFO] BlockDiagram:2759 - set Specific Code input for plugin: DAC
2024-08-03 18:34:27,625 [INFO] BlockDiagram:2759 - set Specific Code input for plugin: GPIO
2024-08-03 18:34:27,627 [INFO] CodeGenerator:793 - code generatio: config db path: /Applications/STM32CubeIDE.app/Contents/Eclipse/plugins/com.st.stm32cube.common.mx_6.8.0.202302231600//db/
2024-08-03 18:34:27,808 [INFO] Argument:319 - Argument : hdmavalue: null
2024-08-03 18:34:27,812 [INFO] Argument:321 - 	 sub Args: 
2024-08-03 18:34:27,812 [INFO] Argument:319 - Argument : Instancevalue: DMA2_Stream0
2024-08-03 18:34:27,813 [INFO] Argument:329 - Argument : Instancevalue: DMA2_Stream0
2024-08-03 18:34:27,814 [INFO] Argument:319 - Argument : Initvalue: null
2024-08-03 18:34:27,814 [INFO] Argument:321 - 	 sub Args: 
2024-08-03 18:34:27,814 [INFO] Argument:319 - Argument : Channelvalue: DMA_CHANNEL_0
2024-08-03 18:34:27,814 [INFO] Argument:329 - Argument : Channelvalue: DMA_CHANNEL_0
2024-08-03 18:34:27,814 [INFO] Argument:319 - Argument : Directionvalue: DMA_PERIPH_TO_MEMORY
2024-08-03 18:34:27,814 [INFO] Argument:329 - Argument : Directionvalue: DMA_PERIPH_TO_MEMORY
2024-08-03 18:34:27,814 [INFO] Argument:319 - Argument : PeriphIncvalue: DMA_PINC_DISABLE
2024-08-03 18:34:27,814 [INFO] Argument:329 - Argument : PeriphIncvalue: DMA_PINC_DISABLE
2024-08-03 18:34:27,814 [INFO] Argument:319 - Argument : MemIncvalue: DMA_MINC_ENABLE
2024-08-03 18:34:27,814 [INFO] Argument:329 - Argument : MemIncvalue: DMA_MINC_ENABLE
2024-08-03 18:34:27,814 [INFO] Argument:319 - Argument : PeriphDataAlignmentvalue: DMA_PDATAALIGN_HALFWORD
2024-08-03 18:34:27,814 [INFO] Argument:329 - Argument : PeriphDataAlignmentvalue: DMA_PDATAALIGN_HALFWORD
2024-08-03 18:34:27,814 [INFO] Argument:319 - Argument : MemDataAlignmentvalue: DMA_MDATAALIGN_HALFWORD
2024-08-03 18:34:27,814 [INFO] Argument:329 - Argument : MemDataAlignmentvalue: DMA_MDATAALIGN_HALFWORD
2024-08-03 18:34:27,814 [INFO] Argument:319 - Argument : Modevalue: DMA_CIRCULAR
2024-08-03 18:34:27,814 [INFO] Argument:329 - Argument : Modevalue: DMA_CIRCULAR
2024-08-03 18:34:27,814 [INFO] Argument:319 - Argument : Priorityvalue: DMA_PRIORITY_LOW
2024-08-03 18:34:27,814 [INFO] Argument:329 - Argument : Priorityvalue: DMA_PRIORITY_LOW
2024-08-03 18:34:27,814 [INFO] Argument:319 - Argument : FIFOModevalue: DMA_FIFOMODE_DISABLE
2024-08-03 18:34:27,814 [INFO] Argument:329 - Argument : FIFOModevalue: DMA_FIFOMODE_DISABLE
2024-08-03 18:34:27,814 [INFO] Argument:319 - Argument : FIFOThresholdvalue: null
2024-08-03 18:34:27,814 [INFO] Argument:329 - Argument : FIFOThresholdvalue: null
2024-08-03 18:34:27,814 [INFO] Argument:319 - Argument : MemBurstvalue: null
2024-08-03 18:34:27,814 [INFO] Argument:329 - Argument : MemBurstvalue: null
2024-08-03 18:34:27,814 [INFO] Argument:319 - Argument : PeriphBurstvalue: null
2024-08-03 18:34:27,814 [INFO] Argument:329 - Argument : PeriphBurstvalue: null
2024-08-03 18:34:27,814 [INFO] Argument:319 - Argument : Lockvalue: null
2024-08-03 18:34:27,814 [INFO] Argument:329 - Argument : Lockvalue: null
2024-08-03 18:34:27,814 [INFO] Argument:319 - Argument : Statevalue: null
2024-08-03 18:34:27,814 [INFO] Argument:329 - Argument : Statevalue: null
2024-08-03 18:34:27,814 [INFO] Argument:319 - Argument : Parentvalue: null
2024-08-03 18:34:27,814 [INFO] Argument:329 - Argument : Parentvalue: null
2024-08-03 18:34:27,814 [INFO] Argument:319 - Argument : XferCpltCallbackvalue: null
2024-08-03 18:34:27,814 [INFO] Argument:329 - Argument : XferCpltCallbackvalue: null
2024-08-03 18:34:27,814 [INFO] Argument:319 - Argument : XferHalfCpltCallbackvalue: null
2024-08-03 18:34:27,814 [INFO] Argument:329 - Argument : XferHalfCpltCallbackvalue: null
2024-08-03 18:34:27,814 [INFO] Argument:319 - Argument : XferM1CpltCallbackvalue: null
2024-08-03 18:34:27,814 [INFO] Argument:329 - Argument : XferM1CpltCallbackvalue: null
2024-08-03 18:34:27,814 [INFO] Argument:319 - Argument : XferErrorCallbackvalue: null
2024-08-03 18:34:27,814 [INFO] Argument:329 - Argument : XferErrorCallbackvalue: null
2024-08-03 18:34:27,814 [INFO] Argument:319 - Argument : ErrorCodevalue: null
2024-08-03 18:34:27,814 [INFO] Argument:329 - Argument : ErrorCodevalue: null
2024-08-03 18:34:28,158 [INFO] CodeEngine:255 - oldGeneratedFile, /Users/khadeejaabbas/STM32CubeIDE/workplace_2/MBMS/MXTmpFiles/license.tmp_save
2024-08-03 18:34:28,375 [INFO] CodeEngine:279 - Generated code: /Users/khadeejaabbas/STM32CubeIDE/workplace_2/MBMS/MXTmpFiles/license.tmp
2024-08-03 18:34:28,466 [INFO] CodeEngine:255 - oldGeneratedFile, /Users/khadeejaabbas/STM32CubeIDE/workplace_2/MBMS/MXTmpFiles/gpio.tmp_save
2024-08-03 18:34:28,555 [INFO] CodeEngine:279 - Generated code: /Users/khadeejaabbas/STM32CubeIDE/workplace_2/MBMS/MXTmpFiles/gpio.tmp
2024-08-03 18:34:28,697 [INFO] CodeEngine:255 - oldGeneratedFile, /Users/khadeejaabbas/STM32CubeIDE/workplace_2/MBMS/MXTmpFiles/dma.tmp_save
2024-08-03 18:34:28,756 [INFO] CodeEngine:279 - Generated code: /Users/khadeejaabbas/STM32CubeIDE/workplace_2/MBMS/MXTmpFiles/dma.tmp
2024-08-03 18:34:28,758 [INFO] CodeEngine:255 - oldGeneratedFile, /Users/khadeejaabbas/STM32CubeIDE/workplace_2/MBMS/MXTmpFiles/dma_GV.tmp_save
2024-08-03 18:34:28,807 [INFO] CodeEngine:279 - Generated code: /Users/khadeejaabbas/STM32CubeIDE/workplace_2/MBMS/MXTmpFiles/dma_GV.tmp
2024-08-03 18:34:28,817 [INFO] CodeEngine:255 - oldGeneratedFile, /Users/khadeejaabbas/STM32CubeIDE/workplace_2/MBMS/Core/Src/stm32f4xx_it.c_save
2024-08-03 18:34:28,943 [INFO] CodeEngine:279 - Generated code: /Users/khadeejaabbas/STM32CubeIDE/workplace_2/MBMS/Core/Src/stm32f4xx_it.c
2024-08-03 18:34:28,946 [INFO] CodeEngine:255 - oldGeneratedFile, /Users/khadeejaabbas/STM32CubeIDE/workplace_2/MBMS/Core/Inc/stm32f4xx_it.h_save
2024-08-03 18:34:29,001 [INFO] CodeEngine:279 - Generated code: /Users/khadeejaabbas/STM32CubeIDE/workplace_2/MBMS/Core/Inc/stm32f4xx_it.h
2024-08-03 18:34:29,033 [INFO] CodeEngine:255 - oldGeneratedFile, /Users/khadeejaabbas/STM32CubeIDE/workplace_2/MBMS/Core/Src/stm32f4xx_hal_msp.c_save
2024-08-03 18:34:29,139 [INFO] CodeEngine:279 - Generated code: /Users/khadeejaabbas/STM32CubeIDE/workplace_2/MBMS/Core/Src/stm32f4xx_hal_msp.c
2024-08-03 18:34:29,142 [INFO] CodeEngine:255 - oldGeneratedFile, /Users/khadeejaabbas/STM32CubeIDE/workplace_2/MBMS/MXTmpFiles/system.tmp_save
2024-08-03 18:34:29,240 [INFO] CodeEngine:279 - Generated code: /Users/khadeejaabbas/STM32CubeIDE/workplace_2/MBMS/MXTmpFiles/system.tmp
2024-08-03 18:34:29,248 [INFO] CodeEngine:311 - oldGeneratedFile, /Users/khadeejaabbas/STM32CubeIDE/workplace_2/MBMS/Core/Inc/stm32f4xx_hal_conf.h_save
2024-08-03 18:34:29,312 [INFO] CodeEngine:335 - Generated code: /Users/khadeejaabbas/STM32CubeIDE/workplace_2/MBMS/Core/Inc/stm32f4xx_hal_conf.h
2024-08-03 18:34:29,365 [INFO] CodeEngine:255 - oldGeneratedFile, /Users/khadeejaabbas/STM32CubeIDE/workplace_2/MBMS/Core/Inc/main.h_save
2024-08-03 18:34:29,436 [INFO] CodeEngine:279 - Generated code: /Users/khadeejaabbas/STM32CubeIDE/workplace_2/MBMS/Core/Inc/main.h
2024-08-03 18:34:29,441 [INFO] CodeEngine:255 - oldGeneratedFile, /Users/khadeejaabbas/STM32CubeIDE/workplace_2/MBMS/Core/Src/main.c_save
2024-08-03 18:34:29,556 [INFO] CodeEngine:279 - Generated code: /Users/khadeejaabbas/STM32CubeIDE/workplace_2/MBMS/Core/Src/main.c
2024-08-03 18:34:30,412 [INFO] ProjectBuilder:2996 - Time for Copy HAL[1] : 184mS.
2024-08-03 18:34:30,428 [INFO] ProjectBuilder:4304 - Project Generator version: 3.19.2
2024-08-03 18:34:30,649 [INFO] ConfigFileManager:1483 - The Die is : DIE413
2024-08-03 18:34:32,990 [INFO] ProjectBuilder:4505 - Time for Generating toolchain IDE Files: 2560mS.
2024-08-03 18:34:32,996 [INFO] ProjectBuilder:2867 - Time for Copy CMSIS : 2mS.
2024-08-03 18:34:33,000 [INFO] ProjectBuilder:2867 - Time for Copy CMSIS : 0mS.
2024-08-03 18:36:34,850 [INFO] ADCParametersView:116 -                Rank 1 : false
2024-08-03 18:36:34,871 [INFO] ADCParametersView:116 -                Rank 1 : false
2024-08-03 18:36:34,871 [INFO] ADCParametersView:116 -                Rank 1 : false
2024-08-03 18:36:34,871 [INFO] ADCParametersView:116 -                Rank 1 : false
2024-08-03 18:36:34,871 [INFO] ADCParametersView:116 -                Rank 1 : false
2024-08-03 18:36:34,871 [INFO] ADCParametersView:116 -                Rank 1 : false
2024-08-03 18:36:34,872 [INFO] ADCParametersView:116 -                Rank 1 : false
2024-08-03 18:36:34,872 [INFO] ADCParametersView:116 -                Rank 1 : false
2024-08-03 18:36:34,872 [INFO] ADCParametersView:116 -                Rank 1 : false
2024-08-03 18:36:34,872 [INFO] ADCParametersView:116 -                Rank 1 : false
2024-08-03 18:36:34,872 [INFO] ADCParametersView:116 -                Rank 1 : false
2024-08-03 18:36:34,872 [INFO] ADCParametersView:116 -                Rank 1 : false
2024-08-03 18:36:34,872 [INFO] ADCParametersView:116 -                Rank 1 : false
2024-08-03 18:36:34,873 [INFO] ADCParametersView:116 -                Rank 1 : false
2024-08-03 18:36:34,983 [INFO] ADCParametersView:116 -                Rank 1 : false
2024-08-03 18:36:34,988 [INFO] ADCParametersView:116 -                Rank 1 : false
2024-08-03 18:36:34,988 [INFO] ADCParametersView:116 -                Rank 1 : false
2024-08-03 18:36:34,989 [INFO] ADCParametersView:116 -                Rank 1 : false
2024-08-03 18:36:34,989 [INFO] ADCParametersView:116 -                Rank 1 : false
2024-08-03 18:36:34,989 [INFO] ADCParametersView:116 -                Rank 1 : false
2024-08-03 18:36:34,989 [INFO] ADCParametersView:116 -                Rank 1 : false
2024-08-03 18:36:34,989 [INFO] ADCParametersView:116 -                Rank 1 : false
2024-08-03 18:36:34,989 [INFO] ADCParametersView:116 -                Rank 1 : false
2024-08-03 18:36:34,990 [INFO] ADCParametersView:116 -                Rank 1 : false
2024-08-03 18:36:34,990 [INFO] ADCParametersView:116 -                Rank 1 : false
2024-08-03 18:36:34,990 [INFO] ADCParametersView:116 -                Rank 1 : false
2024-08-03 18:36:34,990 [INFO] ADCParametersView:116 -                Rank 1 : false
2024-08-03 18:36:34,990 [INFO] ADCParametersView:116 -                Rank 1 : false
2024-08-03 18:36:34,990 [INFO] ADCParametersView:116 -                Rank 1 : false
2024-08-03 18:36:35,011 [INFO] ADCParametersView:116 -                Rank 1 : false
2024-08-03 18:36:35,012 [INFO] ADCParametersView:116 -                Rank 1 : false
2024-08-03 18:36:35,013 [INFO] ADCParametersView:116 -                Rank 1 : false
2024-08-03 18:36:35,013 [INFO] ADCParametersView:116 -                Rank 1 : false
2024-08-03 18:36:35,013 [INFO] ADCParametersView:116 -                Rank 1 : false
2024-08-03 18:36:35,013 [INFO] ADCParametersView:116 -                Rank 1 : false
2024-08-03 18:36:35,014 [INFO] ADCParametersView:116 -                Rank 1 : false
2024-08-03 18:36:35,014 [INFO] ADCParametersView:116 -                Rank 1 : false
2024-08-03 18:36:35,014 [INFO] ADCParametersView:116 -                Rank 1 : false
2024-08-03 18:36:35,014 [INFO] ADCParametersView:116 -                Rank 1 : false
2024-08-03 18:36:35,014 [INFO] ADCParametersView:116 -                Rank 1 : false
2024-08-03 18:36:35,014 [INFO] ADCParametersView:116 -                Rank 1 : false
2024-08-03 18:36:35,014 [INFO] ADCParametersView:116 -                Rank 1 : false
2024-08-03 18:36:35,015 [INFO] ADCParametersView:116 -                Rank 1 : false
2024-08-03 18:36:35,015 [INFO] ADCParametersView:116 -                Rank 1 : false
2024-08-03 18:36:35,033 [INFO] ADCParametersView:116 -                Rank 1 : false
2024-08-03 18:36:49,175 [INFO] ADCParametersView:116 -                Rank 1 : false
2024-08-03 18:37:02,957 [INFO] ADCParametersView:116 -                Rank 1 : false
2024-08-03 18:37:03,496 [INFO] ADCParametersView:116 -                Rank 1 : false
2024-08-03 18:38:11,235 [INFO] NvicIntPanel:101 - NVIC parent = com.st.microxplorer.plugins.ip.nvic.MultiNvicIntPanel[,0,0,0x0,invalid,layout=javax.swing.BoxLayout,alignmentX=0.0,alignmentY=0.0,border=,flags=9,maximumSize=,minimumSize=,preferredSize=]
2024-08-03 18:38:11,365 [INFO] ADCParametersView:116 -                Rank 1 : false
2024-08-03 18:38:11,371 [INFO] ADCParametersView:116 -                Rank 1 : false
2024-08-03 18:38:11,371 [INFO] ADCParametersView:116 -                Rank 1 : false
2024-08-03 18:38:11,371 [INFO] ADCParametersView:116 -                Rank 1 : false
2024-08-03 18:38:11,371 [INFO] ADCParametersView:116 -                Rank 1 : false
2024-08-03 18:38:11,372 [INFO] ADCParametersView:116 -                Rank 1 : false
2024-08-03 18:38:11,372 [INFO] ADCParametersView:116 -                Rank 1 : false
2024-08-03 18:38:11,372 [INFO] ADCParametersView:116 -                Rank 1 : false
2024-08-03 18:38:11,372 [INFO] ADCParametersView:116 -                Rank 1 : false
2024-08-03 18:38:11,372 [INFO] ADCParametersView:116 -                Rank 1 : false
2024-08-03 18:38:11,372 [INFO] ADCParametersView:116 -                Rank 1 : false
2024-08-03 18:38:11,372 [INFO] ADCParametersView:116 -                Rank 1 : false
2024-08-03 18:38:11,373 [INFO] ADCParametersView:116 -                Rank 1 : false
2024-08-03 18:38:11,373 [INFO] ADCParametersView:116 -                Rank 1 : false
2024-08-03 18:38:11,413 [INFO] ADCParametersView:116 -                Rank 1 : false
2024-08-03 18:38:47,688 [INFO] ADCParametersView:116 -                Rank 1 : true
2024-08-03 18:38:58,071 [INFO] ADCParametersView:116 -                Rank 1 : true
2024-08-03 18:39:01,599 [INFO] SpinnerEditorADC:65 - is string kkkk
2024-08-03 18:39:05,270 [INFO] NvicIntPanel:101 - NVIC parent = com.st.microxplorer.plugins.ip.nvic.MultiNvicIntPanel[,0,0,0x0,invalid,layout=javax.swing.BoxLayout,alignmentX=0.0,alignmentY=0.0,border=,flags=9,maximumSize=,minimumSize=,preferredSize=]
2024-08-03 18:39:05,337 [INFO] ADCParametersView:116 -                Rank 1 : true
2024-08-03 18:39:05,347 [INFO] ADCParametersView:116 -                Rank 1 : true
2024-08-03 18:39:05,347 [INFO] ADCParametersView:116 -                Rank 1 : true
2024-08-03 18:39:05,348 [INFO] ADCParametersView:116 -                Rank 1 : true
2024-08-03 18:39:05,348 [INFO] ADCParametersView:116 -                Rank 1 : true
2024-08-03 18:39:05,348 [INFO] ADCParametersView:116 -                Rank 1 : true
2024-08-03 18:39:05,348 [INFO] ADCParametersView:116 -                Rank 1 : true
2024-08-03 18:39:05,348 [INFO] ADCParametersView:116 -                Rank 1 : true
2024-08-03 18:39:05,349 [INFO] ADCParametersView:116 -                Rank 1 : true
2024-08-03 18:39:05,349 [INFO] ADCParametersView:116 -                Rank 1 : true
2024-08-03 18:39:05,349 [INFO] ADCParametersView:116 -                Rank 1 : true
2024-08-03 18:39:05,349 [INFO] ADCParametersView:116 -                Rank 1 : true
2024-08-03 18:39:05,349 [INFO] ADCParametersView:116 -                Rank 1 : true
2024-08-03 18:39:05,349 [INFO] ADCParametersView:116 -                Rank 1 : true
2024-08-03 18:39:05,374 [INFO] ADCParametersView:116 -                Rank 1 : true
2024-08-03 18:39:06,273 [INFO] ADCParametersView:116 -                Rank 1 : true
2024-08-03 18:39:08,827 [INFO] NvicIntPanel:101 - NVIC parent = com.st.microxplorer.plugins.ip.nvic.MultiNvicIntPanel[,0,0,0x0,invalid,layout=javax.swing.BoxLayout,alignmentX=0.0,alignmentY=0.0,border=,flags=9,maximumSize=,minimumSize=,preferredSize=]
2024-08-03 18:39:08,864 [INFO] ADCParametersView:116 -                Rank 1 : true
2024-08-03 18:39:08,867 [INFO] ADCParametersView:116 -                Rank 1 : true
2024-08-03 18:39:08,867 [INFO] ADCParametersView:116 -                Rank 1 : true
2024-08-03 18:39:08,867 [INFO] ADCParametersView:116 -                Rank 1 : true
2024-08-03 18:39:08,868 [INFO] ADCParametersView:116 -                Rank 1 : true
2024-08-03 18:39:08,868 [INFO] ADCParametersView:116 -                Rank 1 : true
2024-08-03 18:39:08,868 [INFO] ADCParametersView:116 -                Rank 1 : true
2024-08-03 18:39:08,868 [INFO] ADCParametersView:116 -                Rank 1 : true
2024-08-03 18:39:08,868 [INFO] ADCParametersView:116 -                Rank 1 : true
2024-08-03 18:39:08,869 [INFO] ADCParametersView:116 -                Rank 1 : true
2024-08-03 18:39:08,869 [INFO] ADCParametersView:116 -                Rank 1 : true
2024-08-03 18:39:08,869 [INFO] ADCParametersView:116 -                Rank 1 : true
2024-08-03 18:39:08,869 [INFO] ADCParametersView:116 -                Rank 1 : true
2024-08-03 18:39:08,869 [INFO] ADCParametersView:116 -                Rank 1 : true
2024-08-03 18:39:08,896 [INFO] ADCParametersView:116 -                Rank 1 : true
2024-08-03 18:39:15,081 [INFO] UtilMem:75 - End SaveConfig() Used Memory: 557378808 Bytes (824180736)
2024-08-03 18:39:17,962 [INFO] UtilMem:75 - End SaveConfig() Used Memory: 583070968 Bytes (824180736)
2024-08-03 18:39:19,844 [INFO] UtilMem:75 - End SaveConfig() Used Memory: 315597312 Bytes (824180736)
2024-08-03 18:39:20,052 [INFO] BlockDiagram:2759 - set Specific Code input for plugin: ADC
2024-08-03 18:39:20,052 [INFO] BlockDiagram:2759 - set Specific Code input for plugin: RCC
2024-08-03 18:39:20,052 [INFO] BlockDiagram:2759 - set Specific Code input for plugin: NVIC
2024-08-03 18:39:20,052 [INFO] BlockDiagram:2759 - set Specific Code input for plugin: DMA
2024-08-03 18:39:20,052 [INFO] BlockDiagram:2759 - set Specific Code input for plugin: DAC
2024-08-03 18:39:20,052 [INFO] BlockDiagram:2759 - set Specific Code input for plugin: GPIO
2024-08-03 18:39:20,054 [INFO] CodeGenerator:793 - code generatio: config db path: /Applications/STM32CubeIDE.app/Contents/Eclipse/plugins/com.st.stm32cube.common.mx_6.8.0.202302231600//db/
2024-08-03 18:39:20,064 [INFO] Argument:319 - Argument : hdmavalue: null
2024-08-03 18:39:20,064 [INFO] Argument:321 - 	 sub Args: 
2024-08-03 18:39:20,064 [INFO] Argument:319 - Argument : Instancevalue: DMA2_Stream0
2024-08-03 18:39:20,064 [INFO] Argument:329 - Argument : Instancevalue: DMA2_Stream0
2024-08-03 18:39:20,064 [INFO] Argument:319 - Argument : Initvalue: null
2024-08-03 18:39:20,064 [INFO] Argument:321 - 	 sub Args: 
2024-08-03 18:39:20,064 [INFO] Argument:319 - Argument : Channelvalue: DMA_CHANNEL_0
2024-08-03 18:39:20,064 [INFO] Argument:329 - Argument : Channelvalue: DMA_CHANNEL_0
2024-08-03 18:39:20,064 [INFO] Argument:319 - Argument : Directionvalue: DMA_PERIPH_TO_MEMORY
2024-08-03 18:39:20,064 [INFO] Argument:329 - Argument : Directionvalue: DMA_PERIPH_TO_MEMORY
2024-08-03 18:39:20,064 [INFO] Argument:319 - Argument : PeriphIncvalue: DMA_PINC_DISABLE
2024-08-03 18:39:20,064 [INFO] Argument:329 - Argument : PeriphIncvalue: DMA_PINC_DISABLE
2024-08-03 18:39:20,064 [INFO] Argument:319 - Argument : MemIncvalue: DMA_MINC_ENABLE
2024-08-03 18:39:20,064 [INFO] Argument:329 - Argument : MemIncvalue: DMA_MINC_ENABLE
2024-08-03 18:39:20,064 [INFO] Argument:319 - Argument : PeriphDataAlignmentvalue: DMA_PDATAALIGN_HALFWORD
2024-08-03 18:39:20,064 [INFO] Argument:329 - Argument : PeriphDataAlignmentvalue: DMA_PDATAALIGN_HALFWORD
2024-08-03 18:39:20,064 [INFO] Argument:319 - Argument : MemDataAlignmentvalue: DMA_MDATAALIGN_HALFWORD
2024-08-03 18:39:20,064 [INFO] Argument:329 - Argument : MemDataAlignmentvalue: DMA_MDATAALIGN_HALFWORD
2024-08-03 18:39:20,064 [INFO] Argument:319 - Argument : Modevalue: DMA_CIRCULAR
2024-08-03 18:39:20,064 [INFO] Argument:329 - Argument : Modevalue: DMA_CIRCULAR
2024-08-03 18:39:20,064 [INFO] Argument:319 - Argument : Priorityvalue: DMA_PRIORITY_LOW
2024-08-03 18:39:20,064 [INFO] Argument:329 - Argument : Priorityvalue: DMA_PRIORITY_LOW
2024-08-03 18:39:20,064 [INFO] Argument:319 - Argument : FIFOModevalue: DMA_FIFOMODE_DISABLE
2024-08-03 18:39:20,064 [INFO] Argument:329 - Argument : FIFOModevalue: DMA_FIFOMODE_DISABLE
2024-08-03 18:39:20,064 [INFO] Argument:319 - Argument : FIFOThresholdvalue: null
2024-08-03 18:39:20,064 [INFO] Argument:329 - Argument : FIFOThresholdvalue: null
2024-08-03 18:39:20,064 [INFO] Argument:319 - Argument : MemBurstvalue: null
2024-08-03 18:39:20,064 [INFO] Argument:329 - Argument : MemBurstvalue: null
2024-08-03 18:39:20,064 [INFO] Argument:319 - Argument : PeriphBurstvalue: null
2024-08-03 18:39:20,064 [INFO] Argument:329 - Argument : PeriphBurstvalue: null
2024-08-03 18:39:20,064 [INFO] Argument:319 - Argument : Lockvalue: null
2024-08-03 18:39:20,064 [INFO] Argument:329 - Argument : Lockvalue: null
2024-08-03 18:39:20,064 [INFO] Argument:319 - Argument : Statevalue: null
2024-08-03 18:39:20,064 [INFO] Argument:329 - Argument : Statevalue: null
2024-08-03 18:39:20,064 [INFO] Argument:319 - Argument : Parentvalue: null
2024-08-03 18:39:20,064 [INFO] Argument:329 - Argument : Parentvalue: null
2024-08-03 18:39:20,064 [INFO] Argument:319 - Argument : XferCpltCallbackvalue: null
2024-08-03 18:39:20,064 [INFO] Argument:329 - Argument : XferCpltCallbackvalue: null
2024-08-03 18:39:20,064 [INFO] Argument:319 - Argument : XferHalfCpltCallbackvalue: null
2024-08-03 18:39:20,064 [INFO] Argument:329 - Argument : XferHalfCpltCallbackvalue: null
2024-08-03 18:39:20,064 [INFO] Argument:319 - Argument : XferM1CpltCallbackvalue: null
2024-08-03 18:39:20,064 [INFO] Argument:329 - Argument : XferM1CpltCallbackvalue: null
2024-08-03 18:39:20,064 [INFO] Argument:319 - Argument : XferErrorCallbackvalue: null
2024-08-03 18:39:20,064 [INFO] Argument:329 - Argument : XferErrorCallbackvalue: null
2024-08-03 18:39:20,064 [INFO] Argument:319 - Argument : ErrorCodevalue: null
2024-08-03 18:39:20,064 [INFO] Argument:329 - Argument : ErrorCodevalue: null
2024-08-03 18:39:20,435 [INFO] CodeEngine:255 - oldGeneratedFile, /Users/khadeejaabbas/STM32CubeIDE/workplace_2/MBMS/MXTmpFiles/license.tmp_save
2024-08-03 18:39:20,528 [INFO] CodeEngine:279 - Generated code: /Users/khadeejaabbas/STM32CubeIDE/workplace_2/MBMS/MXTmpFiles/license.tmp
2024-08-03 18:39:20,590 [INFO] CodeEngine:255 - oldGeneratedFile, /Users/khadeejaabbas/STM32CubeIDE/workplace_2/MBMS/MXTmpFiles/gpio.tmp_save
2024-08-03 18:39:20,661 [INFO] CodeEngine:279 - Generated code: /Users/khadeejaabbas/STM32CubeIDE/workplace_2/MBMS/MXTmpFiles/gpio.tmp
2024-08-03 18:39:20,869 [INFO] CodeEngine:255 - oldGeneratedFile, /Users/khadeejaabbas/STM32CubeIDE/workplace_2/MBMS/MXTmpFiles/dma.tmp_save
2024-08-03 18:39:20,934 [INFO] CodeEngine:279 - Generated code: /Users/khadeejaabbas/STM32CubeIDE/workplace_2/MBMS/MXTmpFiles/dma.tmp
2024-08-03 18:39:20,937 [INFO] CodeEngine:255 - oldGeneratedFile, /Users/khadeejaabbas/STM32CubeIDE/workplace_2/MBMS/MXTmpFiles/dma_GV.tmp_save
2024-08-03 18:39:20,990 [INFO] CodeEngine:279 - Generated code: /Users/khadeejaabbas/STM32CubeIDE/workplace_2/MBMS/MXTmpFiles/dma_GV.tmp
2024-08-03 18:39:20,998 [INFO] CodeEngine:255 - oldGeneratedFile, /Users/khadeejaabbas/STM32CubeIDE/workplace_2/MBMS/Core/Src/stm32f4xx_it.c_save
2024-08-03 18:39:21,074 [INFO] CodeEngine:279 - Generated code: /Users/khadeejaabbas/STM32CubeIDE/workplace_2/MBMS/Core/Src/stm32f4xx_it.c
2024-08-03 18:39:21,077 [INFO] CodeEngine:255 - oldGeneratedFile, /Users/khadeejaabbas/STM32CubeIDE/workplace_2/MBMS/Core/Inc/stm32f4xx_it.h_save
2024-08-03 18:39:21,131 [INFO] CodeEngine:279 - Generated code: /Users/khadeejaabbas/STM32CubeIDE/workplace_2/MBMS/Core/Inc/stm32f4xx_it.h
2024-08-03 18:39:21,172 [INFO] CodeEngine:255 - oldGeneratedFile, /Users/khadeejaabbas/STM32CubeIDE/workplace_2/MBMS/Core/Src/stm32f4xx_hal_msp.c_save
2024-08-03 18:39:21,279 [INFO] CodeEngine:279 - Generated code: /Users/khadeejaabbas/STM32CubeIDE/workplace_2/MBMS/Core/Src/stm32f4xx_hal_msp.c
2024-08-03 18:39:21,281 [INFO] CodeEngine:255 - oldGeneratedFile, /Users/khadeejaabbas/STM32CubeIDE/workplace_2/MBMS/MXTmpFiles/system.tmp_save
2024-08-03 18:39:21,332 [INFO] CodeEngine:279 - Generated code: /Users/khadeejaabbas/STM32CubeIDE/workplace_2/MBMS/MXTmpFiles/system.tmp
2024-08-03 18:39:21,341 [INFO] CodeEngine:311 - oldGeneratedFile, /Users/khadeejaabbas/STM32CubeIDE/workplace_2/MBMS/Core/Inc/stm32f4xx_hal_conf.h_save
2024-08-03 18:39:21,404 [INFO] CodeEngine:335 - Generated code: /Users/khadeejaabbas/STM32CubeIDE/workplace_2/MBMS/Core/Inc/stm32f4xx_hal_conf.h
2024-08-03 18:39:21,442 [INFO] CodeEngine:255 - oldGeneratedFile, /Users/khadeejaabbas/STM32CubeIDE/workplace_2/MBMS/Core/Inc/main.h_save
2024-08-03 18:39:21,503 [INFO] CodeEngine:279 - Generated code: /Users/khadeejaabbas/STM32CubeIDE/workplace_2/MBMS/Core/Inc/main.h
2024-08-03 18:39:21,509 [INFO] CodeEngine:255 - oldGeneratedFile, /Users/khadeejaabbas/STM32CubeIDE/workplace_2/MBMS/Core/Src/main.c_save
2024-08-03 18:39:21,620 [INFO] CodeEngine:279 - Generated code: /Users/khadeejaabbas/STM32CubeIDE/workplace_2/MBMS/Core/Src/main.c
2024-08-03 18:39:22,244 [INFO] ProjectBuilder:2996 - Time for Copy HAL[1] : 125mS.
2024-08-03 18:39:22,253 [INFO] ProjectBuilder:4304 - Project Generator version: 3.19.2
2024-08-03 18:39:22,563 [INFO] ConfigFileManager:1483 - The Die is : DIE413
2024-08-03 18:39:24,348 [INFO] ProjectBuilder:4505 - Time for Generating toolchain IDE Files: 2092mS.
2024-08-03 18:39:24,356 [INFO] ProjectBuilder:2867 - Time for Copy CMSIS : 1mS.
2024-08-03 18:39:24,359 [INFO] ProjectBuilder:2867 - Time for Copy CMSIS : 0mS.
2024-08-03 23:06:44,424 [INFO] NvicIntPanel:101 - NVIC parent = com.st.microxplorer.plugins.ip.nvic.MultiNvicIntPanel[,0,0,0x0,invalid,layout=javax.swing.BoxLayout,alignmentX=0.0,alignmentY=0.0,border=,flags=9,maximumSize=,minimumSize=,preferredSize=]
2024-08-03 23:06:44,625 [INFO] ADCParametersView:116 -                Rank 1 : true
2024-08-03 23:06:44,633 [INFO] ADCParametersView:116 -                Rank 1 : true
2024-08-03 23:06:44,633 [INFO] ADCParametersView:116 -                Rank 1 : true
2024-08-03 23:06:44,633 [INFO] ADCParametersView:116 -                Rank 1 : true
2024-08-03 23:06:44,634 [INFO] ADCParametersView:116 -                Rank 1 : true
2024-08-03 23:06:44,634 [INFO] ADCParametersView:116 -                Rank 1 : true
2024-08-03 23:06:44,634 [INFO] ADCParametersView:116 -                Rank 1 : true
2024-08-03 23:06:44,634 [INFO] ADCParametersView:116 -                Rank 1 : true
2024-08-03 23:06:44,634 [INFO] ADCParametersView:116 -                Rank 1 : true
2024-08-03 23:06:44,635 [INFO] ADCParametersView:116 -                Rank 1 : true
2024-08-03 23:06:44,635 [INFO] ADCParametersView:116 -                Rank 1 : true
2024-08-03 23:06:44,635 [INFO] ADCParametersView:116 -                Rank 1 : true
2024-08-03 23:06:44,635 [INFO] ADCParametersView:116 -                Rank 1 : true
2024-08-03 23:06:44,636 [INFO] ADCParametersView:116 -                Rank 1 : true
2024-08-03 23:06:44,636 [INFO] ADCParametersView:116 -                Rank 1 : true
2024-08-03 23:06:44,636 [INFO] ADCParametersView:116 -                Rank 1 : true
2024-08-03 23:06:44,636 [INFO] ADCParametersView:116 -                Rank 1 : true
2024-08-03 23:06:44,636 [INFO] ADCParametersView:116 -                Rank 1 : true
2024-08-03 23:06:44,636 [INFO] ADCParametersView:116 -                Rank 1 : true
2024-08-03 23:06:44,698 [INFO] ADCParametersView:116 -                Rank 1 : true
2024-08-03 23:07:25,198 [INFO] SpinnerEditorADC:65 - is string kkkk
2024-08-03 23:07:28,214 [INFO] NvicIntPanel:101 - NVIC parent = com.st.microxplorer.plugins.ip.nvic.MultiNvicIntPanel[,0,0,0x0,invalid,layout=javax.swing.BoxLayout,alignmentX=0.0,alignmentY=0.0,border=,flags=9,maximumSize=,minimumSize=,preferredSize=]
2024-08-03 23:07:28,262 [INFO] ADCParametersView:116 -                Rank 1 : true
2024-08-03 23:07:28,265 [INFO] ADCParametersView:116 -                Rank 1 : true
2024-08-03 23:07:28,265 [INFO] ADCParametersView:116 -                Rank 1 : true
2024-08-03 23:07:28,265 [INFO] ADCParametersView:116 -                Rank 1 : true
2024-08-03 23:07:28,265 [INFO] ADCParametersView:116 -                Rank 1 : true
2024-08-03 23:07:28,266 [INFO] ADCParametersView:116 -                Rank 1 : true
2024-08-03 23:07:28,266 [INFO] ADCParametersView:116 -                Rank 1 : true
2024-08-03 23:07:28,266 [INFO] ADCParametersView:116 -                Rank 1 : true
2024-08-03 23:07:28,266 [INFO] ADCParametersView:116 -                Rank 1 : true
2024-08-03 23:07:28,267 [INFO] ADCParametersView:116 -                Rank 1 : true
2024-08-03 23:07:28,267 [INFO] ADCParametersView:116 -                Rank 1 : true
2024-08-03 23:07:28,267 [INFO] ADCParametersView:116 -                Rank 1 : true
2024-08-03 23:07:28,267 [INFO] ADCParametersView:116 -                Rank 1 : true
2024-08-03 23:07:28,267 [INFO] ADCParametersView:116 -                Rank 1 : true
2024-08-03 23:07:28,267 [INFO] ADCParametersView:116 -                Rank 1 : true
2024-08-03 23:07:28,267 [INFO] ADCParametersView:116 -                Rank 1 : true
2024-08-03 23:07:28,268 [INFO] ADCParametersView:116 -                Rank 1 : true
2024-08-03 23:07:28,268 [INFO] ADCParametersView:116 -                Rank 1 : true
2024-08-03 23:07:28,268 [INFO] ADCParametersView:116 -                Rank 1 : true
2024-08-03 23:07:28,296 [INFO] ADCParametersView:116 -                Rank 1 : true
2024-08-03 23:07:41,813 [INFO] SpinnerEditorADC:65 - is string kkkk
2024-08-03 23:07:48,023 [INFO] NvicIntPanel:101 - NVIC parent = com.st.microxplorer.plugins.ip.nvic.MultiNvicIntPanel[,0,0,0x0,invalid,layout=javax.swing.BoxLayout,alignmentX=0.0,alignmentY=0.0,border=,flags=9,maximumSize=,minimumSize=,preferredSize=]
2024-08-03 23:07:48,176 [INFO] NvicIntPanel:101 - NVIC parent = com.st.microxplorer.plugins.ip.nvic.MultiNvicIntPanel[,0,0,0x0,invalid,layout=javax.swing.BoxLayout,alignmentX=0.0,alignmentY=0.0,border=,flags=9,maximumSize=,minimumSize=,preferredSize=]
2024-08-03 23:07:48,301 [INFO] NvicIntPanel:101 - NVIC parent = com.st.microxplorer.plugins.ip.nvic.MultiNvicIntPanel[,0,0,0x0,invalid,layout=javax.swing.BoxLayout,alignmentX=0.0,alignmentY=0.0,border=,flags=9,maximumSize=,minimumSize=,preferredSize=]
2024-08-03 23:07:48,396 [INFO] NvicIntPanel:101 - NVIC parent = com.st.microxplorer.plugins.ip.nvic.MultiNvicIntPanel[,0,0,0x0,invalid,layout=javax.swing.BoxLayout,alignmentX=0.0,alignmentY=0.0,border=,flags=9,maximumSize=,minimumSize=,preferredSize=]
2024-08-03 23:07:48,425 [INFO] ADCParametersView:116 -                Rank 1 : true
2024-08-03 23:07:48,427 [INFO] ADCParametersView:116 -                Rank 1 : true
2024-08-03 23:07:48,428 [INFO] ADCParametersView:116 -                Rank 1 : true
2024-08-03 23:07:48,428 [INFO] ADCParametersView:116 -                Rank 1 : true
2024-08-03 23:07:48,428 [INFO] ADCParametersView:116 -                Rank 1 : true
2024-08-03 23:07:48,428 [INFO] ADCParametersView:116 -                Rank 1 : true
2024-08-03 23:07:48,429 [INFO] ADCParametersView:116 -                Rank 1 : true
2024-08-03 23:07:48,430 [INFO] ADCParametersView:116 -                Rank 1 : true
2024-08-03 23:07:48,430 [INFO] ADCParametersView:116 -                Rank 1 : true
2024-08-03 23:07:48,430 [INFO] ADCParametersView:116 -                Rank 1 : true
2024-08-03 23:07:48,431 [INFO] ADCParametersView:116 -                Rank 1 : true
2024-08-03 23:07:48,431 [INFO] ADCParametersView:116 -                Rank 1 : true
2024-08-03 23:07:48,431 [INFO] ADCParametersView:116 -                Rank 1 : true
2024-08-03 23:07:48,431 [INFO] ADCParametersView:116 -                Rank 1 : true
2024-08-03 23:07:48,431 [INFO] ADCParametersView:116 -                Rank 1 : true
2024-08-03 23:07:48,431 [INFO] ADCParametersView:116 -                Rank 1 : true
2024-08-03 23:07:48,431 [INFO] ADCParametersView:116 -                Rank 1 : true
2024-08-03 23:07:48,432 [INFO] ADCParametersView:116 -                Rank 1 : true
2024-08-03 23:07:48,432 [INFO] ADCParametersView:116 -                Rank 1 : true
2024-08-03 23:07:48,460 [INFO] ADCParametersView:116 -                Rank 1 : true
2024-08-03 23:07:48,475 [INFO] ADCParametersView:116 -                Rank 1 : true
2024-08-03 23:07:48,476 [INFO] ADCParametersView:116 -        *      Rank 2 : false
2024-08-03 23:07:51,996 [INFO] ADCParametersView:116 -                Rank 1 : true
2024-08-03 23:07:51,996 [INFO] ADCParametersView:116 -        *      Rank 2 : true
2024-08-03 23:10:23,968 [INFO] NvicIntPanel:101 - NVIC parent = com.st.microxplorer.plugins.ip.nvic.MultiNvicIntPanel[,0,0,0x0,invalid,layout=javax.swing.BoxLayout,alignmentX=0.0,alignmentY=0.0,border=,flags=9,maximumSize=,minimumSize=,preferredSize=]
2024-08-03 23:10:24,041 [INFO] ADCParametersView:116 -                Rank 1 : true
2024-08-03 23:10:24,041 [INFO] ADCParametersView:116 -        *      Rank 2 : true
2024-08-03 23:10:24,055 [INFO] ADCParametersView:116 -                Rank 1 : true
2024-08-03 23:10:24,055 [INFO] ADCParametersView:116 -        *      Rank 2 : true
2024-08-03 23:10:24,056 [INFO] ADCParametersView:116 -                Rank 1 : true
2024-08-03 23:10:24,056 [INFO] ADCParametersView:116 -        *      Rank 2 : true
2024-08-03 23:10:24,056 [INFO] ADCParametersView:116 -                Rank 1 : true
2024-08-03 23:10:24,056 [INFO] ADCParametersView:116 -        *      Rank 2 : true
2024-08-03 23:10:24,056 [INFO] ADCParametersView:116 -                Rank 1 : true
2024-08-03 23:10:24,056 [INFO] ADCParametersView:116 -        *      Rank 2 : true
2024-08-03 23:10:24,056 [INFO] ADCParametersView:116 -                Rank 1 : true
2024-08-03 23:10:24,057 [INFO] ADCParametersView:116 -        *      Rank 2 : true
2024-08-03 23:10:24,057 [INFO] ADCParametersView:116 -                Rank 1 : true
2024-08-03 23:10:24,057 [INFO] ADCParametersView:116 -        *      Rank 2 : true
2024-08-03 23:10:24,057 [INFO] ADCParametersView:116 -                Rank 1 : true
2024-08-03 23:10:24,057 [INFO] ADCParametersView:116 -        *      Rank 2 : true
2024-08-03 23:10:24,057 [INFO] ADCParametersView:116 -                Rank 1 : true
2024-08-03 23:10:24,057 [INFO] ADCParametersView:116 -        *      Rank 2 : true
2024-08-03 23:10:24,058 [INFO] ADCParametersView:116 -                Rank 1 : true
2024-08-03 23:10:24,058 [INFO] ADCParametersView:116 -        *      Rank 2 : true
2024-08-03 23:10:24,058 [INFO] ADCParametersView:116 -                Rank 1 : true
2024-08-03 23:10:24,058 [INFO] ADCParametersView:116 -        *      Rank 2 : true
2024-08-03 23:10:24,058 [INFO] ADCParametersView:116 -                Rank 1 : true
2024-08-03 23:10:24,058 [INFO] ADCParametersView:116 -        *      Rank 2 : true
2024-08-03 23:10:24,058 [INFO] ADCParametersView:116 -                Rank 1 : true
2024-08-03 23:10:24,058 [INFO] ADCParametersView:116 -        *      Rank 2 : true
2024-08-03 23:10:24,058 [INFO] ADCParametersView:116 -                Rank 1 : true
2024-08-03 23:10:24,059 [INFO] ADCParametersView:116 -        *      Rank 2 : true
2024-08-03 23:10:24,059 [INFO] ADCParametersView:116 -                Rank 1 : true
2024-08-03 23:10:24,059 [INFO] ADCParametersView:116 -        *      Rank 2 : true
2024-08-03 23:10:24,059 [INFO] ADCParametersView:116 -                Rank 1 : true
2024-08-03 23:10:24,059 [INFO] ADCParametersView:116 -        *      Rank 2 : true
2024-08-03 23:10:24,059 [INFO] ADCParametersView:116 -                Rank 1 : true
2024-08-03 23:10:24,059 [INFO] ADCParametersView:116 -        *      Rank 2 : true
2024-08-03 23:10:24,059 [INFO] ADCParametersView:116 -                Rank 1 : true
2024-08-03 23:10:24,059 [INFO] ADCParametersView:116 -        *      Rank 2 : true
2024-08-03 23:10:24,059 [INFO] ADCParametersView:116 -                Rank 1 : true
2024-08-03 23:10:24,059 [INFO] ADCParametersView:116 -        *      Rank 2 : true
2024-08-03 23:10:24,059 [INFO] ADCParametersView:116 -        *      Rank 2 : true
2024-08-03 23:10:24,095 [INFO] ADCParametersView:116 -                Rank 1 : true
2024-08-03 23:10:24,095 [INFO] ADCParametersView:116 -                Rank 1 : true
2024-08-03 23:10:24,096 [INFO] ADCParametersView:116 -                Rank 2 : true
2024-08-03 23:10:25,041 [INFO] NvicIntPanel:101 - NVIC parent = com.st.microxplorer.plugins.ip.nvic.MultiNvicIntPanel[,0,0,0x0,invalid,layout=javax.swing.BoxLayout,alignmentX=0.0,alignmentY=0.0,border=,flags=9,maximumSize=,minimumSize=,preferredSize=]
2024-08-03 23:10:25,083 [INFO] ADCParametersView:116 -                Rank 1 : true
2024-08-03 23:10:25,083 [INFO] ADCParametersView:116 -                Rank 2 : true
2024-08-03 23:10:25,090 [INFO] ADCParametersView:116 -                Rank 1 : true
2024-08-03 23:10:25,091 [INFO] ADCParametersView:116 -                Rank 2 : true
2024-08-03 23:10:25,092 [INFO] ADCParametersView:116 -                Rank 1 : true
2024-08-03 23:10:25,092 [INFO] ADCParametersView:116 -                Rank 2 : true
2024-08-03 23:10:25,092 [INFO] ADCParametersView:116 -                Rank 1 : true
2024-08-03 23:10:25,092 [INFO] ADCParametersView:116 -                Rank 2 : true
2024-08-03 23:10:25,092 [INFO] ADCParametersView:116 -                Rank 1 : true
2024-08-03 23:10:25,092 [INFO] ADCParametersView:116 -                Rank 2 : true
2024-08-03 23:10:25,093 [INFO] ADCParametersView:116 -                Rank 1 : true
2024-08-03 23:10:25,093 [INFO] ADCParametersView:116 -                Rank 2 : true
2024-08-03 23:10:25,093 [INFO] ADCParametersView:116 -                Rank 1 : true
2024-08-03 23:10:25,093 [INFO] ADCParametersView:116 -                Rank 2 : true
2024-08-03 23:10:25,093 [INFO] ADCParametersView:116 -                Rank 1 : true
2024-08-03 23:10:25,093 [INFO] ADCParametersView:116 -                Rank 2 : true
2024-08-03 23:10:25,093 [INFO] ADCParametersView:116 -                Rank 1 : true
2024-08-03 23:10:25,093 [INFO] ADCParametersView:116 -                Rank 2 : true
2024-08-03 23:10:25,094 [INFO] ADCParametersView:116 -                Rank 1 : true
2024-08-03 23:10:25,094 [INFO] ADCParametersView:116 -                Rank 2 : true
2024-08-03 23:10:25,094 [INFO] ADCParametersView:116 -                Rank 1 : true
2024-08-03 23:10:25,094 [INFO] ADCParametersView:116 -                Rank 2 : true
2024-08-03 23:10:25,094 [INFO] ADCParametersView:116 -                Rank 1 : true
2024-08-03 23:10:25,094 [INFO] ADCParametersView:116 -                Rank 2 : true
2024-08-03 23:10:25,094 [INFO] ADCParametersView:116 -                Rank 1 : true
2024-08-03 23:10:25,094 [INFO] ADCParametersView:116 -                Rank 2 : true
2024-08-03 23:10:25,094 [INFO] ADCParametersView:116 -                Rank 1 : true
2024-08-03 23:10:25,094 [INFO] ADCParametersView:116 -                Rank 2 : true
2024-08-03 23:10:25,095 [INFO] ADCParametersView:116 -                Rank 1 : true
2024-08-03 23:10:25,095 [INFO] ADCParametersView:116 -                Rank 2 : true
2024-08-03 23:10:25,095 [INFO] ADCParametersView:116 -                Rank 1 : true
2024-08-03 23:10:25,095 [INFO] ADCParametersView:116 -                Rank 2 : true
2024-08-03 23:10:25,095 [INFO] ADCParametersView:116 -                Rank 1 : true
2024-08-03 23:10:25,095 [INFO] ADCParametersView:116 -                Rank 2 : true
2024-08-03 23:10:25,095 [INFO] ADCParametersView:116 -                Rank 1 : true
2024-08-03 23:10:25,095 [INFO] ADCParametersView:116 -                Rank 2 : true
2024-08-03 23:10:25,095 [INFO] ADCParametersView:116 -                Rank 1 : true
2024-08-03 23:10:25,095 [INFO] ADCParametersView:116 -                Rank 2 : true
2024-08-03 23:10:25,095 [INFO] ADCParametersView:116 -                Rank 2 : true
2024-08-03 23:10:25,130 [INFO] ADCParametersView:116 -                Rank 1 : true
2024-08-03 23:10:25,130 [INFO] ADCParametersView:116 -                Rank 1 : true
2024-08-03 23:10:25,131 [INFO] ADCParametersView:116 -                Rank 2 : true
2024-08-03 23:14:04,257 [INFO] ParamManager:886 - [Generic UI] PropertyChangeEvent: TAB_STATUS_CHANGED , "dont care", "never mind"
2024-08-03 23:14:04,365 [INFO] ADCParametersView:116 -                Rank 1 : true
2024-08-03 23:14:04,365 [INFO] ADCParametersView:116 -                Rank 2 : true
2024-08-03 23:14:04,381 [INFO] ADCParametersView:116 -                Rank 1 : true
2024-08-03 23:14:04,382 [INFO] ADCParametersView:116 -                Rank 2 : true
2024-08-03 23:14:04,382 [INFO] ADCParametersView:116 -                Rank 1 : true
2024-08-03 23:14:04,382 [INFO] ADCParametersView:116 -                Rank 2 : true
2024-08-03 23:14:04,383 [INFO] ADCParametersView:116 -                Rank 1 : true
2024-08-03 23:14:04,383 [INFO] ADCParametersView:116 -                Rank 2 : true
2024-08-03 23:14:04,383 [INFO] ADCParametersView:116 -                Rank 1 : true
2024-08-03 23:14:04,383 [INFO] ADCParametersView:116 -                Rank 2 : true
2024-08-03 23:14:04,384 [INFO] ADCParametersView:116 -                Rank 1 : true
2024-08-03 23:14:04,384 [INFO] ADCParametersView:116 -                Rank 2 : true
2024-08-03 23:14:04,384 [INFO] ADCParametersView:116 -                Rank 1 : true
2024-08-03 23:14:04,384 [INFO] ADCParametersView:116 -                Rank 2 : true
2024-08-03 23:14:04,384 [INFO] ADCParametersView:116 -                Rank 1 : true
2024-08-03 23:14:04,384 [INFO] ADCParametersView:116 -                Rank 2 : true
2024-08-03 23:14:04,384 [INFO] ADCParametersView:116 -                Rank 1 : true
2024-08-03 23:14:04,385 [INFO] ADCParametersView:116 -                Rank 2 : true
2024-08-03 23:14:04,385 [INFO] ADCParametersView:116 -                Rank 1 : true
2024-08-03 23:14:04,385 [INFO] ADCParametersView:116 -                Rank 2 : true
2024-08-03 23:14:04,385 [INFO] ADCParametersView:116 -                Rank 1 : true
2024-08-03 23:14:04,385 [INFO] ADCParametersView:116 -                Rank 2 : true
2024-08-03 23:14:04,385 [INFO] ADCParametersView:116 -                Rank 1 : true
2024-08-03 23:14:04,385 [INFO] ADCParametersView:116 -                Rank 2 : true
2024-08-03 23:14:04,385 [INFO] ADCParametersView:116 -                Rank 1 : true
2024-08-03 23:14:04,386 [INFO] ADCParametersView:116 -                Rank 2 : true
2024-08-03 23:14:04,386 [INFO] ADCParametersView:116 -                Rank 1 : true
2024-08-03 23:14:04,386 [INFO] ADCParametersView:116 -                Rank 2 : true
2024-08-03 23:14:04,386 [INFO] ADCParametersView:116 -                Rank 1 : true
2024-08-03 23:14:04,386 [INFO] ADCParametersView:116 -                Rank 2 : true
2024-08-03 23:14:04,386 [INFO] ADCParametersView:116 -                Rank 1 : true
2024-08-03 23:14:04,386 [INFO] ADCParametersView:116 -                Rank 2 : true
2024-08-03 23:14:04,386 [INFO] ADCParametersView:116 -                Rank 1 : true
2024-08-03 23:14:04,386 [INFO] ADCParametersView:116 -                Rank 2 : true
2024-08-03 23:14:04,386 [INFO] ADCParametersView:116 -                Rank 1 : true
2024-08-03 23:14:04,386 [INFO] ADCParametersView:116 -                Rank 2 : true
2024-08-03 23:14:04,386 [INFO] ADCParametersView:116 -                Rank 1 : true
2024-08-03 23:14:04,387 [INFO] ADCParametersView:116 -                Rank 2 : true
2024-08-03 23:14:04,387 [INFO] ADCParametersView:116 -                Rank 2 : true
2024-08-03 23:14:04,466 [INFO] ADCParametersView:116 -                Rank 1 : true
2024-08-03 23:14:04,469 [INFO] ADCParametersView:116 -                Rank 1 : true
2024-08-03 23:14:04,469 [INFO] ADCParametersView:116 -                Rank 2 : true
2024-08-03 23:14:04,540 [INFO] ADCParametersView:116 -                Rank 1 : true
2024-08-03 23:14:04,541 [INFO] ADCParametersView:116 -                Rank 2 : true
2024-08-03 23:14:04,542 [INFO] ADCParametersView:116 -                Rank 1 : true
2024-08-03 23:14:04,542 [INFO] ADCParametersView:116 -                Rank 2 : true
2024-08-03 23:14:04,542 [INFO] ADCParametersView:116 -                Rank 1 : true
2024-08-03 23:14:04,542 [INFO] ADCParametersView:116 -                Rank 2 : true
2024-08-03 23:14:04,543 [INFO] ADCParametersView:116 -                Rank 1 : true
2024-08-03 23:14:04,543 [INFO] ADCParametersView:116 -                Rank 2 : true
2024-08-03 23:14:04,543 [INFO] ADCParametersView:116 -                Rank 1 : true
2024-08-03 23:14:04,543 [INFO] ADCParametersView:116 -                Rank 2 : true
2024-08-03 23:14:04,543 [INFO] ADCParametersView:116 -                Rank 1 : true
2024-08-03 23:14:04,544 [INFO] ADCParametersView:116 -                Rank 2 : true
2024-08-03 23:14:04,544 [INFO] ADCParametersView:116 -                Rank 1 : true
2024-08-03 23:14:04,544 [INFO] ADCParametersView:116 -                Rank 2 : true
2024-08-03 23:14:04,544 [INFO] ADCParametersView:116 -                Rank 1 : true
2024-08-03 23:14:04,544 [INFO] ADCParametersView:116 -                Rank 2 : true
2024-08-03 23:14:04,544 [INFO] ADCParametersView:116 -                Rank 1 : true
2024-08-03 23:14:04,544 [INFO] ADCParametersView:116 -                Rank 2 : true
2024-08-03 23:14:04,545 [INFO] ADCParametersView:116 -                Rank 1 : true
2024-08-03 23:14:04,545 [INFO] ADCParametersView:116 -                Rank 2 : true
2024-08-03 23:14:04,545 [INFO] ADCParametersView:116 -                Rank 1 : true
2024-08-03 23:14:04,545 [INFO] ADCParametersView:116 -                Rank 2 : true
2024-08-03 23:14:04,545 [INFO] ADCParametersView:116 -                Rank 1 : true
2024-08-03 23:14:04,545 [INFO] ADCParametersView:116 -                Rank 2 : true
2024-08-03 23:14:04,545 [INFO] ADCParametersView:116 -                Rank 1 : true
2024-08-03 23:14:04,545 [INFO] ADCParametersView:116 -                Rank 2 : true
2024-08-03 23:14:04,545 [INFO] ADCParametersView:116 -                Rank 1 : true
2024-08-03 23:14:04,546 [INFO] ADCParametersView:116 -                Rank 2 : true
2024-08-03 23:14:04,546 [INFO] ADCParametersView:116 -                Rank 1 : true
2024-08-03 23:14:04,546 [INFO] ADCParametersView:116 -                Rank 2 : true
2024-08-03 23:14:04,546 [INFO] ADCParametersView:116 -                Rank 1 : true
2024-08-03 23:14:04,546 [INFO] ADCParametersView:116 -                Rank 2 : true
2024-08-03 23:14:04,546 [INFO] ADCParametersView:116 -                Rank 1 : true
2024-08-03 23:14:04,546 [INFO] ADCParametersView:116 -                Rank 2 : true
2024-08-03 23:14:04,546 [INFO] ADCParametersView:116 -                Rank 1 : true
2024-08-03 23:14:04,546 [INFO] ADCParametersView:116 -                Rank 2 : true
2024-08-03 23:14:04,546 [INFO] ADCParametersView:116 -                Rank 1 : true
2024-08-03 23:14:04,546 [INFO] ADCParametersView:116 -                Rank 2 : true
2024-08-03 23:14:04,546 [INFO] ADCParametersView:116 -                Rank 2 : true
2024-08-03 23:14:04,584 [INFO] ADCParametersView:116 -                Rank 1 : true
2024-08-03 23:14:04,585 [INFO] ADCParametersView:116 -                Rank 1 : true
2024-08-03 23:14:04,585 [INFO] ADCParametersView:116 -                Rank 2 : true
2024-08-03 23:14:05,279 [INFO] ParamManager:886 - [Generic UI] PropertyChangeEvent: TAB_STATUS_CHANGED , "dont care", "never mind"
2024-08-03 23:14:05,333 [INFO] ADCParametersView:116 -                Rank 1 : true
2024-08-03 23:14:05,334 [INFO] ADCParametersView:116 -                Rank 2 : true
2024-08-03 23:14:05,335 [INFO] ADCParametersView:116 -                Rank 1 : true
2024-08-03 23:14:05,335 [INFO] ADCParametersView:116 -                Rank 2 : true
2024-08-03 23:14:05,336 [INFO] ADCParametersView:116 -                Rank 1 : true
2024-08-03 23:14:05,336 [INFO] ADCParametersView:116 -                Rank 2 : true
2024-08-03 23:14:05,336 [INFO] ADCParametersView:116 -                Rank 1 : true
2024-08-03 23:14:05,336 [INFO] ADCParametersView:116 -                Rank 2 : true
2024-08-03 23:14:05,336 [INFO] ADCParametersView:116 -                Rank 1 : true
2024-08-03 23:14:05,337 [INFO] ADCParametersView:116 -                Rank 2 : true
2024-08-03 23:14:05,337 [INFO] ADCParametersView:116 -                Rank 1 : true
2024-08-03 23:14:05,337 [INFO] ADCParametersView:116 -                Rank 2 : true
2024-08-03 23:14:05,337 [INFO] ADCParametersView:116 -                Rank 1 : true
2024-08-03 23:14:05,337 [INFO] ADCParametersView:116 -                Rank 2 : true
2024-08-03 23:14:05,337 [INFO] ADCParametersView:116 -                Rank 1 : true
2024-08-03 23:14:05,337 [INFO] ADCParametersView:116 -                Rank 2 : true
2024-08-03 23:14:05,338 [INFO] ADCParametersView:116 -                Rank 1 : true
2024-08-03 23:14:05,338 [INFO] ADCParametersView:116 -                Rank 2 : true
2024-08-03 23:14:05,338 [INFO] ADCParametersView:116 -                Rank 1 : true
2024-08-03 23:14:05,338 [INFO] ADCParametersView:116 -                Rank 2 : true
2024-08-03 23:14:05,338 [INFO] ADCParametersView:116 -                Rank 1 : true
2024-08-03 23:14:05,338 [INFO] ADCParametersView:116 -                Rank 2 : true
2024-08-03 23:14:05,338 [INFO] ADCParametersView:116 -                Rank 1 : true
2024-08-03 23:14:05,339 [INFO] ADCParametersView:116 -                Rank 2 : true
2024-08-03 23:14:05,339 [INFO] ADCParametersView:116 -                Rank 1 : true
2024-08-03 23:14:05,339 [INFO] ADCParametersView:116 -                Rank 2 : true
2024-08-03 23:14:05,339 [INFO] ADCParametersView:116 -                Rank 1 : true
2024-08-03 23:14:05,339 [INFO] ADCParametersView:116 -                Rank 2 : true
2024-08-03 23:14:05,339 [INFO] ADCParametersView:116 -                Rank 1 : true
2024-08-03 23:14:05,339 [INFO] ADCParametersView:116 -                Rank 2 : true
2024-08-03 23:14:05,339 [INFO] ADCParametersView:116 -                Rank 1 : true
2024-08-03 23:14:05,339 [INFO] ADCParametersView:116 -                Rank 2 : true
2024-08-03 23:14:05,339 [INFO] ADCParametersView:116 -                Rank 1 : true
2024-08-03 23:14:05,339 [INFO] ADCParametersView:116 -                Rank 2 : true
2024-08-03 23:14:05,340 [INFO] ADCParametersView:116 -                Rank 1 : true
2024-08-03 23:14:05,340 [INFO] ADCParametersView:116 -                Rank 2 : true
2024-08-03 23:14:05,340 [INFO] ADCParametersView:116 -                Rank 1 : true
2024-08-03 23:14:05,340 [INFO] ADCParametersView:116 -                Rank 2 : true
2024-08-03 23:14:05,340 [INFO] ADCParametersView:116 -                Rank 2 : true
2024-08-03 23:14:05,371 [INFO] ADCParametersView:116 -                Rank 1 : true
2024-08-03 23:14:05,372 [INFO] ADCParametersView:116 -                Rank 1 : true
2024-08-03 23:14:05,372 [INFO] ADCParametersView:116 -                Rank 2 : true
2024-08-03 23:14:05,415 [INFO] ADCParametersView:116 -                Rank 1 : true
2024-08-03 23:14:05,415 [INFO] ADCParametersView:116 -                Rank 2 : true
2024-08-03 23:14:05,417 [INFO] ADCParametersView:116 -                Rank 1 : true
2024-08-03 23:14:05,417 [INFO] ADCParametersView:116 -                Rank 2 : true
2024-08-03 23:14:05,417 [INFO] ADCParametersView:116 -                Rank 1 : true
2024-08-03 23:14:05,417 [INFO] ADCParametersView:116 -                Rank 2 : true
2024-08-03 23:14:05,417 [INFO] ADCParametersView:116 -                Rank 1 : true
2024-08-03 23:14:05,417 [INFO] ADCParametersView:116 -                Rank 2 : true
2024-08-03 23:14:05,418 [INFO] ADCParametersView:116 -                Rank 1 : true
2024-08-03 23:14:05,418 [INFO] ADCParametersView:116 -                Rank 2 : true
2024-08-03 23:14:05,418 [INFO] ADCParametersView:116 -                Rank 1 : true
2024-08-03 23:14:05,418 [INFO] ADCParametersView:116 -                Rank 2 : true
2024-08-03 23:14:05,418 [INFO] ADCParametersView:116 -                Rank 1 : true
2024-08-03 23:14:05,418 [INFO] ADCParametersView:116 -                Rank 2 : true
2024-08-03 23:14:05,419 [INFO] ADCParametersView:116 -                Rank 1 : true
2024-08-03 23:14:05,419 [INFO] ADCParametersView:116 -                Rank 2 : true
2024-08-03 23:14:05,419 [INFO] ADCParametersView:116 -                Rank 1 : true
2024-08-03 23:14:05,419 [INFO] ADCParametersView:116 -                Rank 2 : true
2024-08-03 23:14:05,419 [INFO] ADCParametersView:116 -                Rank 1 : true
2024-08-03 23:14:05,419 [INFO] ADCParametersView:116 -                Rank 2 : true
2024-08-03 23:14:05,419 [INFO] ADCParametersView:116 -                Rank 1 : true
2024-08-03 23:14:05,420 [INFO] ADCParametersView:116 -                Rank 2 : true
2024-08-03 23:14:05,420 [INFO] ADCParametersView:116 -                Rank 1 : true
2024-08-03 23:14:05,420 [INFO] ADCParametersView:116 -                Rank 2 : true
2024-08-03 23:14:05,420 [INFO] ADCParametersView:116 -                Rank 1 : true
2024-08-03 23:14:05,420 [INFO] ADCParametersView:116 -                Rank 2 : true
2024-08-03 23:14:05,420 [INFO] ADCParametersView:116 -                Rank 1 : true
2024-08-03 23:14:05,420 [INFO] ADCParametersView:116 -                Rank 2 : true
2024-08-03 23:14:05,421 [INFO] ADCParametersView:116 -                Rank 1 : true
2024-08-03 23:14:05,421 [INFO] ADCParametersView:116 -                Rank 2 : true
2024-08-03 23:14:05,421 [INFO] ADCParametersView:116 -                Rank 1 : true
2024-08-03 23:14:05,421 [INFO] ADCParametersView:116 -                Rank 2 : true
2024-08-03 23:14:05,421 [INFO] ADCParametersView:116 -                Rank 1 : true
2024-08-03 23:14:05,421 [INFO] ADCParametersView:116 -                Rank 2 : true
2024-08-03 23:14:05,421 [INFO] ADCParametersView:116 -                Rank 1 : true
2024-08-03 23:14:05,421 [INFO] ADCParametersView:116 -                Rank 2 : true
2024-08-03 23:14:05,421 [INFO] ADCParametersView:116 -                Rank 1 : true
2024-08-03 23:14:05,421 [INFO] ADCParametersView:116 -                Rank 2 : true
2024-08-03 23:14:05,421 [INFO] ADCParametersView:116 -                Rank 2 : true
2024-08-03 23:14:05,451 [INFO] ADCParametersView:116 -                Rank 1 : true
2024-08-03 23:14:05,451 [INFO] ADCParametersView:116 -                Rank 1 : true
2024-08-03 23:14:05,451 [INFO] ADCParametersView:116 -                Rank 2 : true
2024-08-03 23:14:14,893 [INFO] ParamManager:886 - [Generic UI] PropertyChangeEvent: TAB_STATUS_CHANGED , "dont care", "never mind"
2024-08-03 23:14:14,939 [INFO] ADCParametersView:116 -                Rank 1 : true
2024-08-03 23:14:14,939 [INFO] ADCParametersView:116 -                Rank 2 : true
2024-08-03 23:14:14,941 [INFO] ADCParametersView:116 -                Rank 1 : true
2024-08-03 23:14:14,941 [INFO] ADCParametersView:116 -                Rank 2 : true
2024-08-03 23:14:14,941 [INFO] ADCParametersView:116 -                Rank 1 : true
2024-08-03 23:14:14,941 [INFO] ADCParametersView:116 -                Rank 2 : true
2024-08-03 23:14:14,941 [INFO] ADCParametersView:116 -                Rank 1 : true
2024-08-03 23:14:14,941 [INFO] ADCParametersView:116 -                Rank 2 : true
2024-08-03 23:14:14,942 [INFO] ADCParametersView:116 -                Rank 1 : true
2024-08-03 23:14:14,942 [INFO] ADCParametersView:116 -                Rank 2 : true
2024-08-03 23:14:14,942 [INFO] ADCParametersView:116 -                Rank 1 : true
2024-08-03 23:14:14,942 [INFO] ADCParametersView:116 -                Rank 2 : true
2024-08-03 23:14:14,942 [INFO] ADCParametersView:116 -                Rank 1 : true
2024-08-03 23:14:14,942 [INFO] ADCParametersView:116 -                Rank 2 : true
2024-08-03 23:14:14,943 [INFO] ADCParametersView:116 -                Rank 1 : true
2024-08-03 23:14:14,943 [INFO] ADCParametersView:116 -                Rank 2 : true
2024-08-03 23:14:14,943 [INFO] ADCParametersView:116 -                Rank 1 : true
2024-08-03 23:14:14,943 [INFO] ADCParametersView:116 -                Rank 2 : true
2024-08-03 23:14:14,943 [INFO] ADCParametersView:116 -                Rank 1 : true
2024-08-03 23:14:14,943 [INFO] ADCParametersView:116 -                Rank 2 : true
2024-08-03 23:14:14,943 [INFO] ADCParametersView:116 -                Rank 1 : true
2024-08-03 23:14:14,943 [INFO] ADCParametersView:116 -                Rank 2 : true
2024-08-03 23:14:14,944 [INFO] ADCParametersView:116 -                Rank 1 : true
2024-08-03 23:14:14,944 [INFO] ADCParametersView:116 -                Rank 2 : true
2024-08-03 23:14:14,944 [INFO] ADCParametersView:116 -                Rank 1 : true
2024-08-03 23:14:14,944 [INFO] ADCParametersView:116 -                Rank 2 : true
2024-08-03 23:14:14,944 [INFO] ADCParametersView:116 -                Rank 1 : true
2024-08-03 23:14:14,944 [INFO] ADCParametersView:116 -                Rank 2 : true
2024-08-03 23:14:14,944 [INFO] ADCParametersView:116 -                Rank 1 : true
2024-08-03 23:14:14,944 [INFO] ADCParametersView:116 -                Rank 2 : true
2024-08-03 23:14:14,945 [INFO] ADCParametersView:116 -                Rank 1 : true
2024-08-03 23:14:14,945 [INFO] ADCParametersView:116 -                Rank 2 : true
2024-08-03 23:14:14,945 [INFO] ADCParametersView:116 -                Rank 1 : true
2024-08-03 23:14:14,945 [INFO] ADCParametersView:116 -                Rank 2 : true
2024-08-03 23:14:14,945 [INFO] ADCParametersView:116 -                Rank 1 : true
2024-08-03 23:14:14,945 [INFO] ADCParametersView:116 -                Rank 2 : true
2024-08-03 23:14:14,945 [INFO] ADCParametersView:116 -                Rank 1 : true
2024-08-03 23:14:14,945 [INFO] ADCParametersView:116 -                Rank 2 : true
2024-08-03 23:14:14,945 [INFO] ADCParametersView:116 -                Rank 2 : true
2024-08-03 23:14:15,003 [INFO] ADCParametersView:116 -                Rank 1 : true
2024-08-03 23:14:15,004 [INFO] ADCParametersView:116 -                Rank 1 : true
2024-08-03 23:14:15,004 [INFO] ADCParametersView:116 -                Rank 2 : true
2024-08-03 23:14:15,049 [INFO] ADCParametersView:116 -                Rank 1 : true
2024-08-03 23:14:15,049 [INFO] ADCParametersView:116 -                Rank 2 : true
2024-08-03 23:14:15,050 [INFO] ADCParametersView:116 -                Rank 1 : true
2024-08-03 23:14:15,051 [INFO] ADCParametersView:116 -                Rank 2 : true
2024-08-03 23:14:15,051 [INFO] ADCParametersView:116 -                Rank 1 : true
2024-08-03 23:14:15,051 [INFO] ADCParametersView:116 -                Rank 2 : true
2024-08-03 23:14:15,051 [INFO] ADCParametersView:116 -                Rank 1 : true
2024-08-03 23:14:15,051 [INFO] ADCParametersView:116 -                Rank 2 : true
2024-08-03 23:14:15,052 [INFO] ADCParametersView:116 -                Rank 1 : true
2024-08-03 23:14:15,052 [INFO] ADCParametersView:116 -                Rank 2 : true
2024-08-03 23:14:15,052 [INFO] ADCParametersView:116 -                Rank 1 : true
2024-08-03 23:14:15,052 [INFO] ADCParametersView:116 -                Rank 2 : true
2024-08-03 23:14:15,052 [INFO] ADCParametersView:116 -                Rank 1 : true
2024-08-03 23:14:15,052 [INFO] ADCParametersView:116 -                Rank 2 : true
2024-08-03 23:14:15,053 [INFO] ADCParametersView:116 -                Rank 1 : true
2024-08-03 23:14:15,053 [INFO] ADCParametersView:116 -                Rank 2 : true
2024-08-03 23:14:15,053 [INFO] ADCParametersView:116 -                Rank 1 : true
2024-08-03 23:14:15,053 [INFO] ADCParametersView:116 -                Rank 2 : true
2024-08-03 23:14:15,053 [INFO] ADCParametersView:116 -                Rank 1 : true
2024-08-03 23:14:15,053 [INFO] ADCParametersView:116 -                Rank 2 : true
2024-08-03 23:14:15,053 [INFO] ADCParametersView:116 -                Rank 1 : true
2024-08-03 23:14:15,054 [INFO] ADCParametersView:116 -                Rank 2 : true
2024-08-03 23:14:15,054 [INFO] ADCParametersView:116 -                Rank 1 : true
2024-08-03 23:14:15,054 [INFO] ADCParametersView:116 -                Rank 2 : true
2024-08-03 23:14:15,054 [INFO] ADCParametersView:116 -                Rank 1 : true
2024-08-03 23:14:15,054 [INFO] ADCParametersView:116 -                Rank 2 : true
2024-08-03 23:14:15,055 [INFO] ADCParametersView:116 -                Rank 1 : true
2024-08-03 23:14:15,055 [INFO] ADCParametersView:116 -                Rank 2 : true
2024-08-03 23:14:15,055 [INFO] ADCParametersView:116 -                Rank 1 : true
2024-08-03 23:14:15,055 [INFO] ADCParametersView:116 -                Rank 2 : true
2024-08-03 23:14:15,055 [INFO] ADCParametersView:116 -                Rank 1 : true
2024-08-03 23:14:15,055 [INFO] ADCParametersView:116 -                Rank 2 : true
2024-08-03 23:14:15,055 [INFO] ADCParametersView:116 -                Rank 1 : true
2024-08-03 23:14:15,055 [INFO] ADCParametersView:116 -                Rank 2 : true
2024-08-03 23:14:15,055 [INFO] ADCParametersView:116 -                Rank 1 : true
2024-08-03 23:14:15,055 [INFO] ADCParametersView:116 -                Rank 2 : true
2024-08-03 23:14:15,055 [INFO] ADCParametersView:116 -                Rank 1 : true
2024-08-03 23:14:15,055 [INFO] ADCParametersView:116 -                Rank 2 : true
2024-08-03 23:14:15,055 [INFO] ADCParametersView:116 -                Rank 2 : true
2024-08-03 23:14:15,086 [INFO] ADCParametersView:116 -                Rank 1 : true
2024-08-03 23:14:15,087 [INFO] ADCParametersView:116 -                Rank 1 : true
2024-08-03 23:14:15,087 [INFO] ADCParametersView:116 -                Rank 2 : true
2024-08-03 23:14:30,748 [INFO] ADCParametersView:116 -                Rank 1 : true
2024-08-03 23:14:30,758 [INFO] ADCParametersView:116 -                Rank 2 : true
2024-08-03 23:14:30,765 [INFO] ADCParametersView:116 -                Rank 1 : true
2024-08-03 23:14:30,765 [INFO] ADCParametersView:116 -                Rank 2 : true
2024-08-03 23:14:30,766 [INFO] ADCParametersView:116 -                Rank 1 : true
2024-08-03 23:14:30,766 [INFO] ADCParametersView:116 -                Rank 2 : true
2024-08-03 23:14:30,766 [INFO] ADCParametersView:116 -                Rank 1 : true
2024-08-03 23:14:30,766 [INFO] ADCParametersView:116 -                Rank 2 : true
2024-08-03 23:14:30,767 [INFO] ADCParametersView:116 -                Rank 1 : true
2024-08-03 23:14:30,767 [INFO] ADCParametersView:116 -                Rank 2 : true
2024-08-03 23:14:30,767 [INFO] ADCParametersView:116 -                Rank 1 : true
2024-08-03 23:14:30,767 [INFO] ADCParametersView:116 -                Rank 2 : true
2024-08-03 23:14:30,767 [INFO] ADCParametersView:116 -                Rank 1 : true
2024-08-03 23:14:30,767 [INFO] ADCParametersView:116 -                Rank 2 : true
2024-08-03 23:14:30,768 [INFO] ADCParametersView:116 -                Rank 1 : true
2024-08-03 23:14:30,768 [INFO] ADCParametersView:116 -                Rank 2 : true
2024-08-03 23:14:30,768 [INFO] ADCParametersView:116 -                Rank 1 : true
2024-08-03 23:14:30,768 [INFO] ADCParametersView:116 -                Rank 2 : true
2024-08-03 23:14:30,768 [INFO] ADCParametersView:116 -                Rank 1 : true
2024-08-03 23:14:30,768 [INFO] ADCParametersView:116 -                Rank 2 : true
2024-08-03 23:14:30,768 [INFO] ADCParametersView:116 -                Rank 1 : true
2024-08-03 23:14:30,769 [INFO] ADCParametersView:116 -                Rank 2 : true
2024-08-03 23:14:30,769 [INFO] ADCParametersView:116 -                Rank 1 : true
2024-08-03 23:14:30,769 [INFO] ADCParametersView:116 -                Rank 2 : true
2024-08-03 23:14:30,769 [INFO] ADCParametersView:116 -                Rank 1 : true
2024-08-03 23:14:30,769 [INFO] ADCParametersView:116 -                Rank 2 : true
2024-08-03 23:14:30,769 [INFO] ADCParametersView:116 -                Rank 1 : true
2024-08-03 23:14:30,769 [INFO] ADCParametersView:116 -                Rank 2 : true
2024-08-03 23:14:30,770 [INFO] ADCParametersView:116 -                Rank 1 : true
2024-08-03 23:14:30,770 [INFO] ADCParametersView:116 -                Rank 2 : true
2024-08-03 23:14:30,770 [INFO] ADCParametersView:116 -                Rank 1 : true
2024-08-03 23:14:30,770 [INFO] ADCParametersView:116 -                Rank 2 : true
2024-08-03 23:14:30,770 [INFO] ADCParametersView:116 -                Rank 1 : true
2024-08-03 23:14:30,770 [INFO] ADCParametersView:116 -                Rank 2 : true
2024-08-03 23:14:30,770 [INFO] ADCParametersView:116 -                Rank 1 : true
2024-08-03 23:14:30,770 [INFO] ADCParametersView:116 -                Rank 2 : true
2024-08-03 23:14:30,770 [INFO] ADCParametersView:116 -                Rank 1 : true
2024-08-03 23:14:30,770 [INFO] ADCParametersView:116 -                Rank 2 : true
2024-08-03 23:14:30,771 [INFO] ADCParametersView:116 -                Rank 2 : true
2024-08-03 23:14:30,812 [INFO] ADCParametersView:116 -                Rank 1 : true
2024-08-03 23:14:30,813 [INFO] ADCParametersView:116 -                Rank 1 : true
2024-08-03 23:14:30,813 [INFO] ADCParametersView:116 -                Rank 2 : true
2024-08-03 23:14:30,883 [INFO] ADCParametersView:116 -                Rank 1 : true
2024-08-03 23:14:30,883 [INFO] ADCParametersView:116 -                Rank 2 : true
2024-08-03 23:14:30,885 [INFO] ADCParametersView:116 -                Rank 1 : true
2024-08-03 23:14:30,885 [INFO] ADCParametersView:116 -                Rank 2 : true
2024-08-03 23:14:30,885 [INFO] ADCParametersView:116 -                Rank 1 : true
2024-08-03 23:14:30,885 [INFO] ADCParametersView:116 -                Rank 2 : true
2024-08-03 23:14:30,886 [INFO] ADCParametersView:116 -                Rank 1 : true
2024-08-03 23:14:30,886 [INFO] ADCParametersView:116 -                Rank 2 : true
2024-08-03 23:14:30,886 [INFO] ADCParametersView:116 -                Rank 1 : true
2024-08-03 23:14:30,886 [INFO] ADCParametersView:116 -                Rank 2 : true
2024-08-03 23:14:30,886 [INFO] ADCParametersView:116 -                Rank 1 : true
2024-08-03 23:14:30,886 [INFO] ADCParametersView:116 -                Rank 2 : true
2024-08-03 23:14:30,887 [INFO] ADCParametersView:116 -                Rank 1 : true
2024-08-03 23:14:30,887 [INFO] ADCParametersView:116 -                Rank 2 : true
2024-08-03 23:14:30,887 [INFO] ADCParametersView:116 -                Rank 1 : true
2024-08-03 23:14:30,887 [INFO] ADCParametersView:116 -                Rank 2 : true
2024-08-03 23:14:30,887 [INFO] ADCParametersView:116 -                Rank 1 : true
2024-08-03 23:14:30,887 [INFO] ADCParametersView:116 -                Rank 2 : true
2024-08-03 23:14:30,888 [INFO] ADCParametersView:116 -                Rank 1 : true
2024-08-03 23:14:30,888 [INFO] ADCParametersView:116 -                Rank 2 : true
2024-08-03 23:14:30,888 [INFO] ADCParametersView:116 -                Rank 1 : true
2024-08-03 23:14:30,888 [INFO] ADCParametersView:116 -                Rank 2 : true
2024-08-03 23:14:30,888 [INFO] ADCParametersView:116 -                Rank 1 : true
2024-08-03 23:14:30,888 [INFO] ADCParametersView:116 -                Rank 2 : true
2024-08-03 23:14:30,888 [INFO] ADCParametersView:116 -                Rank 1 : true
2024-08-03 23:14:30,888 [INFO] ADCParametersView:116 -                Rank 2 : true
2024-08-03 23:14:30,889 [INFO] ADCParametersView:116 -                Rank 1 : true
2024-08-03 23:14:30,889 [INFO] ADCParametersView:116 -                Rank 2 : true
2024-08-03 23:14:30,889 [INFO] ADCParametersView:116 -                Rank 1 : true
2024-08-03 23:14:30,889 [INFO] ADCParametersView:116 -                Rank 2 : true
2024-08-03 23:14:30,889 [INFO] ADCParametersView:116 -                Rank 1 : true
2024-08-03 23:14:30,889 [INFO] ADCParametersView:116 -                Rank 2 : true
2024-08-03 23:14:30,889 [INFO] ADCParametersView:116 -                Rank 1 : true
2024-08-03 23:14:30,889 [INFO] ADCParametersView:116 -                Rank 2 : true
2024-08-03 23:14:30,889 [INFO] ADCParametersView:116 -                Rank 1 : true
2024-08-03 23:14:30,889 [INFO] ADCParametersView:116 -                Rank 2 : true
2024-08-03 23:14:30,890 [INFO] ADCParametersView:116 -                Rank 1 : true
2024-08-03 23:14:30,890 [INFO] ADCParametersView:116 -                Rank 2 : true
2024-08-03 23:14:30,890 [INFO] ADCParametersView:116 -                Rank 2 : true
2024-08-03 23:14:30,919 [INFO] ADCParametersView:116 -                Rank 1 : true
2024-08-03 23:14:30,919 [INFO] ADCParametersView:116 -                Rank 1 : true
2024-08-03 23:14:30,919 [INFO] ADCParametersView:116 -                Rank 2 : true
2024-08-03 23:14:59,228 [INFO] ADCParametersView:116 -                Rank 1 : true
2024-08-03 23:14:59,228 [INFO] ADCParametersView:116 -                Rank 2 : true
2024-08-03 23:14:59,230 [INFO] ADCParametersView:116 -                Rank 1 : true
2024-08-03 23:14:59,230 [INFO] ADCParametersView:116 -                Rank 2 : true
2024-08-03 23:14:59,231 [INFO] ADCParametersView:116 -                Rank 1 : true
2024-08-03 23:14:59,231 [INFO] ADCParametersView:116 -                Rank 2 : true
2024-08-03 23:14:59,231 [INFO] ADCParametersView:116 -                Rank 1 : true
2024-08-03 23:14:59,231 [INFO] ADCParametersView:116 -                Rank 2 : true
2024-08-03 23:14:59,232 [INFO] ADCParametersView:116 -                Rank 1 : true
2024-08-03 23:14:59,232 [INFO] ADCParametersView:116 -                Rank 2 : true
2024-08-03 23:14:59,232 [INFO] ADCParametersView:116 -                Rank 1 : true
2024-08-03 23:14:59,232 [INFO] ADCParametersView:116 -                Rank 2 : true
2024-08-03 23:14:59,232 [INFO] ADCParametersView:116 -                Rank 1 : true
2024-08-03 23:14:59,232 [INFO] ADCParametersView:116 -                Rank 2 : true
2024-08-03 23:14:59,232 [INFO] ADCParametersView:116 -                Rank 1 : true
2024-08-03 23:14:59,233 [INFO] ADCParametersView:116 -                Rank 2 : true
2024-08-03 23:14:59,233 [INFO] ADCParametersView:116 -                Rank 1 : true
2024-08-03 23:14:59,233 [INFO] ADCParametersView:116 -                Rank 2 : true
2024-08-03 23:14:59,233 [INFO] ADCParametersView:116 -                Rank 1 : true
2024-08-03 23:14:59,233 [INFO] ADCParametersView:116 -                Rank 2 : true
2024-08-03 23:14:59,233 [INFO] ADCParametersView:116 -                Rank 1 : true
2024-08-03 23:14:59,233 [INFO] ADCParametersView:116 -                Rank 2 : true
2024-08-03 23:14:59,233 [INFO] ADCParametersView:116 -                Rank 1 : true
2024-08-03 23:14:59,234 [INFO] ADCParametersView:116 -                Rank 2 : true
2024-08-03 23:14:59,234 [INFO] ADCParametersView:116 -                Rank 1 : true
2024-08-03 23:14:59,234 [INFO] ADCParametersView:116 -                Rank 2 : true
2024-08-03 23:14:59,234 [INFO] ADCParametersView:116 -                Rank 1 : true
2024-08-03 23:14:59,234 [INFO] ADCParametersView:116 -                Rank 2 : true
2024-08-03 23:14:59,234 [INFO] ADCParametersView:116 -                Rank 1 : true
2024-08-03 23:14:59,234 [INFO] ADCParametersView:116 -                Rank 2 : true
2024-08-03 23:14:59,235 [INFO] ADCParametersView:116 -                Rank 1 : true
2024-08-03 23:14:59,235 [INFO] ADCParametersView:116 -                Rank 2 : true
2024-08-03 23:14:59,235 [INFO] ADCParametersView:116 -                Rank 1 : true
2024-08-03 23:14:59,235 [INFO] ADCParametersView:116 -                Rank 2 : true
2024-08-03 23:14:59,235 [INFO] ADCParametersView:116 -                Rank 1 : true
2024-08-03 23:14:59,235 [INFO] ADCParametersView:116 -                Rank 2 : true
2024-08-03 23:14:59,235 [INFO] ADCParametersView:116 -                Rank 1 : true
2024-08-03 23:14:59,235 [INFO] ADCParametersView:116 -                Rank 2 : true
2024-08-03 23:14:59,235 [INFO] ADCParametersView:116 -                Rank 2 : true
2024-08-03 23:14:59,266 [INFO] ADCParametersView:116 -                Rank 1 : true
2024-08-03 23:14:59,267 [INFO] ADCParametersView:116 -                Rank 1 : true
2024-08-03 23:14:59,267 [INFO] ADCParametersView:116 -                Rank 2 : true
2024-08-03 23:14:59,312 [INFO] ADCParametersView:116 -                Rank 1 : true
2024-08-03 23:14:59,313 [INFO] ADCParametersView:116 -                Rank 2 : true
2024-08-03 23:14:59,314 [INFO] ADCParametersView:116 -                Rank 1 : true
2024-08-03 23:14:59,314 [INFO] ADCParametersView:116 -                Rank 2 : true
2024-08-03 23:14:59,314 [INFO] ADCParametersView:116 -                Rank 1 : true
2024-08-03 23:14:59,314 [INFO] ADCParametersView:116 -                Rank 2 : true
2024-08-03 23:14:59,315 [INFO] ADCParametersView:116 -                Rank 1 : true
2024-08-03 23:14:59,315 [INFO] ADCParametersView:116 -                Rank 2 : true
2024-08-03 23:14:59,315 [INFO] ADCParametersView:116 -                Rank 1 : true
2024-08-03 23:14:59,315 [INFO] ADCParametersView:116 -                Rank 2 : true
2024-08-03 23:14:59,315 [INFO] ADCParametersView:116 -                Rank 1 : true
2024-08-03 23:14:59,315 [INFO] ADCParametersView:116 -                Rank 2 : true
2024-08-03 23:14:59,316 [INFO] ADCParametersView:116 -                Rank 1 : true
2024-08-03 23:14:59,316 [INFO] ADCParametersView:116 -                Rank 2 : true
2024-08-03 23:14:59,316 [INFO] ADCParametersView:116 -                Rank 1 : true
2024-08-03 23:14:59,316 [INFO] ADCParametersView:116 -                Rank 2 : true
2024-08-03 23:14:59,316 [INFO] ADCParametersView:116 -                Rank 1 : true
2024-08-03 23:14:59,316 [INFO] ADCParametersView:116 -                Rank 2 : true
2024-08-03 23:14:59,316 [INFO] ADCParametersView:116 -                Rank 1 : true
2024-08-03 23:14:59,316 [INFO] ADCParametersView:116 -                Rank 2 : true
2024-08-03 23:14:59,317 [INFO] ADCParametersView:116 -                Rank 1 : true
2024-08-03 23:14:59,317 [INFO] ADCParametersView:116 -                Rank 2 : true
2024-08-03 23:14:59,317 [INFO] ADCParametersView:116 -                Rank 1 : true
2024-08-03 23:14:59,317 [INFO] ADCParametersView:116 -                Rank 2 : true
2024-08-03 23:14:59,317 [INFO] ADCParametersView:116 -                Rank 1 : true
2024-08-03 23:14:59,317 [INFO] ADCParametersView:116 -                Rank 2 : true
2024-08-03 23:14:59,317 [INFO] ADCParametersView:116 -                Rank 1 : true
2024-08-03 23:14:59,317 [INFO] ADCParametersView:116 -                Rank 2 : true
2024-08-03 23:14:59,317 [INFO] ADCParametersView:116 -                Rank 1 : true
2024-08-03 23:14:59,317 [INFO] ADCParametersView:116 -                Rank 2 : true
2024-08-03 23:14:59,318 [INFO] ADCParametersView:116 -                Rank 1 : true
2024-08-03 23:14:59,318 [INFO] ADCParametersView:116 -                Rank 2 : true
2024-08-03 23:14:59,318 [INFO] ADCParametersView:116 -                Rank 1 : true
2024-08-03 23:14:59,318 [INFO] ADCParametersView:116 -                Rank 2 : true
2024-08-03 23:14:59,318 [INFO] ADCParametersView:116 -                Rank 1 : true
2024-08-03 23:14:59,318 [INFO] ADCParametersView:116 -                Rank 2 : true
2024-08-03 23:14:59,318 [INFO] ADCParametersView:116 -                Rank 1 : true
2024-08-03 23:14:59,318 [INFO] ADCParametersView:116 -                Rank 2 : true
2024-08-03 23:14:59,318 [INFO] ADCParametersView:116 -                Rank 2 : true
2024-08-03 23:14:59,354 [INFO] ADCParametersView:116 -                Rank 1 : true
2024-08-03 23:14:59,354 [INFO] ADCParametersView:116 -                Rank 1 : true
2024-08-03 23:14:59,354 [INFO] ADCParametersView:116 -                Rank 2 : true
2024-08-03 23:15:02,532 [INFO] ParamManager:886 - [Generic UI] PropertyChangeEvent: TAB_STATUS_CHANGED , "dont care", "never mind"
2024-08-03 23:15:02,572 [INFO] ADCParametersView:116 -                Rank 1 : true
2024-08-03 23:15:02,572 [INFO] ADCParametersView:116 -                Rank 2 : true
2024-08-03 23:15:02,573 [INFO] ADCParametersView:116 -                Rank 1 : true
2024-08-03 23:15:02,573 [INFO] ADCParametersView:116 -                Rank 2 : true
2024-08-03 23:15:02,574 [INFO] ADCParametersView:116 -                Rank 1 : true
2024-08-03 23:15:02,574 [INFO] ADCParametersView:116 -                Rank 2 : true
2024-08-03 23:15:02,574 [INFO] ADCParametersView:116 -                Rank 1 : true
2024-08-03 23:15:02,574 [INFO] ADCParametersView:116 -                Rank 2 : true
2024-08-03 23:15:02,575 [INFO] ADCParametersView:116 -                Rank 1 : true
2024-08-03 23:15:02,575 [INFO] ADCParametersView:116 -                Rank 2 : true
2024-08-03 23:15:02,575 [INFO] ADCParametersView:116 -                Rank 1 : true
2024-08-03 23:15:02,575 [INFO] ADCParametersView:116 -                Rank 2 : true
2024-08-03 23:15:02,575 [INFO] ADCParametersView:116 -                Rank 1 : true
2024-08-03 23:15:02,575 [INFO] ADCParametersView:116 -                Rank 2 : true
2024-08-03 23:15:02,575 [INFO] ADCParametersView:116 -                Rank 1 : true
2024-08-03 23:15:02,575 [INFO] ADCParametersView:116 -                Rank 2 : true
2024-08-03 23:15:02,576 [INFO] ADCParametersView:116 -                Rank 1 : true
2024-08-03 23:15:02,576 [INFO] ADCParametersView:116 -                Rank 2 : true
2024-08-03 23:15:02,576 [INFO] ADCParametersView:116 -                Rank 1 : true
2024-08-03 23:15:02,576 [INFO] ADCParametersView:116 -                Rank 2 : true
2024-08-03 23:15:02,576 [INFO] ADCParametersView:116 -                Rank 1 : true
2024-08-03 23:15:02,576 [INFO] ADCParametersView:116 -                Rank 2 : true
2024-08-03 23:15:02,576 [INFO] ADCParametersView:116 -                Rank 1 : true
2024-08-03 23:15:02,576 [INFO] ADCParametersView:116 -                Rank 2 : true
2024-08-03 23:15:02,577 [INFO] ADCParametersView:116 -                Rank 1 : true
2024-08-03 23:15:02,577 [INFO] ADCParametersView:116 -                Rank 2 : true
2024-08-03 23:15:02,577 [INFO] ADCParametersView:116 -                Rank 1 : true
2024-08-03 23:15:02,577 [INFO] ADCParametersView:116 -                Rank 2 : true
2024-08-03 23:15:02,577 [INFO] ADCParametersView:116 -                Rank 1 : true
2024-08-03 23:15:02,577 [INFO] ADCParametersView:116 -                Rank 2 : true
2024-08-03 23:15:02,577 [INFO] ADCParametersView:116 -                Rank 1 : true
2024-08-03 23:15:02,577 [INFO] ADCParametersView:116 -                Rank 2 : true
2024-08-03 23:15:02,577 [INFO] ADCParametersView:116 -                Rank 1 : true
2024-08-03 23:15:02,577 [INFO] ADCParametersView:116 -                Rank 2 : true
2024-08-03 23:15:02,577 [INFO] ADCParametersView:116 -                Rank 1 : true
2024-08-03 23:15:02,577 [INFO] ADCParametersView:116 -                Rank 2 : true
2024-08-03 23:15:02,578 [INFO] ADCParametersView:116 -                Rank 1 : true
2024-08-03 23:15:02,578 [INFO] ADCParametersView:116 -                Rank 2 : true
2024-08-03 23:15:02,578 [INFO] ADCParametersView:116 -                Rank 2 : true
2024-08-03 23:15:02,603 [INFO] ADCParametersView:116 -                Rank 1 : true
2024-08-03 23:15:02,604 [INFO] ADCParametersView:116 -                Rank 1 : true
2024-08-03 23:15:02,604 [INFO] ADCParametersView:116 -                Rank 2 : true
2024-08-03 23:15:02,644 [INFO] ADCParametersView:116 -                Rank 1 : true
2024-08-03 23:15:02,644 [INFO] ADCParametersView:116 -                Rank 2 : true
2024-08-03 23:15:02,645 [INFO] ADCParametersView:116 -                Rank 1 : true
2024-08-03 23:15:02,645 [INFO] ADCParametersView:116 -                Rank 2 : true
2024-08-03 23:15:02,645 [INFO] ADCParametersView:116 -                Rank 1 : true
2024-08-03 23:15:02,645 [INFO] ADCParametersView:116 -                Rank 2 : true
2024-08-03 23:15:02,646 [INFO] ADCParametersView:116 -                Rank 1 : true
2024-08-03 23:15:02,646 [INFO] ADCParametersView:116 -                Rank 2 : true
2024-08-03 23:15:02,646 [INFO] ADCParametersView:116 -                Rank 1 : true
2024-08-03 23:15:02,646 [INFO] ADCParametersView:116 -                Rank 2 : true
2024-08-03 23:15:02,646 [INFO] ADCParametersView:116 -                Rank 1 : true
2024-08-03 23:15:02,646 [INFO] ADCParametersView:116 -                Rank 2 : true
2024-08-03 23:15:02,647 [INFO] ADCParametersView:116 -                Rank 1 : true
2024-08-03 23:15:02,647 [INFO] ADCParametersView:116 -                Rank 2 : true
2024-08-03 23:15:02,647 [INFO] ADCParametersView:116 -                Rank 1 : true
2024-08-03 23:15:02,647 [INFO] ADCParametersView:116 -                Rank 2 : true
2024-08-03 23:15:02,647 [INFO] ADCParametersView:116 -                Rank 1 : true
2024-08-03 23:15:02,647 [INFO] ADCParametersView:116 -                Rank 2 : true
2024-08-03 23:15:02,647 [INFO] ADCParametersView:116 -                Rank 1 : true
2024-08-03 23:15:02,647 [INFO] ADCParametersView:116 -                Rank 2 : true
2024-08-03 23:15:02,648 [INFO] ADCParametersView:116 -                Rank 1 : true
2024-08-03 23:15:02,648 [INFO] ADCParametersView:116 -                Rank 2 : true
2024-08-03 23:15:02,648 [INFO] ADCParametersView:116 -                Rank 1 : true
2024-08-03 23:15:02,648 [INFO] ADCParametersView:116 -                Rank 2 : true
2024-08-03 23:15:02,648 [INFO] ADCParametersView:116 -                Rank 1 : true
2024-08-03 23:15:02,648 [INFO] ADCParametersView:116 -                Rank 2 : true
2024-08-03 23:15:02,648 [INFO] ADCParametersView:116 -                Rank 1 : true
2024-08-03 23:15:02,648 [INFO] ADCParametersView:116 -                Rank 2 : true
2024-08-03 23:15:02,649 [INFO] ADCParametersView:116 -                Rank 1 : true
2024-08-03 23:15:02,649 [INFO] ADCParametersView:116 -                Rank 2 : true
2024-08-03 23:15:02,649 [INFO] ADCParametersView:116 -                Rank 1 : true
2024-08-03 23:15:02,649 [INFO] ADCParametersView:116 -                Rank 2 : true
2024-08-03 23:15:02,649 [INFO] ADCParametersView:116 -                Rank 1 : true
2024-08-03 23:15:02,649 [INFO] ADCParametersView:116 -                Rank 2 : true
2024-08-03 23:15:02,649 [INFO] ADCParametersView:116 -                Rank 1 : true
2024-08-03 23:15:02,649 [INFO] ADCParametersView:116 -                Rank 2 : true
2024-08-03 23:15:02,649 [INFO] ADCParametersView:116 -                Rank 1 : true
2024-08-03 23:15:02,649 [INFO] ADCParametersView:116 -                Rank 2 : true
2024-08-03 23:15:02,649 [INFO] ADCParametersView:116 -                Rank 2 : true
2024-08-03 23:15:02,677 [INFO] ADCParametersView:116 -                Rank 1 : true
2024-08-03 23:15:02,677 [INFO] ADCParametersView:116 -                Rank 1 : true
2024-08-03 23:15:02,678 [INFO] ADCParametersView:116 -                Rank 2 : true
2024-08-03 23:15:10,343 [INFO] UtilMem:75 - End SaveConfig() Used Memory: 436310424 Bytes (834666496)
2024-08-03 23:15:11,621 [INFO] UtilMem:75 - End SaveConfig() Used Memory: 459998952 Bytes (834666496)
2024-08-03 23:15:13,393 [INFO] UtilMem:75 - End SaveConfig() Used Memory: 503945624 Bytes (834666496)
2024-08-03 23:15:13,769 [INFO] BlockDiagram:2759 - set Specific Code input for plugin: ADC
2024-08-03 23:15:13,770 [INFO] BlockDiagram:2759 - set Specific Code input for plugin: RCC
2024-08-03 23:15:13,770 [INFO] BlockDiagram:2759 - set Specific Code input for plugin: NVIC
2024-08-03 23:15:13,770 [INFO] BlockDiagram:2759 - set Specific Code input for plugin: DMA
2024-08-03 23:15:13,770 [INFO] BlockDiagram:2759 - set Specific Code input for plugin: DAC
2024-08-03 23:15:13,770 [INFO] BlockDiagram:2759 - set Specific Code input for plugin: GPIO
2024-08-03 23:15:13,772 [INFO] CodeGenerator:793 - code generatio: config db path: /Applications/STM32CubeIDE.app/Contents/Eclipse/plugins/com.st.stm32cube.common.mx_6.8.0.202302231600//db/
2024-08-03 23:15:13,790 [INFO] Argument:319 - Argument : hdmavalue: null
2024-08-03 23:15:13,790 [INFO] Argument:321 - 	 sub Args: 
2024-08-03 23:15:13,790 [INFO] Argument:319 - Argument : Instancevalue: DMA2_Stream0
2024-08-03 23:15:13,790 [INFO] Argument:329 - Argument : Instancevalue: DMA2_Stream0
2024-08-03 23:15:13,790 [INFO] Argument:319 - Argument : Initvalue: null
2024-08-03 23:15:13,790 [INFO] Argument:321 - 	 sub Args: 
2024-08-03 23:15:13,790 [INFO] Argument:319 - Argument : Channelvalue: DMA_CHANNEL_0
2024-08-03 23:15:13,790 [INFO] Argument:329 - Argument : Channelvalue: DMA_CHANNEL_0
2024-08-03 23:15:13,790 [INFO] Argument:319 - Argument : Directionvalue: DMA_PERIPH_TO_MEMORY
2024-08-03 23:15:13,790 [INFO] Argument:329 - Argument : Directionvalue: DMA_PERIPH_TO_MEMORY
2024-08-03 23:15:13,790 [INFO] Argument:319 - Argument : PeriphIncvalue: DMA_PINC_DISABLE
2024-08-03 23:15:13,790 [INFO] Argument:329 - Argument : PeriphIncvalue: DMA_PINC_DISABLE
2024-08-03 23:15:13,790 [INFO] Argument:319 - Argument : MemIncvalue: DMA_MINC_ENABLE
2024-08-03 23:15:13,790 [INFO] Argument:329 - Argument : MemIncvalue: DMA_MINC_ENABLE
2024-08-03 23:15:13,790 [INFO] Argument:319 - Argument : PeriphDataAlignmentvalue: DMA_PDATAALIGN_HALFWORD
2024-08-03 23:15:13,790 [INFO] Argument:329 - Argument : PeriphDataAlignmentvalue: DMA_PDATAALIGN_HALFWORD
2024-08-03 23:15:13,790 [INFO] Argument:319 - Argument : MemDataAlignmentvalue: DMA_MDATAALIGN_HALFWORD
2024-08-03 23:15:13,790 [INFO] Argument:329 - Argument : MemDataAlignmentvalue: DMA_MDATAALIGN_HALFWORD
2024-08-03 23:15:13,790 [INFO] Argument:319 - Argument : Modevalue: DMA_CIRCULAR
2024-08-03 23:15:13,790 [INFO] Argument:329 - Argument : Modevalue: DMA_CIRCULAR
2024-08-03 23:15:13,790 [INFO] Argument:319 - Argument : Priorityvalue: DMA_PRIORITY_LOW
2024-08-03 23:15:13,790 [INFO] Argument:329 - Argument : Priorityvalue: DMA_PRIORITY_LOW
2024-08-03 23:15:13,790 [INFO] Argument:319 - Argument : FIFOModevalue: DMA_FIFOMODE_DISABLE
2024-08-03 23:15:13,790 [INFO] Argument:329 - Argument : FIFOModevalue: DMA_FIFOMODE_DISABLE
2024-08-03 23:15:13,790 [INFO] Argument:319 - Argument : FIFOThresholdvalue: null
2024-08-03 23:15:13,790 [INFO] Argument:329 - Argument : FIFOThresholdvalue: null
2024-08-03 23:15:13,791 [INFO] Argument:319 - Argument : MemBurstvalue: null
2024-08-03 23:15:13,791 [INFO] Argument:329 - Argument : MemBurstvalue: null
2024-08-03 23:15:13,791 [INFO] Argument:319 - Argument : PeriphBurstvalue: null
2024-08-03 23:15:13,791 [INFO] Argument:329 - Argument : PeriphBurstvalue: null
2024-08-03 23:15:13,791 [INFO] Argument:319 - Argument : Lockvalue: null
2024-08-03 23:15:13,791 [INFO] Argument:329 - Argument : Lockvalue: null
2024-08-03 23:15:13,791 [INFO] Argument:319 - Argument : Statevalue: null
2024-08-03 23:15:13,791 [INFO] Argument:329 - Argument : Statevalue: null
2024-08-03 23:15:13,791 [INFO] Argument:319 - Argument : Parentvalue: null
2024-08-03 23:15:13,791 [INFO] Argument:329 - Argument : Parentvalue: null
2024-08-03 23:15:13,791 [INFO] Argument:319 - Argument : XferCpltCallbackvalue: null
2024-08-03 23:15:13,791 [INFO] Argument:329 - Argument : XferCpltCallbackvalue: null
2024-08-03 23:15:13,791 [INFO] Argument:319 - Argument : XferHalfCpltCallbackvalue: null
2024-08-03 23:15:13,791 [INFO] Argument:329 - Argument : XferHalfCpltCallbackvalue: null
2024-08-03 23:15:13,791 [INFO] Argument:319 - Argument : XferM1CpltCallbackvalue: null
2024-08-03 23:15:13,791 [INFO] Argument:329 - Argument : XferM1CpltCallbackvalue: null
2024-08-03 23:15:13,791 [INFO] Argument:319 - Argument : XferErrorCallbackvalue: null
2024-08-03 23:15:13,791 [INFO] Argument:329 - Argument : XferErrorCallbackvalue: null
2024-08-03 23:15:13,791 [INFO] Argument:319 - Argument : ErrorCodevalue: null
2024-08-03 23:15:13,791 [INFO] Argument:329 - Argument : ErrorCodevalue: null
2024-08-03 23:15:14,264 [INFO] CodeEngine:255 - oldGeneratedFile, /Users/khadeejaabbas/STM32CubeIDE/workplace_2/MBMS/MXTmpFiles/license.tmp_save
2024-08-03 23:15:14,398 [INFO] CodeEngine:279 - Generated code: /Users/khadeejaabbas/STM32CubeIDE/workplace_2/MBMS/MXTmpFiles/license.tmp
2024-08-03 23:15:14,470 [INFO] CodeEngine:255 - oldGeneratedFile, /Users/khadeejaabbas/STM32CubeIDE/workplace_2/MBMS/MXTmpFiles/gpio.tmp_save
2024-08-03 23:15:14,556 [INFO] CodeEngine:279 - Generated code: /Users/khadeejaabbas/STM32CubeIDE/workplace_2/MBMS/MXTmpFiles/gpio.tmp
2024-08-03 23:15:14,689 [INFO] CodeEngine:255 - oldGeneratedFile, /Users/khadeejaabbas/STM32CubeIDE/workplace_2/MBMS/MXTmpFiles/dma.tmp_save
2024-08-03 23:15:14,752 [INFO] CodeEngine:279 - Generated code: /Users/khadeejaabbas/STM32CubeIDE/workplace_2/MBMS/MXTmpFiles/dma.tmp
2024-08-03 23:15:14,755 [INFO] CodeEngine:255 - oldGeneratedFile, /Users/khadeejaabbas/STM32CubeIDE/workplace_2/MBMS/MXTmpFiles/dma_GV.tmp_save
2024-08-03 23:15:14,805 [INFO] CodeEngine:279 - Generated code: /Users/khadeejaabbas/STM32CubeIDE/workplace_2/MBMS/MXTmpFiles/dma_GV.tmp
2024-08-03 23:15:14,818 [INFO] CodeEngine:255 - oldGeneratedFile, /Users/khadeejaabbas/STM32CubeIDE/workplace_2/MBMS/Core/Src/stm32f4xx_it.c_save
2024-08-03 23:15:14,972 [INFO] CodeEngine:279 - Generated code: /Users/khadeejaabbas/STM32CubeIDE/workplace_2/MBMS/Core/Src/stm32f4xx_it.c
2024-08-03 23:15:14,978 [INFO] CodeEngine:255 - oldGeneratedFile, /Users/khadeejaabbas/STM32CubeIDE/workplace_2/MBMS/Core/Inc/stm32f4xx_it.h_save
2024-08-03 23:15:15,039 [INFO] CodeEngine:279 - Generated code: /Users/khadeejaabbas/STM32CubeIDE/workplace_2/MBMS/Core/Inc/stm32f4xx_it.h
2024-08-03 23:15:15,175 [INFO] CodeEngine:255 - oldGeneratedFile, /Users/khadeejaabbas/STM32CubeIDE/workplace_2/MBMS/Core/Src/stm32f4xx_hal_msp.c_save
2024-08-03 23:15:15,274 [INFO] CodeEngine:279 - Generated code: /Users/khadeejaabbas/STM32CubeIDE/workplace_2/MBMS/Core/Src/stm32f4xx_hal_msp.c
2024-08-03 23:15:15,279 [INFO] CodeEngine:255 - oldGeneratedFile, /Users/khadeejaabbas/STM32CubeIDE/workplace_2/MBMS/MXTmpFiles/system.tmp_save
2024-08-03 23:15:15,333 [INFO] CodeEngine:279 - Generated code: /Users/khadeejaabbas/STM32CubeIDE/workplace_2/MBMS/MXTmpFiles/system.tmp
2024-08-03 23:15:15,341 [INFO] CodeEngine:311 - oldGeneratedFile, /Users/khadeejaabbas/STM32CubeIDE/workplace_2/MBMS/Core/Inc/stm32f4xx_hal_conf.h_save
2024-08-03 23:15:15,410 [INFO] CodeEngine:335 - Generated code: /Users/khadeejaabbas/STM32CubeIDE/workplace_2/MBMS/Core/Inc/stm32f4xx_hal_conf.h
2024-08-03 23:15:15,459 [INFO] CodeEngine:255 - oldGeneratedFile, /Users/khadeejaabbas/STM32CubeIDE/workplace_2/MBMS/Core/Inc/main.h_save
2024-08-03 23:15:15,532 [INFO] CodeEngine:279 - Generated code: /Users/khadeejaabbas/STM32CubeIDE/workplace_2/MBMS/Core/Inc/main.h
2024-08-03 23:15:15,539 [INFO] CodeEngine:255 - oldGeneratedFile, /Users/khadeejaabbas/STM32CubeIDE/workplace_2/MBMS/Core/Src/main.c_save
2024-08-03 23:15:15,659 [INFO] CodeEngine:279 - Generated code: /Users/khadeejaabbas/STM32CubeIDE/workplace_2/MBMS/Core/Src/main.c
2024-08-03 23:15:16,383 [INFO] ProjectBuilder:2996 - Time for Copy HAL[1] : 205mS.
2024-08-03 23:15:16,392 [INFO] ProjectBuilder:4304 - Project Generator version: 3.19.2
2024-08-03 23:15:16,580 [INFO] ConfigFileManager:1483 - The Die is : DIE413
2024-08-03 23:15:19,496 [INFO] ProjectBuilder:4505 - Time for Generating toolchain IDE Files: 3100mS.
2024-08-03 23:15:19,501 [INFO] ProjectBuilder:2867 - Time for Copy CMSIS : 0mS.
2024-08-03 23:15:19,504 [INFO] ProjectBuilder:2867 - Time for Copy CMSIS : 0mS.
