2024-07-20 21:54:20,603 [INFO] UtilMem:75 - End SaveConfig() Used Memory: 349249808 Bytes (751828992)
2024-07-20 21:54:23,081 [INFO] UtilMem:75 - End SaveConfig() Used Memory: 468787472 Bytes (751828992)
2024-07-20 21:54:25,502 [INFO] UtilMem:75 - End SaveConfig() Used Memory: 524884240 Bytes (751828992)
2024-07-20 21:54:25,830 [INFO] BlockDiagram:2759 - set Specific Code input for plugin: RCC
2024-07-20 21:54:25,830 [INFO] BlockDiagram:2759 - set Specific Code input for plugin: NVIC
2024-07-20 21:54:25,831 [INFO] BlockDiagram:2759 - set Specific Code input for plugin: GPIO
2024-07-20 21:54:25,832 [INFO] CodeGenerator:793 - code generatio: config db path: /Applications/STM32CubeIDE.app/Contents/Eclipse/plugins/com.st.stm32cube.common.mx_6.8.0.202302231600//db/
2024-07-20 21:54:26,061 [INFO] CodeEngine:255 - oldGeneratedFile, /Users/khadeejaabbas/STM32CubeIDE/workplace_2/MBMS/MXTmpFiles/license.tmp_save
2024-07-20 21:54:26,342 [INFO] CodeEngine:279 - Generated code: /Users/khadeejaabbas/STM32CubeIDE/workplace_2/MBMS/MXTmpFiles/license.tmp
2024-07-20 21:54:26,412 [INFO] CodeEngine:255 - oldGeneratedFile, /Users/khadeejaabbas/STM32CubeIDE/workplace_2/MBMS/MXTmpFiles/gpio.tmp_save
2024-07-20 21:54:26,585 [INFO] CodeEngine:279 - Generated code: /Users/khadeejaabbas/STM32CubeIDE/workplace_2/MBMS/MXTmpFiles/gpio.tmp
2024-07-20 21:54:26,599 [INFO] CodeEngine:255 - oldGeneratedFile, /Users/khadeejaabbas/STM32CubeIDE/workplace_2/MBMS/Core/Src/stm32f4xx_it.c_save
2024-07-20 21:54:26,907 [INFO] CodeEngine:279 - Generated code: /Users/khadeejaabbas/STM32CubeIDE/workplace_2/MBMS/Core/Src/stm32f4xx_it.c
2024-07-20 21:54:26,914 [INFO] CodeEngine:255 - oldGeneratedFile, /Users/khadeejaabbas/STM32CubeIDE/workplace_2/MBMS/Core/Inc/stm32f4xx_it.h_save
2024-07-20 21:54:26,984 [INFO] CodeEngine:279 - Generated code: /Users/khadeejaabbas/STM32CubeIDE/workplace_2/MBMS/Core/Inc/stm32f4xx_it.h
2024-07-20 21:54:27,028 [INFO] CodeEngine:255 - oldGeneratedFile, /Users/khadeejaabbas/STM32CubeIDE/workplace_2/MBMS/Core/Src/stm32f4xx_hal_msp.c_save
2024-07-20 21:54:27,171 [INFO] CodeEngine:279 - Generated code: /Users/khadeejaabbas/STM32CubeIDE/workplace_2/MBMS/Core/Src/stm32f4xx_hal_msp.c
2024-07-20 21:54:27,174 [INFO] CodeEngine:255 - oldGeneratedFile, /Users/khadeejaabbas/STM32CubeIDE/workplace_2/MBMS/MXTmpFiles/system.tmp_save
2024-07-20 21:54:27,235 [INFO] CodeEngine:279 - Generated code: /Users/khadeejaabbas/STM32CubeIDE/workplace_2/MBMS/MXTmpFiles/system.tmp
2024-07-20 21:54:27,243 [INFO] CodeEngine:311 - oldGeneratedFile, /Users/khadeejaabbas/STM32CubeIDE/workplace_2/MBMS/Core/Inc/stm32f4xx_hal_conf.h_save
2024-07-20 21:54:27,346 [INFO] CodeEngine:335 - Generated code: /Users/khadeejaabbas/STM32CubeIDE/workplace_2/MBMS/Core/Inc/stm32f4xx_hal_conf.h
2024-07-20 21:54:27,382 [INFO] CodeEngine:255 - oldGeneratedFile, /Users/khadeejaabbas/STM32CubeIDE/workplace_2/MBMS/Core/Inc/main.h_save
2024-07-20 21:54:27,509 [INFO] CodeEngine:279 - Generated code: /Users/khadeejaabbas/STM32CubeIDE/workplace_2/MBMS/Core/Inc/main.h
2024-07-20 21:54:27,514 [INFO] CodeEngine:255 - oldGeneratedFile, /Users/khadeejaabbas/STM32CubeIDE/workplace_2/MBMS/Core/Src/main.c_save
2024-07-20 21:54:27,662 [INFO] CodeEngine:279 - Generated code: /Users/khadeejaabbas/STM32CubeIDE/workplace_2/MBMS/Core/Src/main.c
2024-07-20 21:54:28,206 [INFO] ProjectBuilder:2996 - Time for Copy HAL[1] : 163mS.
2024-07-20 21:54:28,210 [INFO] ProjectBuilder:4304 - Project Generator version: 3.19.2
2024-07-20 21:54:28,445 [INFO] ConfigFileManager:1483 - The Die is : DIE413
2024-07-20 21:54:31,535 [INFO] ProjectBuilder:4505 - Time for Generating toolchain IDE Files: 3321mS.
2024-07-20 21:54:31,539 [INFO] ProjectBuilder:2867 - Time for Copy CMSIS : 1mS.
2024-07-20 21:54:31,542 [INFO] ProjectBuilder:2867 - Time for Copy CMSIS : 0mS.
2024-07-20 21:55:42,929 [INFO] Gpio:273 - dependency for GPIO []
2024-07-20 21:56:17,128 [INFO] UtilMem:75 - End SaveConfig() Used Memory: 293358872 Bytes (819986432)
2024-07-20 21:56:19,184 [INFO] UtilMem:75 - End SaveConfig() Used Memory: 486819096 Bytes (819986432)
2024-07-20 21:56:20,725 [INFO] UtilMem:75 - End SaveConfig() Used Memory: 565462296 Bytes (819986432)
2024-07-20 21:56:21,345 [INFO] BlockDiagram:2759 - set Specific Code input for plugin: RCC
2024-07-20 21:56:21,350 [INFO] BlockDiagram:2759 - set Specific Code input for plugin: NVIC
2024-07-20 21:56:21,360 [INFO] BlockDiagram:2759 - set Specific Code input for plugin: GPIO
2024-07-20 21:56:21,364 [INFO] CodeGenerator:793 - code generatio: config db path: /Applications/STM32CubeIDE.app/Contents/Eclipse/plugins/com.st.stm32cube.common.mx_6.8.0.202302231600//db/
2024-07-20 21:56:21,537 [INFO] CodeEngine:255 - oldGeneratedFile, /Users/khadeejaabbas/STM32CubeIDE/workplace_2/MBMS/MXTmpFiles/license.tmp_save
2024-07-20 21:56:21,697 [INFO] CodeEngine:279 - Generated code: /Users/khadeejaabbas/STM32CubeIDE/workplace_2/MBMS/MXTmpFiles/license.tmp
2024-07-20 21:56:21,730 [INFO] CodeEngine:255 - oldGeneratedFile, /Users/khadeejaabbas/STM32CubeIDE/workplace_2/MBMS/MXTmpFiles/gpio.tmp_save
2024-07-20 21:56:21,870 [INFO] CodeEngine:279 - Generated code: /Users/khadeejaabbas/STM32CubeIDE/workplace_2/MBMS/MXTmpFiles/gpio.tmp
2024-07-20 21:56:21,883 [INFO] CodeEngine:255 - oldGeneratedFile, /Users/khadeejaabbas/STM32CubeIDE/workplace_2/MBMS/Core/Src/stm32f4xx_it.c_save
2024-07-20 21:56:21,988 [INFO] CodeEngine:279 - Generated code: /Users/khadeejaabbas/STM32CubeIDE/workplace_2/MBMS/Core/Src/stm32f4xx_it.c
2024-07-20 21:56:21,992 [INFO] CodeEngine:255 - oldGeneratedFile, /Users/khadeejaabbas/STM32CubeIDE/workplace_2/MBMS/Core/Inc/stm32f4xx_it.h_save
2024-07-20 21:56:22,068 [INFO] CodeEngine:279 - Generated code: /Users/khadeejaabbas/STM32CubeIDE/workplace_2/MBMS/Core/Inc/stm32f4xx_it.h
2024-07-20 21:56:22,119 [INFO] CodeEngine:255 - oldGeneratedFile, /Users/khadeejaabbas/STM32CubeIDE/workplace_2/MBMS/Core/Src/stm32f4xx_hal_msp.c_save
2024-07-20 21:56:22,215 [INFO] CodeEngine:279 - Generated code: /Users/khadeejaabbas/STM32CubeIDE/workplace_2/MBMS/Core/Src/stm32f4xx_hal_msp.c
2024-07-20 21:56:22,220 [INFO] CodeEngine:255 - oldGeneratedFile, /Users/khadeejaabbas/STM32CubeIDE/workplace_2/MBMS/MXTmpFiles/system.tmp_save
2024-07-20 21:56:22,277 [INFO] CodeEngine:279 - Generated code: /Users/khadeejaabbas/STM32CubeIDE/workplace_2/MBMS/MXTmpFiles/system.tmp
2024-07-20 21:56:22,288 [INFO] CodeEngine:311 - oldGeneratedFile, /Users/khadeejaabbas/STM32CubeIDE/workplace_2/MBMS/Core/Inc/stm32f4xx_hal_conf.h_save
2024-07-20 21:56:22,366 [INFO] CodeEngine:335 - Generated code: /Users/khadeejaabbas/STM32CubeIDE/workplace_2/MBMS/Core/Inc/stm32f4xx_hal_conf.h
2024-07-20 21:56:22,415 [INFO] CodeEngine:255 - oldGeneratedFile, /Users/khadeejaabbas/STM32CubeIDE/workplace_2/MBMS/Core/Inc/main.h_save
2024-07-20 21:56:22,514 [INFO] CodeEngine:279 - Generated code: /Users/khadeejaabbas/STM32CubeIDE/workplace_2/MBMS/Core/Inc/main.h
2024-07-20 21:56:22,517 [INFO] CodeEngine:255 - oldGeneratedFile, /Users/khadeejaabbas/STM32CubeIDE/workplace_2/MBMS/Core/Src/main.c_save
2024-07-20 21:56:22,648 [INFO] CodeEngine:279 - Generated code: /Users/khadeejaabbas/STM32CubeIDE/workplace_2/MBMS/Core/Src/main.c
2024-07-20 21:56:23,205 [INFO] ProjectBuilder:2996 - Time for Copy HAL[1] : 249mS.
2024-07-20 21:56:23,209 [INFO] ProjectBuilder:4304 - Project Generator version: 3.19.2
2024-07-20 21:56:23,660 [INFO] ConfigFileManager:1483 - The Die is : DIE413
2024-07-20 21:56:26,125 [INFO] ProjectBuilder:4505 - Time for Generating toolchain IDE Files: 2913mS.
2024-07-20 21:56:26,129 [INFO] ProjectBuilder:2867 - Time for Copy CMSIS : 1mS.
2024-07-20 21:56:26,132 [INFO] ProjectBuilder:2867 - Time for Copy CMSIS : 0mS.
