2024-08-21 03:26:52,813 [INFO] ADCParametersView:116 -                Rank 1 : false
2024-08-21 03:26:52,841 [INFO] ADCParametersView:116 -                Rank 1 : false
2024-08-21 03:26:52,842 [INFO] ADCParametersView:116 -                Rank 2 : false
2024-08-21 03:26:52,843 [INFO] ADCParametersView:116 -                Rank 1 : false
2024-08-21 03:26:52,843 [INFO] ADCParametersView:116 -                Rank 2 : false
2024-08-21 03:26:52,843 [INFO] ADCParametersView:116 -                Rank 3 : false
2024-08-21 03:26:53,080 [INFO] ADCParametersView:116 -                Rank 1 : false
2024-08-21 03:26:53,080 [INFO] ADCParametersView:116 -                Rank 2 : false
2024-08-21 03:26:53,080 [INFO] ADCParametersView:116 -                Rank 3 : false
2024-08-21 03:26:53,080 [INFO] ADCParametersView:116 -                Rank 1 : false
2024-08-21 03:26:53,080 [INFO] ADCParametersView:116 -                Rank 2 : false
2024-08-21 03:26:53,080 [INFO] ADCParametersView:116 -                Rank 3 : false
2024-08-21 03:26:53,081 [INFO] ADCParametersView:116 -                Rank 1 : false
2024-08-21 03:26:53,081 [INFO] ADCParametersView:116 -                Rank 2 : false
2024-08-21 03:26:53,081 [INFO] ADCParametersView:116 -                Rank 3 : false
2024-08-21 03:26:53,081 [INFO] ADCParametersView:116 -                Rank 1 : false
2024-08-21 03:26:53,081 [INFO] ADCParametersView:116 -                Rank 2 : false
2024-08-21 03:26:53,081 [INFO] ADCParametersView:116 -                Rank 3 : false
2024-08-21 03:26:53,081 [INFO] ADCParametersView:116 -                Rank 1 : false
2024-08-21 03:26:53,081 [INFO] ADCParametersView:116 -                Rank 2 : false
2024-08-21 03:26:53,081 [INFO] ADCParametersView:116 -                Rank 3 : false
2024-08-21 03:26:53,082 [INFO] ADCParametersView:116 -                Rank 1 : false
2024-08-21 03:26:53,082 [INFO] ADCParametersView:116 -                Rank 2 : false
2024-08-21 03:26:53,082 [INFO] ADCParametersView:116 -                Rank 3 : false
2024-08-21 03:26:53,082 [INFO] ADCParametersView:116 -                Rank 1 : false
2024-08-21 03:26:53,082 [INFO] ADCParametersView:116 -                Rank 2 : false
2024-08-21 03:26:53,082 [INFO] ADCParametersView:116 -                Rank 3 : false
2024-08-21 03:26:53,082 [INFO] ADCParametersView:116 -                Rank 1 : false
2024-08-21 03:26:53,082 [INFO] ADCParametersView:116 -                Rank 2 : false
2024-08-21 03:26:53,082 [INFO] ADCParametersView:116 -                Rank 3 : false
2024-08-21 03:26:53,082 [INFO] ADCParametersView:116 -                Rank 1 : false
2024-08-21 03:26:53,082 [INFO] ADCParametersView:116 -                Rank 2 : false
2024-08-21 03:26:53,082 [INFO] ADCParametersView:116 -                Rank 3 : false
2024-08-21 03:26:53,083 [INFO] ADCParametersView:116 -                Rank 1 : false
2024-08-21 03:26:53,083 [INFO] ADCParametersView:116 -                Rank 2 : false
2024-08-21 03:26:53,083 [INFO] ADCParametersView:116 -                Rank 3 : false
2024-08-21 03:26:53,083 [INFO] ADCParametersView:116 -                Rank 1 : false
2024-08-21 03:26:53,083 [INFO] ADCParametersView:116 -                Rank 2 : false
2024-08-21 03:26:53,083 [INFO] ADCParametersView:116 -                Rank 3 : false
2024-08-21 03:26:53,083 [INFO] ADCParametersView:116 -                Rank 1 : false
2024-08-21 03:26:53,083 [INFO] ADCParametersView:116 -                Rank 2 : false
2024-08-21 03:26:53,083 [INFO] ADCParametersView:116 -                Rank 3 : false
2024-08-21 03:26:53,084 [INFO] ADCParametersView:116 -                Rank 1 : false
2024-08-21 03:26:53,084 [INFO] ADCParametersView:116 -                Rank 2 : false
2024-08-21 03:26:53,084 [INFO] ADCParametersView:116 -                Rank 3 : false
2024-08-21 03:26:53,084 [INFO] ADCParametersView:116 -                Rank 1 : false
2024-08-21 03:26:53,084 [INFO] ADCParametersView:116 -                Rank 2 : false
2024-08-21 03:26:53,085 [INFO] ADCParametersView:116 -                Rank 3 : false
2024-08-21 03:26:53,085 [INFO] ADCParametersView:116 -                Rank 1 : false
2024-08-21 03:26:53,086 [INFO] ADCParametersView:116 -                Rank 2 : false
2024-08-21 03:26:53,086 [INFO] ADCParametersView:116 -                Rank 3 : false
2024-08-21 03:26:53,086 [INFO] ADCParametersView:116 -                Rank 1 : false
2024-08-21 03:26:53,086 [INFO] ADCParametersView:116 -                Rank 2 : false
2024-08-21 03:26:53,086 [INFO] ADCParametersView:116 -                Rank 3 : false
2024-08-21 03:26:53,086 [INFO] ADCParametersView:116 -                Rank 1 : false
2024-08-21 03:26:53,086 [INFO] ADCParametersView:116 -                Rank 2 : false
2024-08-21 03:26:53,086 [INFO] ADCParametersView:116 -                Rank 3 : false
2024-08-21 03:26:53,086 [INFO] ADCParametersView:116 -                Rank 1 : false
2024-08-21 03:26:53,086 [INFO] ADCParametersView:116 -                Rank 2 : false
2024-08-21 03:26:53,086 [INFO] ADCParametersView:116 -                Rank 3 : false
2024-08-21 03:26:53,086 [INFO] ADCParametersView:116 -                Rank 1 : false
2024-08-21 03:26:53,086 [INFO] ADCParametersView:116 -                Rank 2 : false
2024-08-21 03:26:53,086 [INFO] ADCParametersView:116 -                Rank 3 : false
2024-08-21 03:26:53,086 [INFO] ADCParametersView:116 -                Rank 2 : false
2024-08-21 03:26:53,086 [INFO] ADCParametersView:116 -                Rank 3 : false
2024-08-21 03:26:53,086 [INFO] ADCParametersView:116 -                Rank 3 : false
2024-08-21 03:26:53,130 [INFO] ADCParametersView:116 -                Rank 1 : false
2024-08-21 03:26:53,131 [INFO] ADCParametersView:116 -                Rank 1 : false
2024-08-21 03:26:53,131 [INFO] ADCParametersView:116 -                Rank 2 : false
2024-08-21 03:26:53,131 [INFO] ADCParametersView:116 -                Rank 1 : false
2024-08-21 03:26:53,131 [INFO] ADCParametersView:116 -                Rank 2 : false
2024-08-21 03:26:53,131 [INFO] ADCParametersView:116 -                Rank 3 : false
2024-08-21 03:26:59,406 [INFO] ADCParametersView:116 -                Rank 1 : true
2024-08-21 03:26:59,406 [INFO] ADCParametersView:116 -                Rank 2 : false
2024-08-21 03:26:59,406 [INFO] ADCParametersView:116 -                Rank 3 : false
2024-08-21 03:28:08,769 [INFO] NvicIntPanel:101 - NVIC parent = com.st.microxplorer.plugins.ip.nvic.MultiNvicIntPanel[,0,0,0x0,invalid,layout=javax.swing.BoxLayout,alignmentX=0.0,alignmentY=0.0,border=,flags=9,maximumSize=,minimumSize=,preferredSize=]
2024-08-21 03:28:08,863 [INFO] ADCParametersView:116 -                Rank 1 : true
2024-08-21 03:28:08,864 [INFO] ADCParametersView:116 -                Rank 2 : false
2024-08-21 03:28:08,864 [INFO] ADCParametersView:116 -                Rank 3 : false
2024-08-21 03:28:08,869 [INFO] ADCParametersView:116 -                Rank 1 : true
2024-08-21 03:28:08,869 [INFO] ADCParametersView:116 -                Rank 2 : false
2024-08-21 03:28:08,869 [INFO] ADCParametersView:116 -                Rank 3 : false
2024-08-21 03:28:08,870 [INFO] ADCParametersView:116 -                Rank 1 : true
2024-08-21 03:28:08,870 [INFO] ADCParametersView:116 -                Rank 2 : false
2024-08-21 03:28:08,870 [INFO] ADCParametersView:116 -                Rank 3 : false
2024-08-21 03:28:08,870 [INFO] ADCParametersView:116 -                Rank 1 : true
2024-08-21 03:28:08,870 [INFO] ADCParametersView:116 -                Rank 2 : false
2024-08-21 03:28:08,870 [INFO] ADCParametersView:116 -                Rank 3 : false
2024-08-21 03:28:08,870 [INFO] ADCParametersView:116 -                Rank 1 : true
2024-08-21 03:28:08,870 [INFO] ADCParametersView:116 -                Rank 2 : false
2024-08-21 03:28:08,870 [INFO] ADCParametersView:116 -                Rank 3 : false
2024-08-21 03:28:08,871 [INFO] ADCParametersView:116 -                Rank 1 : true
2024-08-21 03:28:08,871 [INFO] ADCParametersView:116 -                Rank 2 : false
2024-08-21 03:28:08,871 [INFO] ADCParametersView:116 -                Rank 3 : false
2024-08-21 03:28:08,871 [INFO] ADCParametersView:116 -                Rank 1 : true
2024-08-21 03:28:08,871 [INFO] ADCParametersView:116 -                Rank 2 : false
2024-08-21 03:28:08,871 [INFO] ADCParametersView:116 -                Rank 3 : false
2024-08-21 03:28:08,871 [INFO] ADCParametersView:116 -                Rank 1 : true
2024-08-21 03:28:08,871 [INFO] ADCParametersView:116 -                Rank 2 : false
2024-08-21 03:28:08,871 [INFO] ADCParametersView:116 -                Rank 3 : false
2024-08-21 03:28:08,871 [INFO] ADCParametersView:116 -                Rank 1 : true
2024-08-21 03:28:08,871 [INFO] ADCParametersView:116 -                Rank 2 : false
2024-08-21 03:28:08,871 [INFO] ADCParametersView:116 -                Rank 3 : false
2024-08-21 03:28:08,872 [INFO] ADCParametersView:116 -                Rank 1 : true
2024-08-21 03:28:08,872 [INFO] ADCParametersView:116 -                Rank 2 : false
2024-08-21 03:28:08,872 [INFO] ADCParametersView:116 -                Rank 3 : false
2024-08-21 03:28:08,872 [INFO] ADCParametersView:116 -                Rank 1 : true
2024-08-21 03:28:08,872 [INFO] ADCParametersView:116 -                Rank 2 : false
2024-08-21 03:28:08,872 [INFO] ADCParametersView:116 -                Rank 3 : false
2024-08-21 03:28:08,872 [INFO] ADCParametersView:116 -                Rank 1 : true
2024-08-21 03:28:08,872 [INFO] ADCParametersView:116 -                Rank 2 : false
2024-08-21 03:28:08,872 [INFO] ADCParametersView:116 -                Rank 3 : false
2024-08-21 03:28:08,872 [INFO] ADCParametersView:116 -                Rank 1 : true
2024-08-21 03:28:08,872 [INFO] ADCParametersView:116 -                Rank 2 : false
2024-08-21 03:28:08,872 [INFO] ADCParametersView:116 -                Rank 3 : false
2024-08-21 03:28:08,873 [INFO] ADCParametersView:116 -                Rank 1 : true
2024-08-21 03:28:08,873 [INFO] ADCParametersView:116 -                Rank 2 : false
2024-08-21 03:28:08,873 [INFO] ADCParametersView:116 -                Rank 3 : false
2024-08-21 03:28:08,873 [INFO] ADCParametersView:116 -                Rank 1 : true
2024-08-21 03:28:08,873 [INFO] ADCParametersView:116 -                Rank 2 : false
2024-08-21 03:28:08,873 [INFO] ADCParametersView:116 -                Rank 3 : false
2024-08-21 03:28:08,873 [INFO] ADCParametersView:116 -                Rank 1 : true
2024-08-21 03:28:08,873 [INFO] ADCParametersView:116 -                Rank 2 : false
2024-08-21 03:28:08,873 [INFO] ADCParametersView:116 -                Rank 3 : false
2024-08-21 03:28:08,873 [INFO] ADCParametersView:116 -                Rank 1 : true
2024-08-21 03:28:08,873 [INFO] ADCParametersView:116 -                Rank 2 : false
2024-08-21 03:28:08,873 [INFO] ADCParametersView:116 -                Rank 3 : false
2024-08-21 03:28:08,873 [INFO] ADCParametersView:116 -                Rank 1 : true
2024-08-21 03:28:08,873 [INFO] ADCParametersView:116 -                Rank 2 : false
2024-08-21 03:28:08,873 [INFO] ADCParametersView:116 -                Rank 3 : false
2024-08-21 03:28:08,874 [INFO] ADCParametersView:116 -                Rank 1 : true
2024-08-21 03:28:08,874 [INFO] ADCParametersView:116 -                Rank 2 : false
2024-08-21 03:28:08,874 [INFO] ADCParametersView:116 -                Rank 3 : false
2024-08-21 03:28:08,874 [INFO] ADCParametersView:116 -                Rank 2 : false
2024-08-21 03:28:08,874 [INFO] ADCParametersView:116 -                Rank 3 : false
2024-08-21 03:28:08,874 [INFO] ADCParametersView:116 -                Rank 3 : false
2024-08-21 03:28:08,930 [INFO] ADCParametersView:116 -                Rank 1 : true
2024-08-21 03:28:08,931 [INFO] ADCParametersView:116 -                Rank 1 : true
2024-08-21 03:28:08,931 [INFO] ADCParametersView:116 -                Rank 2 : false
2024-08-21 03:28:08,931 [INFO] ADCParametersView:116 -                Rank 1 : true
2024-08-21 03:28:08,931 [INFO] ADCParametersView:116 -                Rank 2 : false
2024-08-21 03:28:08,931 [INFO] ADCParametersView:116 -                Rank 3 : false
2024-08-21 06:07:52,794 [INFO] UtilMem:75 - End SaveConfig() Used Memory: 924443864 Bytes (1039138816)
2024-08-21 06:07:55,244 [INFO] UtilMem:75 - End SaveConfig() Used Memory: 724741136 Bytes (1039138816)
2024-08-21 06:07:55,738 [ERROR] LocalSettings:60 - For input string: ".88E188E1"
2024-08-21 06:08:24,760 [INFO] UtilMem:75 - End SaveConfig() Used Memory: 704202672 Bytes (1039138816)
2024-08-21 06:08:26,291 [INFO] BlockDiagram:2759 - set Specific Code input for plugin: ADC
2024-08-21 06:08:26,294 [INFO] BlockDiagram:2759 - set Specific Code input for plugin: ADC
2024-08-21 06:08:26,294 [INFO] BlockDiagram:2759 - set Specific Code input for plugin: ADC
2024-08-21 06:08:26,294 [INFO] BlockDiagram:2759 - set Specific Code input for plugin: RCC
2024-08-21 06:08:26,294 [INFO] BlockDiagram:2759 - set Specific Code input for plugin: NVIC
2024-08-21 06:08:26,295 [INFO] BlockDiagram:2759 - set Specific Code input for plugin: DMA
2024-08-21 06:08:26,295 [INFO] BlockDiagram:2759 - set Specific Code input for plugin: GPIO
2024-08-21 06:08:26,297 [INFO] CodeGenerator:793 - code generatio: config db path: /Applications/STM32CubeIDE.app/Contents/Eclipse/plugins/com.st.stm32cube.common.mx_6.8.0.202302231600//db/
2024-08-21 06:08:26,370 [INFO] Argument:319 - Argument : hdmavalue: null
2024-08-21 06:08:26,370 [INFO] Argument:321 - 	 sub Args: 
2024-08-21 06:08:26,370 [INFO] Argument:319 - Argument : Instancevalue: DMA2_Stream0
2024-08-21 06:08:26,370 [INFO] Argument:329 - Argument : Instancevalue: DMA2_Stream0
2024-08-21 06:08:26,370 [INFO] Argument:319 - Argument : Initvalue: null
2024-08-21 06:08:26,370 [INFO] Argument:321 - 	 sub Args: 
2024-08-21 06:08:26,370 [INFO] Argument:319 - Argument : Channelvalue: DMA_CHANNEL_0
2024-08-21 06:08:26,370 [INFO] Argument:329 - Argument : Channelvalue: DMA_CHANNEL_0
2024-08-21 06:08:26,370 [INFO] Argument:319 - Argument : Directionvalue: DMA_PERIPH_TO_MEMORY
2024-08-21 06:08:26,371 [INFO] Argument:329 - Argument : Directionvalue: DMA_PERIPH_TO_MEMORY
2024-08-21 06:08:26,371 [INFO] Argument:319 - Argument : PeriphIncvalue: DMA_PINC_DISABLE
2024-08-21 06:08:26,371 [INFO] Argument:329 - Argument : PeriphIncvalue: DMA_PINC_DISABLE
2024-08-21 06:08:26,371 [INFO] Argument:319 - Argument : MemIncvalue: DMA_MINC_ENABLE
2024-08-21 06:08:26,371 [INFO] Argument:329 - Argument : MemIncvalue: DMA_MINC_ENABLE
2024-08-21 06:08:26,371 [INFO] Argument:319 - Argument : PeriphDataAlignmentvalue: DMA_PDATAALIGN_HALFWORD
2024-08-21 06:08:26,371 [INFO] Argument:329 - Argument : PeriphDataAlignmentvalue: DMA_PDATAALIGN_HALFWORD
2024-08-21 06:08:26,371 [INFO] Argument:319 - Argument : MemDataAlignmentvalue: DMA_MDATAALIGN_HALFWORD
2024-08-21 06:08:26,371 [INFO] Argument:329 - Argument : MemDataAlignmentvalue: DMA_MDATAALIGN_HALFWORD
2024-08-21 06:08:26,371 [INFO] Argument:319 - Argument : Modevalue: DMA_CIRCULAR
2024-08-21 06:08:26,371 [INFO] Argument:329 - Argument : Modevalue: DMA_CIRCULAR
2024-08-21 06:08:26,371 [INFO] Argument:319 - Argument : Priorityvalue: DMA_PRIORITY_LOW
2024-08-21 06:08:26,371 [INFO] Argument:329 - Argument : Priorityvalue: DMA_PRIORITY_LOW
2024-08-21 06:08:26,371 [INFO] Argument:319 - Argument : FIFOModevalue: DMA_FIFOMODE_DISABLE
2024-08-21 06:08:26,371 [INFO] Argument:329 - Argument : FIFOModevalue: DMA_FIFOMODE_DISABLE
2024-08-21 06:08:26,371 [INFO] Argument:319 - Argument : FIFOThresholdvalue: null
2024-08-21 06:08:26,371 [INFO] Argument:329 - Argument : FIFOThresholdvalue: null
2024-08-21 06:08:26,371 [INFO] Argument:319 - Argument : MemBurstvalue: null
2024-08-21 06:08:26,371 [INFO] Argument:329 - Argument : MemBurstvalue: null
2024-08-21 06:08:26,371 [INFO] Argument:319 - Argument : PeriphBurstvalue: null
2024-08-21 06:08:26,371 [INFO] Argument:329 - Argument : PeriphBurstvalue: null
2024-08-21 06:08:26,371 [INFO] Argument:319 - Argument : Lockvalue: null
2024-08-21 06:08:26,371 [INFO] Argument:329 - Argument : Lockvalue: null
2024-08-21 06:08:26,371 [INFO] Argument:319 - Argument : Statevalue: null
2024-08-21 06:08:26,371 [INFO] Argument:329 - Argument : Statevalue: null
2024-08-21 06:08:26,371 [INFO] Argument:319 - Argument : Parentvalue: null
2024-08-21 06:08:26,371 [INFO] Argument:329 - Argument : Parentvalue: null
2024-08-21 06:08:26,371 [INFO] Argument:319 - Argument : XferCpltCallbackvalue: null
2024-08-21 06:08:26,371 [INFO] Argument:329 - Argument : XferCpltCallbackvalue: null
2024-08-21 06:08:26,371 [INFO] Argument:319 - Argument : XferHalfCpltCallbackvalue: null
2024-08-21 06:08:26,371 [INFO] Argument:329 - Argument : XferHalfCpltCallbackvalue: null
2024-08-21 06:08:26,371 [INFO] Argument:319 - Argument : XferM1CpltCallbackvalue: null
2024-08-21 06:08:26,371 [INFO] Argument:329 - Argument : XferM1CpltCallbackvalue: null
2024-08-21 06:08:26,371 [INFO] Argument:319 - Argument : XferErrorCallbackvalue: null
2024-08-21 06:08:26,371 [INFO] Argument:329 - Argument : XferErrorCallbackvalue: null
2024-08-21 06:08:26,371 [INFO] Argument:319 - Argument : ErrorCodevalue: null
2024-08-21 06:08:26,371 [INFO] Argument:329 - Argument : ErrorCodevalue: null
2024-08-21 06:08:26,714 [INFO] CodeEngine:255 - oldGeneratedFile, /Users/khadeejaabbas/STM32CubeIDE/workplace_2/MBMS/MXTmpFiles/license.tmp_save
2024-08-21 06:08:26,932 [INFO] CodeEngine:279 - Generated code: /Users/khadeejaabbas/STM32CubeIDE/workplace_2/MBMS/MXTmpFiles/license.tmp
2024-08-21 06:08:27,082 [INFO] CodeEngine:255 - oldGeneratedFile, /Users/khadeejaabbas/STM32CubeIDE/workplace_2/MBMS/MXTmpFiles/gpio.tmp_save
2024-08-21 06:08:27,407 [INFO] CodeEngine:279 - Generated code: /Users/khadeejaabbas/STM32CubeIDE/workplace_2/MBMS/MXTmpFiles/gpio.tmp
2024-08-21 06:08:27,955 [INFO] CodeEngine:255 - oldGeneratedFile, /Users/khadeejaabbas/STM32CubeIDE/workplace_2/MBMS/MXTmpFiles/dma.tmp_save
2024-08-21 06:08:28,020 [INFO] CodeEngine:279 - Generated code: /Users/khadeejaabbas/STM32CubeIDE/workplace_2/MBMS/MXTmpFiles/dma.tmp
2024-08-21 06:08:28,023 [INFO] CodeEngine:255 - oldGeneratedFile, /Users/khadeejaabbas/STM32CubeIDE/workplace_2/MBMS/MXTmpFiles/dma_GV.tmp_save
2024-08-21 06:08:28,085 [INFO] CodeEngine:279 - Generated code: /Users/khadeejaabbas/STM32CubeIDE/workplace_2/MBMS/MXTmpFiles/dma_GV.tmp
2024-08-21 06:08:28,096 [INFO] CodeEngine:255 - oldGeneratedFile, /Users/khadeejaabbas/STM32CubeIDE/workplace_2/MBMS/Core/Src/stm32f4xx_it.c_save
2024-08-21 06:08:28,265 [INFO] CodeEngine:279 - Generated code: /Users/khadeejaabbas/STM32CubeIDE/workplace_2/MBMS/Core/Src/stm32f4xx_it.c
2024-08-21 06:08:28,269 [INFO] CodeEngine:255 - oldGeneratedFile, /Users/khadeejaabbas/STM32CubeIDE/workplace_2/MBMS/Core/Inc/stm32f4xx_it.h_save
2024-08-21 06:08:28,351 [INFO] CodeEngine:279 - Generated code: /Users/khadeejaabbas/STM32CubeIDE/workplace_2/MBMS/Core/Inc/stm32f4xx_it.h
2024-08-21 06:08:28,431 [INFO] CodeEngine:255 - oldGeneratedFile, /Users/khadeejaabbas/STM32CubeIDE/workplace_2/MBMS/Core/Src/stm32f4xx_hal_msp.c_save
2024-08-21 06:08:28,607 [INFO] CodeEngine:279 - Generated code: /Users/khadeejaabbas/STM32CubeIDE/workplace_2/MBMS/Core/Src/stm32f4xx_hal_msp.c
2024-08-21 06:08:28,612 [INFO] CodeEngine:255 - oldGeneratedFile, /Users/khadeejaabbas/STM32CubeIDE/workplace_2/MBMS/MXTmpFiles/system.tmp_save
2024-08-21 06:08:29,139 [INFO] CodeEngine:279 - Generated code: /Users/khadeejaabbas/STM32CubeIDE/workplace_2/MBMS/MXTmpFiles/system.tmp
2024-08-21 06:08:29,193 [INFO] CodeEngine:311 - oldGeneratedFile, /Users/khadeejaabbas/STM32CubeIDE/workplace_2/MBMS/Core/Inc/stm32f4xx_hal_conf.h_save
2024-08-21 06:08:29,301 [INFO] CodeEngine:335 - Generated code: /Users/khadeejaabbas/STM32CubeIDE/workplace_2/MBMS/Core/Inc/stm32f4xx_hal_conf.h
2024-08-21 06:08:29,565 [INFO] CodeEngine:255 - oldGeneratedFile, /Users/khadeejaabbas/STM32CubeIDE/workplace_2/MBMS/Core/Inc/main.h_save
2024-08-21 06:08:29,690 [INFO] CodeEngine:279 - Generated code: /Users/khadeejaabbas/STM32CubeIDE/workplace_2/MBMS/Core/Inc/main.h
2024-08-21 06:08:29,696 [INFO] CodeEngine:255 - oldGeneratedFile, /Users/khadeejaabbas/STM32CubeIDE/workplace_2/MBMS/Core/Src/main.c_save
2024-08-21 06:08:29,844 [INFO] CodeEngine:279 - Generated code: /Users/khadeejaabbas/STM32CubeIDE/workplace_2/MBMS/Core/Src/main.c
2024-08-21 06:08:30,747 [INFO] ProjectBuilder:2996 - Time for Copy HAL[1] : 176mS.
2024-08-21 06:08:30,754 [INFO] ProjectBuilder:4304 - Project Generator version: 3.19.2
2024-08-21 06:08:31,312 [INFO] ConfigFileManager:1483 - The Die is : DIE413
2024-08-21 06:08:31,400 [INFO] ApiDbMcu:507 - Load IP Config File for FATFS
2024-08-21 06:08:31,769 [INFO] ApiDbMcu:507 - Load IP Config File for FREERTOS
2024-08-21 06:08:31,823 [INFO] ApiDbMcu:507 - Load IP Config File for LIBJPEG
2024-08-21 06:08:32,845 [INFO] ApiDbMcu:507 - Load IP Config File for LWIP
2024-08-21 06:08:33,492 [INFO] ApiDbMcu:507 - Load IP Config File for MBEDTLS
2024-08-21 06:08:34,095 [INFO] ApiDbMcu:507 - Load IP Config File for USB_DEVICE
2024-08-21 06:08:34,218 [INFO] ApiDbMcu:507 - Load IP Config File for USB_HOST
2024-08-21 06:08:47,329 [INFO] ProjectBuilder:4505 - Time for Generating toolchain IDE Files: 16562mS.
2024-08-21 06:08:47,340 [INFO] ProjectBuilder:2867 - Time for Copy CMSIS : 1mS.
2024-08-21 06:08:47,344 [INFO] ProjectBuilder:2867 - Time for Copy CMSIS : 0mS.
